[ 2016-06-17T09:46:56+08:00 ] 127.0.0.1 /ck_thinkphp/
INFO: [ app_init ] --START--
INFO: Run Behavior\BuildLiteBehavior [ RunTime:0.000000s ]
INFO: [ app_init ] --END-- [ RunTime:0.001000s ]

[ 2016-06-17T09:46:56+08:00 ] 127.0.0.1 /ck_thinkphp/Public/static/miniui/docs/core.js
INFO: [ app_init ] --START--
INFO: Run Behavior\BuildLiteBehavior [ RunTime:0.000000s ]
INFO: [ app_init ] --END-- [ RunTime:0.001000s ]
ERR: 非法操作:static

[ 2016-06-17T09:46:57+08:00 ] 127.0.0.1 /ck_thinkphp/index.php/Index/versioninfo.html
INFO: [ app_init ] --START--
INFO: Run Behavior\BuildLiteBehavior [ RunTime:0.000000s ]
INFO: [ app_init ] --END-- [ RunTime:0.001001s ]

[ 2016-06-17T10:41:28+08:00 ] 127.0.0.1 /ck_thinkphp/
INFO: [ app_init ] --START--
INFO: Run Behavior\BuildLiteBehavior [ RunTime:0.000000s ]
INFO: [ app_init ] --END-- [ RunTime:0.002000s ]

[ 2016-06-17T10:41:28+08:00 ] 127.0.0.1 /ck_thinkphp/Public/static/miniui/docs/core.js
INFO: [ app_init ] --START--
INFO: Run Behavior\BuildLiteBehavior [ RunTime:0.000000s ]
INFO: [ app_init ] --END-- [ RunTime:0.001000s ]
ERR: 非法操作:static

[ 2016-06-17T10:41:28+08:00 ] 127.0.0.1 /ck_thinkphp/Public/static/miniui/docs/core.js
INFO: [ app_init ] --START--
INFO: Run Behavior\BuildLiteBehavior [ RunTime:0.000000s ]
INFO: [ app_init ] --END-- [ RunTime:0.000000s ]
ERR: 非法操作:static

[ 2016-06-17T10:41:29+08:00 ] 127.0.0.1 /ck_thinkphp/index.php/Index/versioninfo.html
INFO: [ app_init ] --START--
INFO: Run Behavior\BuildLiteBehavior [ RunTime:0.000000s ]
INFO: [ app_init ] --END-- [ RunTime:0.001000s ]

[ 2016-06-17T10:41:33+08:00 ] 127.0.0.1 /ck_thinkphp/index.php/Index/codeigniter_3.html
INFO: [ app_init ] --START--
INFO: Run Behavior\BuildLiteBehavior [ RunTime:0.000000s ]
INFO: [ app_init ] --END-- [ RunTime:0.001001s ]

[ 2016-06-17T10:54:26+08:00 ] 127.0.0.1 /ck_thinkphp/
INFO: [ app_init ] --START--
INFO: Run Behavior\BuildLiteBehavior [ RunTime:0.000000s ]
INFO: [ app_init ] --END-- [ RunTime:0.001000s ]

[ 2016-06-17T10:54:26+08:00 ] 127.0.0.1 /ck_thinkphp/Public/static/miniui/docs/core.js
INFO: [ app_init ] --START--
INFO: Run Behavior\BuildLiteBehavior [ RunTime:0.000000s ]
INFO: [ app_init ] --END-- [ RunTime:0.001000s ]
ERR: 非法操作:static

[ 2016-06-17T10:54:26+08:00 ] 127.0.0.1 /ck_thinkphp/index.php/Index/versioninfo.html
INFO: [ app_init ] --START--
INFO: Run Behavior\BuildLiteBehavior [ RunTime:0.000000s ]
INFO: [ app_init ] --END-- [ RunTime:0.001000s ]

[ 2016-06-17T10:54:26+08:00 ] 127.0.0.1 /ck_thinkphp/index.php/Index/versioninfo.html
INFO: [ app_init ] --START--
INFO: Run Behavior\BuildLiteBehavior [ RunTime:0.000000s ]
INFO: [ app_init ] --END-- [ RunTime:0.000000s ]

[ 2016-06-17T10:54:29+08:00 ] 127.0.0.1 /ck_thinkphp/index.php/Index/codeigniter_1.html
INFO: [ app_init ] --START--
INFO: Run Behavior\BuildLiteBehavior [ RunTime:0.000000s ]
INFO: [ app_init ] --END-- [ RunTime:0.001000s ]

[ 2016-06-17T10:54:30+08:00 ] 127.0.0.1 /ck_thinkphp/index.php/Index/codeigniter_2.html
INFO: [ app_init ] --START--
INFO: Run Behavior\BuildLiteBehavior [ RunTime:0.001000s ]
INFO: [ app_init ] --END-- [ RunTime:0.001000s ]

[ 2016-06-17T10:54:32+08:00 ] 127.0.0.1 /ck_thinkphp/index.php/Index/codeigniter_3.html
INFO: [ app_init ] --START--
INFO: Run Behavior\BuildLiteBehavior [ RunTime:0.000000s ]
INFO: [ app_init ] --END-- [ RunTime:0.001000s ]

[ 2016-06-17T22:26:51+08:00 ] 127.0.0.1 /ck_thinkphp/
INFO: [ app_init ] --START--
INFO: Run Behavior\BuildLiteBehavior [ RunTime:0.000000s ]
INFO: [ app_init ] --END-- [ RunTime:0.023001s ]

[ 2016-06-17T22:26:53+08:00 ] 127.0.0.1 /ck_thinkphp/index.php/Index/versioninfo.html
INFO: [ app_init ] --START--
INFO: Run Behavior\BuildLiteBehavior [ RunTime:0.000000s ]
INFO: [ app_init ] --END-- [ RunTime:0.001000s ]

