[ 2016-06-20T10:59:07+08:00 ] 127.0.0.1 /ck_thinkphp/
INFO: [ app_init ] --START--
INFO: Run Behavior\BuildLiteBehavior [ RunTime:0.000000s ]
INFO: [ app_init ] --END-- [ RunTime:0.001000s ]

[ 2016-06-20T10:59:07+08:00 ] 127.0.0.1 /ck_thinkphp/Public/static/miniui/docs/core.js
INFO: [ app_init ] --START--
INFO: Run Behavior\BuildLiteBehavior [ RunTime:0.000000s ]
INFO: [ app_init ] --END-- [ RunTime:0.001000s ]
ERR: 非法操作:static

[ 2016-06-20T10:59:08+08:00 ] 127.0.0.1 /ck_thinkphp/index.php/Index/versioninfo.html
INFO: [ app_init ] --START--
INFO: Run Behavior\BuildLiteBehavior [ RunTime:0.000000s ]
INFO: [ app_init ] --END-- [ RunTime:0.000000s ]

[ 2016-06-20T17:15:28+08:00 ] 127.0.0.1 /ck_thinkphp/
INFO: [ app_init ] --START--
INFO: Run Behavior\BuildLiteBehavior [ RunTime:0.000000s ]
INFO: [ app_init ] --END-- [ RunTime:0.001000s ]

[ 2016-06-20T17:15:28+08:00 ] 127.0.0.1 /ck_thinkphp/Public/static/miniui/docs/core.js
INFO: [ app_init ] --START--
INFO: Run Behavior\BuildLiteBehavior [ RunTime:0.000000s ]
INFO: [ app_init ] --END-- [ RunTime:0.001000s ]
ERR: 非法操作:static

[ 2016-06-20T17:15:29+08:00 ] 127.0.0.1 /ck_thinkphp/Public/static/miniui/docs/core.js
INFO: [ app_init ] --START--
INFO: Run Behavior\BuildLiteBehavior [ RunTime:0.000000s ]
INFO: [ app_init ] --END-- [ RunTime:0.000000s ]
ERR: 非法操作:static

[ 2016-06-20T17:15:30+08:00 ] 127.0.0.1 /ck_thinkphp/index.php/Index/versioninfo.html
INFO: [ app_init ] --START--
INFO: Run Behavior\BuildLiteBehavior [ RunTime:0.000000s ]
INFO: [ app_init ] --END-- [ RunTime:0.000000s ]

[ 2016-06-20T17:15:43+08:00 ] 127.0.0.1 /ck_thinkphp/index.php/Index/thinkphp_4.html
INFO: [ app_init ] --START--
INFO: Run Behavior\BuildLiteBehavior [ RunTime:0.000000s ]
INFO: [ app_init ] --END-- [ RunTime:0.001000s ]

[ 2016-06-20T17:15:44+08:00 ] 127.0.0.1 /ck_thinkphp/index.php/Index/thinkphp_3.html
INFO: [ app_init ] --START--
INFO: Run Behavior\BuildLiteBehavior [ RunTime:0.000000s ]
INFO: [ app_init ] --END-- [ RunTime:0.001000s ]

[ 2016-06-20T17:16:01+08:00 ] 127.0.0.1 /ck_thinkphp/index.php/Index/codeigniter_3.html
INFO: [ app_init ] --START--
INFO: Run Behavior\BuildLiteBehavior [ RunTime:0.000000s ]
INFO: [ app_init ] --END-- [ RunTime:0.001000s ]

[ 2016-06-20T17:26:19+08:00 ] 127.0.0.1 /ck_thinkphp/Public/static/jquery.min.map
INFO: [ app_init ] --START--
INFO: Run Behavior\BuildLiteBehavior [ RunTime:0.000000s ]
INFO: [ app_init ] --END-- [ RunTime:0.001000s ]
ERR: 非法操作:static

[ 2016-06-20T17:26:30+08:00 ] 127.0.0.1 /ck_thinkphp/Public/static/jquery.min.map
INFO: [ app_init ] --START--
INFO: Run Behavior\BuildLiteBehavior [ RunTime:0.000000s ]
INFO: [ app_init ] --END-- [ RunTime:0.000000s ]
ERR: 非法操作:static

[ 2016-06-20T17:26:34+08:00 ] 127.0.0.1 /ck_thinkphp/Public/static/jquery.min.map
INFO: [ app_init ] --START--
INFO: Run Behavior\BuildLiteBehavior [ RunTime:0.000000s ]
INFO: [ app_init ] --END-- [ RunTime:0.000000s ]
ERR: 非法操作:static

[ 2016-06-20T17:32:57+08:00 ] 127.0.0.1 /ck_thinkphp/Public/static/jquery.min.map
INFO: [ app_init ] --START--
INFO: Run Behavior\BuildLiteBehavior [ RunTime:0.000000s ]
INFO: [ app_init ] --END-- [ RunTime:0.001000s ]
ERR: 非法操作:static

[ 2016-06-20T17:33:01+08:00 ] 127.0.0.1 /ck_thinkphp/Public/static/jquery.min.map
INFO: [ app_init ] --START--
INFO: Run Behavior\BuildLiteBehavior [ RunTime:0.000000s ]
INFO: [ app_init ] --END-- [ RunTime:0.000000s ]
ERR: 非法操作:static

[ 2016-06-20T17:33:14+08:00 ] 127.0.0.1 /ck_thinkphp/Public/static/jquery.min.map
INFO: [ app_init ] --START--
INFO: Run Behavior\BuildLiteBehavior [ RunTime:0.000000s ]
INFO: [ app_init ] --END-- [ RunTime:0.001000s ]
ERR: 非法操作:static

[ 2016-06-20T17:33:46+08:00 ] 127.0.0.1 /ck_thinkphp/Public/static/jquery.min.map
INFO: [ app_init ] --START--
INFO: Run Behavior\BuildLiteBehavior [ RunTime:0.000000s ]
INFO: [ app_init ] --END-- [ RunTime:0.001000s ]
ERR: 非法操作:static

[ 2016-06-20T17:47:36+08:00 ] 127.0.0.1 /ck_thinkphp/Public/static/jquery.min.map
INFO: [ app_init ] --START--
INFO: Run Behavior\BuildLiteBehavior [ RunTime:0.000000s ]
INFO: [ app_init ] --END-- [ RunTime:0.001000s ]
ERR: 非法操作:static

[ 2016-06-20T17:47:45+08:00 ] 127.0.0.1 /ck_thinkphp/Public/static/jquery.min.map
INFO: [ app_init ] --START--
INFO: Run Behavior\BuildLiteBehavior [ RunTime:0.000000s ]
INFO: [ app_init ] --END-- [ RunTime:0.001000s ]
ERR: 非法操作:static

[ 2016-06-20T17:47:45+08:00 ] 127.0.0.1 /ck_thinkphp/Public/static/jquery.min.map
INFO: [ app_init ] --START--
INFO: Run Behavior\BuildLiteBehavior [ RunTime:0.000000s ]
INFO: [ app_init ] --END-- [ RunTime:0.001000s ]
ERR: 非法操作:static

[ 2016-06-20T17:47:46+08:00 ] 127.0.0.1 /ck_thinkphp/Public/static/jquery.min.map
INFO: [ app_init ] --START--
INFO: Run Behavior\BuildLiteBehavior [ RunTime:0.000000s ]
INFO: [ app_init ] --END-- [ RunTime:0.003001s ]
ERR: 非法操作:static

[ 2016-06-20T17:47:49+08:00 ] 127.0.0.1 /ck_thinkphp/Public/static/jquery.min.map
INFO: [ app_init ] --START--
INFO: Run Behavior\BuildLiteBehavior [ RunTime:0.000000s ]
INFO: [ app_init ] --END-- [ RunTime:0.000000s ]
ERR: 非法操作:static

[ 2016-06-20T17:48:48+08:00 ] 127.0.0.1 /ck_thinkphp/Public/static/jquery.min.map
INFO: [ app_init ] --START--
INFO: Run Behavior\BuildLiteBehavior [ RunTime:0.000000s ]
INFO: [ app_init ] --END-- [ RunTime:0.001000s ]
ERR: 非法操作:static

[ 2016-06-20T17:48:52+08:00 ] 127.0.0.1 /ck_thinkphp/Public/static/jquery.min.map
INFO: [ app_init ] --START--
INFO: Run Behavior\BuildLiteBehavior [ RunTime:0.000000s ]
INFO: [ app_init ] --END-- [ RunTime:0.001001s ]
ERR: 非法操作:static

[ 2016-06-20T17:50:59+08:00 ] 127.0.0.1 /ck_thinkphp/Public/static/jquery.min.map
INFO: [ app_init ] --START--
INFO: Run Behavior\BuildLiteBehavior [ RunTime:0.000000s ]
INFO: [ app_init ] --END-- [ RunTime:0.001000s ]
ERR: 非法操作:static

[ 2016-06-20T17:52:03+08:00 ] 127.0.0.1 /ck_thinkphp/Public/static/jquery.min.map
INFO: [ app_init ] --START--
INFO: Run Behavior\BuildLiteBehavior [ RunTime:0.000000s ]
INFO: [ app_init ] --END-- [ RunTime:0.001000s ]
ERR: 非法操作:static

[ 2016-06-20T17:52:17+08:00 ] 127.0.0.1 /ck_thinkphp/Public/static/jquery.min.map
INFO: [ app_init ] --START--
INFO: Run Behavior\BuildLiteBehavior [ RunTime:0.000000s ]
INFO: [ app_init ] --END-- [ RunTime:0.001000s ]
ERR: 非法操作:static

[ 2016-06-20T17:52:19+08:00 ] 127.0.0.1 /ck_thinkphp/Public/static/jquery.min.map
INFO: [ app_init ] --START--
INFO: Run Behavior\BuildLiteBehavior [ RunTime:0.000000s ]
INFO: [ app_init ] --END-- [ RunTime:0.001000s ]
ERR: 非法操作:static

[ 2016-06-20T17:52:20+08:00 ] 127.0.0.1 /ck_thinkphp/Public/static/jquery.min.map
INFO: [ app_init ] --START--
INFO: Run Behavior\BuildLiteBehavior [ RunTime:0.000000s ]
INFO: [ app_init ] --END-- [ RunTime:0.001000s ]
ERR: 非法操作:static

[ 2016-06-20T17:52:23+08:00 ] 127.0.0.1 /ck_thinkphp/Public/static/jquery.min.map
INFO: [ app_init ] --START--
INFO: Run Behavior\BuildLiteBehavior [ RunTime:0.000000s ]
INFO: [ app_init ] --END-- [ RunTime:0.001000s ]
ERR: 非法操作:static

[ 2016-06-20T17:52:26+08:00 ] 127.0.0.1 /ck_thinkphp/Public/static/jquery.min.map
INFO: [ app_init ] --START--
INFO: Run Behavior\BuildLiteBehavior [ RunTime:0.000000s ]
INFO: [ app_init ] --END-- [ RunTime:0.001000s ]
ERR: 非法操作:static

[ 2016-06-20T17:52:28+08:00 ] 127.0.0.1 /ck_thinkphp/Public/static/jquery.min.map
INFO: [ app_init ] --START--
INFO: Run Behavior\BuildLiteBehavior [ RunTime:0.000000s ]
INFO: [ app_init ] --END-- [ RunTime:0.001001s ]
ERR: 非法操作:static

[ 2016-06-20T17:52:34+08:00 ] 127.0.0.1 /ck_thinkphp/Public/static/jquery.min.map
INFO: [ app_init ] --START--
INFO: Run Behavior\BuildLiteBehavior [ RunTime:0.000000s ]
INFO: [ app_init ] --END-- [ RunTime:0.001000s ]
ERR: 非法操作:static

[ 2016-06-20T17:53:04+08:00 ] 127.0.0.1 /ck_thinkphp/Public/static/jquery.min.map
INFO: [ app_init ] --START--
INFO: Run Behavior\BuildLiteBehavior [ RunTime:0.000000s ]
INFO: [ app_init ] --END-- [ RunTime:0.001000s ]
ERR: 非法操作:static

[ 2016-06-20T18:00:13+08:00 ] 127.0.0.1 /ck_thinkphp/Public/static/jquery.min.map
INFO: [ app_init ] --START--
INFO: Run Behavior\BuildLiteBehavior [ RunTime:0.000000s ]
INFO: [ app_init ] --END-- [ RunTime:0.001000s ]
ERR: 非法操作:static

[ 2016-06-20T18:00:17+08:00 ] 127.0.0.1 /ck_thinkphp/Public/static/jquery.min.map
INFO: [ app_init ] --START--
INFO: Run Behavior\BuildLiteBehavior [ RunTime:0.000000s ]
INFO: [ app_init ] --END-- [ RunTime:0.001000s ]
ERR: 非法操作:static

[ 2016-06-20T18:00:19+08:00 ] 127.0.0.1 /ck_thinkphp/Public/static/jquery.min.map
INFO: [ app_init ] --START--
INFO: Run Behavior\BuildLiteBehavior [ RunTime:0.000000s ]
INFO: [ app_init ] --END-- [ RunTime:0.000000s ]
ERR: 非法操作:static

[ 2016-06-20T18:00:23+08:00 ] 127.0.0.1 /ck_thinkphp/Public/static/jquery.min.map
INFO: [ app_init ] --START--
INFO: Run Behavior\BuildLiteBehavior [ RunTime:0.000000s ]
INFO: [ app_init ] --END-- [ RunTime:0.001000s ]
ERR: 非法操作:static

[ 2016-06-20T18:00:49+08:00 ] 127.0.0.1 /ck_thinkphp/Public/static/jquery.min.map
INFO: [ app_init ] --START--
INFO: Run Behavior\BuildLiteBehavior [ RunTime:0.000000s ]
INFO: [ app_init ] --END-- [ RunTime:0.001000s ]
ERR: 非法操作:static

[ 2016-06-20T18:03:10+08:00 ] 127.0.0.1 /ck_thinkphp/Public/static/jquery.min.map
INFO: [ app_init ] --START--
INFO: Run Behavior\BuildLiteBehavior [ RunTime:0.000000s ]
INFO: [ app_init ] --END-- [ RunTime:0.001000s ]
ERR: 非法操作:static

[ 2016-06-20T18:09:08+08:00 ] 127.0.0.1 /ck_thinkphp/Public/static/jquery.min.map
INFO: [ app_init ] --START--
INFO: Run Behavior\BuildLiteBehavior [ RunTime:0.000000s ]
INFO: [ app_init ] --END-- [ RunTime:0.001001s ]
ERR: 非法操作:static

[ 2016-06-20T18:09:24+08:00 ] 127.0.0.1 /ck_thinkphp/Public/static/jquery.min.map
INFO: [ app_init ] --START--
INFO: Run Behavior\BuildLiteBehavior [ RunTime:0.001001s ]
INFO: [ app_init ] --END-- [ RunTime:0.002001s ]
ERR: 非法操作:static

[ 2016-06-20T18:09:26+08:00 ] 127.0.0.1 /ck_thinkphp/Public/static/jquery.min.map
INFO: [ app_init ] --START--
INFO: Run Behavior\BuildLiteBehavior [ RunTime:0.000000s ]
INFO: [ app_init ] --END-- [ RunTime:0.001000s ]
ERR: 非法操作:static

[ 2016-06-20T18:12:56+08:00 ] 127.0.0.1 /ck_thinkphp/Public/static/jquery.min.map
INFO: [ app_init ] --START--
INFO: Run Behavior\BuildLiteBehavior [ RunTime:0.000000s ]
INFO: [ app_init ] --END-- [ RunTime:0.000000s ]
ERR: 非法操作:static

[ 2016-06-20T18:13:02+08:00 ] 127.0.0.1 /ck_thinkphp/Public/static/jquery.min.map
INFO: [ app_init ] --START--
INFO: Run Behavior\BuildLiteBehavior [ RunTime:0.000000s ]
INFO: [ app_init ] --END-- [ RunTime:0.001000s ]
ERR: 非法操作:static

[ 2016-06-20T18:13:10+08:00 ] 127.0.0.1 /ck_thinkphp/Public/static/jquery.min.map
INFO: [ app_init ] --START--
INFO: Run Behavior\BuildLiteBehavior [ RunTime:0.000000s ]
INFO: [ app_init ] --END-- [ RunTime:0.000000s ]
ERR: 非法操作:static

[ 2016-06-20T18:13:18+08:00 ] 127.0.0.1 /ck_thinkphp/Public/static/jquery.min.map
INFO: [ app_init ] --START--
INFO: Run Behavior\BuildLiteBehavior [ RunTime:0.000000s ]
INFO: [ app_init ] --END-- [ RunTime:0.001000s ]
ERR: 非法操作:static

[ 2016-06-20T18:13:21+08:00 ] 127.0.0.1 /ck_thinkphp/Public/static/jquery.min.map
INFO: [ app_init ] --START--
INFO: Run Behavior\BuildLiteBehavior [ RunTime:0.000000s ]
INFO: [ app_init ] --END-- [ RunTime:0.001000s ]
ERR: 非法操作:static

[ 2016-06-20T18:13:22+08:00 ] 127.0.0.1 /ck_thinkphp/Public/static/jquery.min.map
INFO: [ app_init ] --START--
INFO: Run Behavior\BuildLiteBehavior [ RunTime:0.000000s ]
INFO: [ app_init ] --END-- [ RunTime:0.001000s ]
ERR: 非法操作:static

[ 2016-06-20T18:14:59+08:00 ] 127.0.0.1 /ck_thinkphp/Public/static/jquery.min.map
INFO: [ app_init ] --START--
INFO: Run Behavior\BuildLiteBehavior [ RunTime:0.000000s ]
INFO: [ app_init ] --END-- [ RunTime:0.001000s ]
ERR: 非法操作:static

[ 2016-06-20T18:15:01+08:00 ] 127.0.0.1 /ck_thinkphp/Public/static/jquery.min.map
INFO: [ app_init ] --START--
INFO: Run Behavior\BuildLiteBehavior [ RunTime:0.000000s ]
INFO: [ app_init ] --END-- [ RunTime:0.001000s ]
ERR: 非法操作:static

[ 2016-06-20T18:15:03+08:00 ] 127.0.0.1 /ck_thinkphp/Public/static/jquery.min.map
INFO: [ app_init ] --START--
INFO: Run Behavior\BuildLiteBehavior [ RunTime:0.000000s ]
INFO: [ app_init ] --END-- [ RunTime:0.001000s ]
ERR: 非法操作:static

[ 2016-06-20T18:17:41+08:00 ] 127.0.0.1 /ck_thinkphp/Public/static/jquery.min.map
INFO: [ app_init ] --START--
INFO: Run Behavior\BuildLiteBehavior [ RunTime:0.000000s ]
INFO: [ app_init ] --END-- [ RunTime:0.001000s ]
ERR: 非法操作:static

[ 2016-06-20T18:20:50+08:00 ] 127.0.0.1 /ck_thinkphp/Public/static/jquery.min.map
INFO: [ app_init ] --START--
INFO: Run Behavior\BuildLiteBehavior [ RunTime:0.000000s ]
INFO: [ app_init ] --END-- [ RunTime:0.001000s ]
ERR: 非法操作:static

[ 2016-06-20T18:20:52+08:00 ] 127.0.0.1 /ck_thinkphp/Public/static/jquery.min.map
INFO: [ app_init ] --START--
INFO: Run Behavior\BuildLiteBehavior [ RunTime:0.000000s ]
INFO: [ app_init ] --END-- [ RunTime:0.000000s ]
ERR: 非法操作:static

[ 2016-06-20T18:20:58+08:00 ] 127.0.0.1 /ck_thinkphp/Public/static/jquery.min.map
INFO: [ app_init ] --START--
INFO: Run Behavior\BuildLiteBehavior [ RunTime:0.000000s ]
INFO: [ app_init ] --END-- [ RunTime:0.001000s ]
ERR: 非法操作:static

