[ 2016-06-16T12:23:44+08:00 ] 127.0.0.1 /ck_thinkphp/Public/static/jquery.min.map
INFO: [ app_init ] --START--
INFO: Run Behavior\BuildLiteBehavior [ RunTime:0.000000s ]
INFO: [ app_init ] --END-- [ RunTime:0.001000s ]
ERR: 非法操作:static

[ 2016-06-16T12:25:16+08:00 ] 127.0.0.1 /ck_thinkphp/Public/static/jquery.min.map
INFO: [ app_init ] --START--
INFO: Run Behavior\BuildLiteBehavior [ RunTime:0.000000s ]
INFO: [ app_init ] --END-- [ RunTime:0.001000s ]
ERR: 非法操作:static

[ 2016-06-16T12:25:19+08:00 ] 127.0.0.1 /ck_thinkphp/Public/static/jquery.min.map
INFO: [ app_init ] --START--
INFO: Run Behavior\BuildLiteBehavior [ RunTime:0.000000s ]
INFO: [ app_init ] --END-- [ RunTime:0.001000s ]
ERR: 非法操作:static

[ 2016-06-16T12:25:20+08:00 ] 127.0.0.1 /ck_thinkphp/Public/static/jquery.min.map
INFO: [ app_init ] --START--
INFO: Run Behavior\BuildLiteBehavior [ RunTime:0.000000s ]
INFO: [ app_init ] --END-- [ RunTime:0.000000s ]
ERR: 非法操作:static

[ 2016-06-16T12:25:22+08:00 ] 127.0.0.1 /ck_thinkphp/Public/static/jquery.min.map
INFO: [ app_init ] --START--
INFO: Run Behavior\BuildLiteBehavior [ RunTime:0.000000s ]
INFO: [ app_init ] --END-- [ RunTime:0.000000s ]
ERR: 非法操作:static

[ 2016-06-16T12:25:23+08:00 ] 127.0.0.1 /ck_thinkphp/Public/static/jquery.min.map
INFO: [ app_init ] --START--
INFO: Run Behavior\BuildLiteBehavior [ RunTime:0.000000s ]
INFO: [ app_init ] --END-- [ RunTime:0.001000s ]
ERR: 非法操作:static

[ 2016-06-16T12:25:26+08:00 ] 127.0.0.1 /ck_thinkphp/Public/static/jquery.min.map
INFO: [ app_init ] --START--
INFO: Run Behavior\BuildLiteBehavior [ RunTime:0.000000s ]
INFO: [ app_init ] --END-- [ RunTime:0.001000s ]
ERR: 非法操作:static

[ 2016-06-16T12:25:30+08:00 ] 127.0.0.1 /ck_thinkphp/Public/static/jquery.min.map
INFO: [ app_init ] --START--
INFO: Run Behavior\BuildLiteBehavior [ RunTime:0.000000s ]
INFO: [ app_init ] --END-- [ RunTime:0.000000s ]
ERR: 非法操作:static

[ 2016-06-16T12:25:31+08:00 ] 127.0.0.1 /ck_thinkphp/Public/static/jquery.min.map
INFO: [ app_init ] --START--
INFO: Run Behavior\BuildLiteBehavior [ RunTime:0.000000s ]
INFO: [ app_init ] --END-- [ RunTime:0.000000s ]
ERR: 非法操作:static

[ 2016-06-16T12:25:34+08:00 ] 127.0.0.1 /ck_thinkphp/Public/static/jquery.min.map
INFO: [ app_init ] --START--
INFO: Run Behavior\BuildLiteBehavior [ RunTime:0.000000s ]
INFO: [ app_init ] --END-- [ RunTime:0.000000s ]
ERR: 非法操作:static

[ 2016-06-16T12:25:36+08:00 ] 127.0.0.1 /ck_thinkphp/Public/static/jquery.min.map
INFO: [ app_init ] --START--
INFO: Run Behavior\BuildLiteBehavior [ RunTime:0.000000s ]
INFO: [ app_init ] --END-- [ RunTime:0.000000s ]
ERR: 非法操作:static

[ 2016-06-16T12:25:38+08:00 ] 127.0.0.1 /ck_thinkphp/Public/static/jquery.min.map
INFO: [ app_init ] --START--
INFO: Run Behavior\BuildLiteBehavior [ RunTime:0.000000s ]
INFO: [ app_init ] --END-- [ RunTime:0.001000s ]
ERR: 非法操作:static

[ 2016-06-16T15:54:33+08:00 ] 127.0.0.1 /ck_thinkphp/Public/static/jquery.min.map
INFO: [ app_init ] --START--
INFO: Run Behavior\BuildLiteBehavior [ RunTime:0.000000s ]
INFO: [ app_init ] --END-- [ RunTime:0.002000s ]
ERR: 非法操作:static

[ 2016-06-16T15:54:35+08:00 ] 127.0.0.1 /ck_thinkphp/Public/static/jquery.min.map
INFO: [ app_init ] --START--
INFO: Run Behavior\BuildLiteBehavior [ RunTime:0.000000s ]
INFO: [ app_init ] --END-- [ RunTime:0.001000s ]
ERR: 非法操作:static

[ 2016-06-16T15:57:07+08:00 ] 127.0.0.1 /ck_thinkphp/Public/static/jquery.min.map
INFO: [ app_init ] --START--
INFO: Run Behavior\BuildLiteBehavior [ RunTime:0.000000s ]
INFO: [ app_init ] --END-- [ RunTime:0.000000s ]
ERR: 非法操作:static

[ 2016-06-16T15:59:23+08:00 ] 127.0.0.1 /ck_thinkphp/Public/static/jquery.min.map
INFO: [ app_init ] --START--
INFO: Run Behavior\BuildLiteBehavior [ RunTime:0.000000s ]
INFO: [ app_init ] --END-- [ RunTime:0.000000s ]
ERR: 非法操作:static

[ 2016-06-16T16:03:15+08:00 ] 127.0.0.1 /ck_thinkphp/Public/static/jquery.min.map
INFO: [ app_init ] --START--
INFO: Run Behavior\BuildLiteBehavior [ RunTime:0.000000s ]
INFO: [ app_init ] --END-- [ RunTime:0.001000s ]
ERR: 非法操作:static

[ 2016-06-16T16:04:17+08:00 ] 127.0.0.1 /ck_thinkphp/Public/static/jquery.min.map
INFO: [ app_init ] --START--
INFO: Run Behavior\BuildLiteBehavior [ RunTime:0.000000s ]
INFO: [ app_init ] --END-- [ RunTime:0.001000s ]
ERR: 非法操作:static

[ 2016-06-16T16:05:11+08:00 ] 127.0.0.1 /ck_thinkphp/Public/static/jquery.min.map
INFO: [ app_init ] --START--
INFO: Run Behavior\BuildLiteBehavior [ RunTime:0.000000s ]
INFO: [ app_init ] --END-- [ RunTime:0.000000s ]
ERR: 非法操作:static

[ 2016-06-16T16:05:13+08:00 ] 127.0.0.1 /ck_thinkphp/Public/static/jquery.min.map
INFO: [ app_init ] --START--
INFO: Run Behavior\BuildLiteBehavior [ RunTime:0.000000s ]
INFO: [ app_init ] --END-- [ RunTime:0.000000s ]
ERR: 非法操作:static

[ 2016-06-16T16:05:26+08:00 ] 127.0.0.1 /ck_thinkphp/Public/static/jquery.min.map
INFO: [ app_init ] --START--
INFO: Run Behavior\BuildLiteBehavior [ RunTime:0.000000s ]
INFO: [ app_init ] --END-- [ RunTime:0.001000s ]
ERR: 非法操作:static

[ 2016-06-16T16:05:44+08:00 ] 127.0.0.1 /ck_thinkphp/Public/static/jquery.min.map
INFO: [ app_init ] --START--
INFO: Run Behavior\BuildLiteBehavior [ RunTime:0.000000s ]
INFO: [ app_init ] --END-- [ RunTime:0.000000s ]
ERR: 非法操作:static

[ 2016-06-16T16:06:40+08:00 ] 127.0.0.1 /ck_thinkphp/Public/static/jquery.min.map
INFO: [ app_init ] --START--
INFO: Run Behavior\BuildLiteBehavior [ RunTime:0.000000s ]
INFO: [ app_init ] --END-- [ RunTime:0.000000s ]
ERR: 非法操作:static

[ 2016-06-16T16:06:49+08:00 ] 127.0.0.1 /ck_thinkphp/Public/static/jquery.min.map
INFO: [ app_init ] --START--
INFO: Run Behavior\BuildLiteBehavior [ RunTime:0.000000s ]
INFO: [ app_init ] --END-- [ RunTime:0.000000s ]
ERR: 非法操作:static

[ 2016-06-16T16:11:33+08:00 ] 127.0.0.1 /ck_thinkphp/Public/static/jquery.min.map
INFO: [ app_init ] --START--
INFO: Run Behavior\BuildLiteBehavior [ RunTime:0.000000s ]
INFO: [ app_init ] --END-- [ RunTime:0.000000s ]
ERR: 非法操作:static

[ 2016-06-16T16:16:46+08:00 ] 127.0.0.1 /ck_thinkphp/Public/static/jquery.min.map
INFO: [ app_init ] --START--
INFO: Run Behavior\BuildLiteBehavior [ RunTime:0.000000s ]
INFO: [ app_init ] --END-- [ RunTime:0.000000s ]
ERR: 非法操作:static

[ 2016-06-16T16:16:48+08:00 ] 127.0.0.1 /ck_thinkphp/Public/static/jquery.min.map
INFO: [ app_init ] --START--
INFO: Run Behavior\BuildLiteBehavior [ RunTime:0.000000s ]
INFO: [ app_init ] --END-- [ RunTime:0.001000s ]
ERR: 非法操作:static

[ 2016-06-16T16:17:27+08:00 ] 127.0.0.1 /ck_thinkphp/Public/static/jquery.min.map
INFO: [ app_init ] --START--
INFO: Run Behavior\BuildLiteBehavior [ RunTime:0.000000s ]
INFO: [ app_init ] --END-- [ RunTime:0.001000s ]
ERR: 非法操作:static

[ 2016-06-16T16:17:31+08:00 ] 127.0.0.1 /ck_thinkphp/Public/static/jquery.min.map
INFO: [ app_init ] --START--
INFO: Run Behavior\BuildLiteBehavior [ RunTime:0.000000s ]
INFO: [ app_init ] --END-- [ RunTime:0.000000s ]
ERR: 非法操作:static

[ 2016-06-16T16:17:33+08:00 ] 127.0.0.1 /ck_thinkphp/Public/static/jquery.min.map
INFO: [ app_init ] --START--
INFO: Run Behavior\BuildLiteBehavior [ RunTime:0.000000s ]
INFO: [ app_init ] --END-- [ RunTime:0.000000s ]
ERR: 非法操作:static

[ 2016-06-16T16:17:34+08:00 ] 127.0.0.1 /ck_thinkphp/Public/static/jquery.min.map
INFO: [ app_init ] --START--
INFO: Run Behavior\BuildLiteBehavior [ RunTime:0.000000s ]
INFO: [ app_init ] --END-- [ RunTime:0.001000s ]
ERR: 非法操作:static

[ 2016-06-16T16:18:29+08:00 ] 127.0.0.1 /ck_thinkphp/Public/static/jquery.min.map
INFO: [ app_init ] --START--
INFO: Run Behavior\BuildLiteBehavior [ RunTime:0.000000s ]
INFO: [ app_init ] --END-- [ RunTime:0.001000s ]
ERR: 非法操作:static

[ 2016-06-16T16:20:17+08:00 ] 127.0.0.1 /ck_thinkphp/Public/static/jquery.min.map
INFO: [ app_init ] --START--
INFO: Run Behavior\BuildLiteBehavior [ RunTime:0.000000s ]
INFO: [ app_init ] --END-- [ RunTime:0.001000s ]
ERR: 非法操作:static

[ 2016-06-16T16:20:25+08:00 ] 127.0.0.1 /ck_thinkphp/Public/static/jquery.min.map
INFO: [ app_init ] --START--
INFO: Run Behavior\BuildLiteBehavior [ RunTime:0.000000s ]
INFO: [ app_init ] --END-- [ RunTime:0.001000s ]
ERR: 非法操作:static

[ 2016-06-16T16:20:27+08:00 ] 127.0.0.1 /ck_thinkphp/Public/static/jquery.min.map
INFO: [ app_init ] --START--
INFO: Run Behavior\BuildLiteBehavior [ RunTime:0.000000s ]
INFO: [ app_init ] --END-- [ RunTime:0.001000s ]
ERR: 非法操作:static

[ 2016-06-16T16:20:38+08:00 ] 127.0.0.1 /ck_thinkphp/Public/static/jquery.min.map
INFO: [ app_init ] --START--
INFO: Run Behavior\BuildLiteBehavior [ RunTime:0.000000s ]
INFO: [ app_init ] --END-- [ RunTime:0.001000s ]
ERR: 非法操作:static

[ 2016-06-16T16:23:19+08:00 ] 127.0.0.1 /ck_thinkphp/Public/static/jquery.min.map
INFO: [ app_init ] --START--
INFO: Run Behavior\BuildLiteBehavior [ RunTime:0.000000s ]
INFO: [ app_init ] --END-- [ RunTime:0.000000s ]
ERR: 非法操作:static

[ 2016-06-16T16:23:54+08:00 ] 127.0.0.1 /ck_thinkphp/Public/static/jquery.min.map
INFO: [ app_init ] --START--
INFO: Run Behavior\BuildLiteBehavior [ RunTime:0.000000s ]
INFO: [ app_init ] --END-- [ RunTime:0.001000s ]
ERR: 非法操作:static

[ 2016-06-16T16:25:06+08:00 ] 127.0.0.1 /ck_thinkphp/Public/static/jquery.min.map
INFO: [ app_init ] --START--
INFO: Run Behavior\BuildLiteBehavior [ RunTime:0.000000s ]
INFO: [ app_init ] --END-- [ RunTime:0.001000s ]
ERR: 非法操作:static

[ 2016-06-16T16:26:08+08:00 ] 127.0.0.1 /ck_thinkphp/Public/static/jquery.min.map
INFO: [ app_init ] --START--
INFO: Run Behavior\BuildLiteBehavior [ RunTime:0.000000s ]
INFO: [ app_init ] --END-- [ RunTime:0.001000s ]
ERR: 非法操作:static

[ 2016-06-16T16:45:18+08:00 ] 127.0.0.1 /ck_thinkphp/Public/static/jquery.min.map
INFO: [ app_init ] --START--
INFO: Run Behavior\BuildLiteBehavior [ RunTime:0.000000s ]
INFO: [ app_init ] --END-- [ RunTime:0.001000s ]
ERR: 非法操作:static

[ 2016-06-16T16:46:39+08:00 ] 127.0.0.1 /ck_thinkphp/Public/static/jquery.min.map
INFO: [ app_init ] --START--
INFO: Run Behavior\BuildLiteBehavior [ RunTime:0.000000s ]
INFO: [ app_init ] --END-- [ RunTime:0.001000s ]
ERR: 非法操作:static

[ 2016-06-16T16:47:55+08:00 ] 127.0.0.1 /ck_thinkphp/Public/static/jquery.min.map
INFO: [ app_init ] --START--
INFO: Run Behavior\BuildLiteBehavior [ RunTime:0.000000s ]
INFO: [ app_init ] --END-- [ RunTime:0.000000s ]
ERR: 非法操作:static

[ 2016-06-16T16:48:51+08:00 ] 127.0.0.1 /ck_thinkphp/Public/static/jquery.min.map
INFO: [ app_init ] --START--
INFO: Run Behavior\BuildLiteBehavior [ RunTime:0.000000s ]
INFO: [ app_init ] --END-- [ RunTime:0.002000s ]
ERR: 非法操作:static

[ 2016-06-16T16:50:18+08:00 ] 127.0.0.1 /ck_thinkphp/Public/static/jquery.min.map
INFO: [ app_init ] --START--
INFO: Run Behavior\BuildLiteBehavior [ RunTime:0.000000s ]
INFO: [ app_init ] --END-- [ RunTime:0.000000s ]
ERR: 非法操作:static

[ 2016-06-16T16:50:48+08:00 ] 127.0.0.1 /ck_thinkphp/Public/static/jquery.min.map
INFO: [ app_init ] --START--
INFO: Run Behavior\BuildLiteBehavior [ RunTime:0.000000s ]
INFO: [ app_init ] --END-- [ RunTime:0.001000s ]
ERR: 非法操作:static

[ 2016-06-16T16:52:25+08:00 ] 127.0.0.1 /ck_thinkphp/Public/static/jquery.min.map
INFO: [ app_init ] --START--
INFO: Run Behavior\BuildLiteBehavior [ RunTime:0.000000s ]
INFO: [ app_init ] --END-- [ RunTime:0.000000s ]
ERR: 非法操作:static

[ 2016-06-16T16:52:34+08:00 ] 127.0.0.1 /ck_thinkphp/Public/static/jquery.min.map
INFO: [ app_init ] --START--
INFO: Run Behavior\BuildLiteBehavior [ RunTime:0.000000s ]
INFO: [ app_init ] --END-- [ RunTime:0.001000s ]
ERR: 非法操作:static

[ 2016-06-16T16:52:36+08:00 ] 127.0.0.1 /ck_thinkphp/Public/static/jquery.min.map
INFO: [ app_init ] --START--
INFO: Run Behavior\BuildLiteBehavior [ RunTime:0.000000s ]
INFO: [ app_init ] --END-- [ RunTime:0.001000s ]
ERR: 非法操作:static

[ 2016-06-16T16:52:38+08:00 ] 127.0.0.1 /ck_thinkphp/Public/static/jquery.min.map
INFO: [ app_init ] --START--
INFO: Run Behavior\BuildLiteBehavior [ RunTime:0.000000s ]
INFO: [ app_init ] --END-- [ RunTime:0.000000s ]
ERR: 非法操作:static

[ 2016-06-16T16:52:40+08:00 ] 127.0.0.1 /ck_thinkphp/Public/static/jquery.min.map
INFO: [ app_init ] --START--
INFO: Run Behavior\BuildLiteBehavior [ RunTime:0.000000s ]
INFO: [ app_init ] --END-- [ RunTime:0.001000s ]
ERR: 非法操作:static

[ 2016-06-16T16:53:44+08:00 ] 127.0.0.1 /ck_thinkphp/Public/static/jquery.min.map
INFO: [ app_init ] --START--
INFO: Run Behavior\BuildLiteBehavior [ RunTime:0.000000s ]
INFO: [ app_init ] --END-- [ RunTime:0.001000s ]
ERR: 非法操作:static

[ 2016-06-16T17:28:54+08:00 ] 127.0.0.1 /ck_thinkphp/Public/static/jquery.min.map
INFO: [ app_init ] --START--
INFO: Run Behavior\BuildLiteBehavior [ RunTime:0.000000s ]
INFO: [ app_init ] --END-- [ RunTime:0.001000s ]
ERR: 非法操作:static

[ 2016-06-16T17:35:14+08:00 ] 127.0.0.1 /ck_thinkphp/Public/static/jquery.min.map
INFO: [ app_init ] --START--
INFO: Run Behavior\BuildLiteBehavior [ RunTime:0.000000s ]
INFO: [ app_init ] --END-- [ RunTime:0.001000s ]
ERR: 非法操作:static

[ 2016-06-16T17:55:48+08:00 ] 127.0.0.1 /ck_thinkphp/Public/static/jquery.min.map
INFO: [ app_init ] --START--
INFO: Run Behavior\BuildLiteBehavior [ RunTime:0.000000s ]
INFO: [ app_init ] --END-- [ RunTime:0.001000s ]
ERR: 非法操作:static

[ 2016-06-16T17:56:19+08:00 ] 127.0.0.1 /ck_thinkphp/Public/static/jquery.min.map
INFO: [ app_init ] --START--
INFO: Run Behavior\BuildLiteBehavior [ RunTime:0.000000s ]
INFO: [ app_init ] --END-- [ RunTime:0.001000s ]
ERR: 非法操作:static

[ 2016-06-16T17:56:32+08:00 ] 127.0.0.1 /ck_thinkphp/Public/static/jquery.min.map
INFO: [ app_init ] --START--
INFO: Run Behavior\BuildLiteBehavior [ RunTime:0.000000s ]
INFO: [ app_init ] --END-- [ RunTime:0.000000s ]
ERR: 非法操作:static

[ 2016-06-16T17:56:59+08:00 ] 127.0.0.1 /ck_thinkphp/Public/static/jquery.min.map
INFO: [ app_init ] --START--
INFO: Run Behavior\BuildLiteBehavior [ RunTime:0.000000s ]
INFO: [ app_init ] --END-- [ RunTime:0.001000s ]
ERR: 非法操作:static

[ 2016-06-16T18:01:06+08:00 ] 127.0.0.1 /ck_thinkphp/Public/static/jquery.min.map
INFO: [ app_init ] --START--
INFO: Run Behavior\BuildLiteBehavior [ RunTime:0.000000s ]
INFO: [ app_init ] --END-- [ RunTime:0.001000s ]
ERR: 非法操作:static

[ 2016-06-16T18:02:34+08:00 ] 127.0.0.1 /ck_thinkphp/Public/static/jquery.min.map
INFO: [ app_init ] --START--
INFO: Run Behavior\BuildLiteBehavior [ RunTime:0.000000s ]
INFO: [ app_init ] --END-- [ RunTime:0.000000s ]
ERR: 非法操作:static

[ 2016-06-16T18:03:32+08:00 ] 127.0.0.1 /ck_thinkphp/Public/static/jquery.min.map
INFO: [ app_init ] --START--
INFO: Run Behavior\BuildLiteBehavior [ RunTime:0.000000s ]
INFO: [ app_init ] --END-- [ RunTime:0.001000s ]
ERR: 非法操作:static

[ 2016-06-16T18:03:58+08:00 ] 127.0.0.1 /ck_thinkphp/Public/static/jquery.min.map
INFO: [ app_init ] --START--
INFO: Run Behavior\BuildLiteBehavior [ RunTime:0.000000s ]
INFO: [ app_init ] --END-- [ RunTime:0.000000s ]
ERR: 非法操作:static

[ 2016-06-16T18:04:29+08:00 ] 127.0.0.1 /ck_thinkphp/Public/static/jquery.min.map
INFO: [ app_init ] --START--
INFO: Run Behavior\BuildLiteBehavior [ RunTime:0.000000s ]
INFO: [ app_init ] --END-- [ RunTime:0.001000s ]
ERR: 非法操作:static

[ 2016-06-16T18:05:55+08:00 ] 127.0.0.1 /ck_thinkphp/Public/static/jquery.min.map
INFO: [ app_init ] --START--
INFO: Run Behavior\BuildLiteBehavior [ RunTime:0.000000s ]
INFO: [ app_init ] --END-- [ RunTime:0.000000s ]
ERR: 非法操作:static

[ 2016-06-16T18:05:57+08:00 ] 127.0.0.1 /ck_thinkphp/Public/static/jquery.min.map
INFO: [ app_init ] --START--
INFO: Run Behavior\BuildLiteBehavior [ RunTime:0.000000s ]
INFO: [ app_init ] --END-- [ RunTime:0.001000s ]
ERR: 非法操作:static

[ 2016-06-16T18:09:07+08:00 ] 127.0.0.1 /ck_thinkphp/Public/static/jquery.min.map
INFO: [ app_init ] --START--
INFO: Run Behavior\BuildLiteBehavior [ RunTime:0.000000s ]
INFO: [ app_init ] --END-- [ RunTime:0.000000s ]
ERR: 非法操作:static

[ 2016-06-16T18:10:09+08:00 ] 127.0.0.1 /ck_thinkphp/Public/static/jquery.min.map
INFO: [ app_init ] --START--
INFO: Run Behavior\BuildLiteBehavior [ RunTime:0.000000s ]
INFO: [ app_init ] --END-- [ RunTime:0.000000s ]
ERR: 非法操作:static

[ 2016-06-16T18:11:27+08:00 ] 127.0.0.1 /ck_thinkphp/Public/static/jquery.min.map
INFO: [ app_init ] --START--
INFO: Run Behavior\BuildLiteBehavior [ RunTime:0.000000s ]
INFO: [ app_init ] --END-- [ RunTime:0.001000s ]
ERR: 非法操作:static

[ 2016-06-16T18:11:42+08:00 ] 127.0.0.1 /ck_thinkphp/Public/static/jquery.min.map
INFO: [ app_init ] --START--
INFO: Run Behavior\BuildLiteBehavior [ RunTime:0.000000s ]
INFO: [ app_init ] --END-- [ RunTime:0.001000s ]
ERR: 非法操作:static

[ 2016-06-16T18:11:45+08:00 ] 127.0.0.1 /ck_thinkphp/Public/static/jquery.min.map
INFO: [ app_init ] --START--
INFO: Run Behavior\BuildLiteBehavior [ RunTime:0.000000s ]
INFO: [ app_init ] --END-- [ RunTime:0.000000s ]
ERR: 非法操作:static

[ 2016-06-16T18:11:48+08:00 ] 127.0.0.1 /ck_thinkphp/Public/static/jquery.min.map
INFO: [ app_init ] --START--
INFO: Run Behavior\BuildLiteBehavior [ RunTime:0.000000s ]
INFO: [ app_init ] --END-- [ RunTime:0.001001s ]
ERR: 非法操作:static

[ 2016-06-16T18:11:50+08:00 ] 127.0.0.1 /ck_thinkphp/Public/static/jquery.min.map
INFO: [ app_init ] --START--
INFO: Run Behavior\BuildLiteBehavior [ RunTime:0.000000s ]
INFO: [ app_init ] --END-- [ RunTime:0.001000s ]
ERR: 非法操作:static

[ 2016-06-16T18:11:52+08:00 ] 127.0.0.1 /ck_thinkphp/Public/static/jquery.min.map
INFO: [ app_init ] --START--
INFO: Run Behavior\BuildLiteBehavior [ RunTime:0.000000s ]
INFO: [ app_init ] --END-- [ RunTime:0.000000s ]
ERR: 非法操作:static

[ 2016-06-16T18:12:12+08:00 ] 127.0.0.1 /ck_thinkphp/Public/static/jquery.min.map
INFO: [ app_init ] --START--
INFO: Run Behavior\BuildLiteBehavior [ RunTime:0.000000s ]
INFO: [ app_init ] --END-- [ RunTime:0.001000s ]
ERR: 非法操作:static

[ 2016-06-16T18:45:04+08:00 ] 127.0.0.1 /ck_thinkphp/
INFO: [ app_init ] --START--
INFO: Run Behavior\BuildLiteBehavior [ RunTime:0.000000s ]
INFO: [ app_init ] --END-- [ RunTime:0.000000s ]

[ 2016-06-16T18:45:04+08:00 ] 127.0.0.1 /ck_thinkphp/Public/static/miniui/docs/core.js
INFO: [ app_init ] --START--
INFO: Run Behavior\BuildLiteBehavior [ RunTime:0.001000s ]
INFO: [ app_init ] --END-- [ RunTime:0.001000s ]
ERR: 非法操作:static

[ 2016-06-16T18:45:05+08:00 ] 127.0.0.1 /ck_thinkphp/index.php/Index/versioninfo.html
INFO: [ app_init ] --START--
INFO: Run Behavior\BuildLiteBehavior [ RunTime:0.000000s ]
INFO: [ app_init ] --END-- [ RunTime:0.000000s ]

[ 2016-06-16T18:45:05+08:00 ] 127.0.0.1 /ck_thinkphp/index.php/Index/versioninfo.html
INFO: [ app_init ] --START--
INFO: Run Behavior\BuildLiteBehavior [ RunTime:0.000000s ]
INFO: [ app_init ] --END-- [ RunTime:0.001000s ]

[ 2016-06-16T18:45:15+08:00 ] 127.0.0.1 /ck_thinkphp/index.php/Index/thinkphp_1.html
INFO: [ app_init ] --START--
INFO: Run Behavior\BuildLiteBehavior [ RunTime:0.000000s ]
INFO: [ app_init ] --END-- [ RunTime:0.000000s ]

[ 2016-06-16T18:45:16+08:00 ] 127.0.0.1 /ck_thinkphp/index.php/Index/thinkphp_2.html
INFO: [ app_init ] --START--
INFO: Run Behavior\BuildLiteBehavior [ RunTime:0.000000s ]
INFO: [ app_init ] --END-- [ RunTime:0.001000s ]

[ 2016-06-16T18:45:17+08:00 ] 127.0.0.1 /ck_thinkphp/index.php/Index/thinkphp_3.html
INFO: [ app_init ] --START--
INFO: Run Behavior\BuildLiteBehavior [ RunTime:0.000000s ]
INFO: [ app_init ] --END-- [ RunTime:0.001000s ]

[ 2016-06-16T18:45:18+08:00 ] 127.0.0.1 /ck_thinkphp/index.php/Index/thinkphp_4.html
INFO: [ app_init ] --START--
INFO: Run Behavior\BuildLiteBehavior [ RunTime:0.000000s ]
INFO: [ app_init ] --END-- [ RunTime:0.001000s ]

[ 2016-06-16T18:45:28+08:00 ] 127.0.0.1 /ck_thinkphp/index.php/Index/thinkphp_5.html
INFO: [ app_init ] --START--
INFO: Run Behavior\BuildLiteBehavior [ RunTime:0.000000s ]
INFO: [ app_init ] --END-- [ RunTime:0.001000s ]

[ 2016-06-16T18:45:42+08:00 ] 127.0.0.1 /ck_thinkphp/index.php/Index/codeigniter_1.html
INFO: [ app_init ] --START--
INFO: Run Behavior\BuildLiteBehavior [ RunTime:0.000000s ]
INFO: [ app_init ] --END-- [ RunTime:0.001000s ]

[ 2016-06-16T18:45:42+08:00 ] 127.0.0.1 /ck_thinkphp/index.php/Index/codeigniter_2.html
INFO: [ app_init ] --START--
INFO: Run Behavior\BuildLiteBehavior [ RunTime:0.000000s ]
INFO: [ app_init ] --END-- [ RunTime:0.001000s ]

[ 2016-06-16T18:45:43+08:00 ] 127.0.0.1 /ck_thinkphp/index.php/Index/codeigniter_3.html
INFO: [ app_init ] --START--
INFO: Run Behavior\BuildLiteBehavior [ RunTime:0.000000s ]
INFO: [ app_init ] --END-- [ RunTime:0.000000s ]

[ 2016-06-16T18:45:44+08:00 ] 127.0.0.1 /ck_thinkphp/index.php/Index/codeigniter_4.html
INFO: [ app_init ] --START--
INFO: Run Behavior\BuildLiteBehavior [ RunTime:0.000000s ]
INFO: [ app_init ] --END-- [ RunTime:0.001000s ]

[ 2016-06-16T18:45:44+08:00 ] 127.0.0.1 /ck_thinkphp/index.php/Index/codeigniter_5.html
INFO: [ app_init ] --START--
INFO: Run Behavior\BuildLiteBehavior [ RunTime:0.000000s ]
INFO: [ app_init ] --END-- [ RunTime:0.001000s ]

[ 2016-06-16T18:45:50+08:00 ] 127.0.0.1 /ck_thinkphp/index.php/Index/codeigniter_4.html
INFO: [ app_init ] --START--
INFO: Run Behavior\BuildLiteBehavior [ RunTime:0.000000s ]
INFO: [ app_init ] --END-- [ RunTime:0.001000s ]

[ 2016-06-16T18:46:08+08:00 ] 127.0.0.1 /ck_thinkphp/index.php/Index/codeigniter_5.html
INFO: [ app_init ] --START--
INFO: Run Behavior\BuildLiteBehavior [ RunTime:0.000000s ]
INFO: [ app_init ] --END-- [ RunTime:0.000000s ]

[ 2016-06-16T18:46:09+08:00 ] 127.0.0.1 /ck_thinkphp/index.php/Index/codeigniter_4.html
INFO: [ app_init ] --START--
INFO: Run Behavior\BuildLiteBehavior [ RunTime:0.000000s ]
INFO: [ app_init ] --END-- [ RunTime:0.001000s ]

[ 2016-06-16T18:46:11+08:00 ] 127.0.0.1 /ck_thinkphp/index.php/Index/codeigniter_5.html
INFO: [ app_init ] --START--
INFO: Run Behavior\BuildLiteBehavior [ RunTime:0.000000s ]
INFO: [ app_init ] --END-- [ RunTime:0.000000s ]

[ 2016-06-16T18:47:22+08:00 ] 127.0.0.1 /ck_thinkphp/
INFO: [ app_init ] --START--
INFO: Run Behavior\BuildLiteBehavior [ RunTime:0.000000s ]
INFO: [ app_init ] --END-- [ RunTime:0.001000s ]

[ 2016-06-16T18:47:22+08:00 ] 127.0.0.1 /ck_thinkphp/Public/static/miniui/docs/core.js
INFO: [ app_init ] --START--
INFO: Run Behavior\BuildLiteBehavior [ RunTime:0.000000s ]
INFO: [ app_init ] --END-- [ RunTime:0.000000s ]
ERR: 非法操作:static

[ 2016-06-16T18:47:22+08:00 ] 127.0.0.1 /ck_thinkphp/index.php/Index/versioninfo.html
INFO: [ app_init ] --START--
INFO: Run Behavior\BuildLiteBehavior [ RunTime:0.000000s ]
INFO: [ app_init ] --END-- [ RunTime:0.000000s ]

[ 2016-06-16T18:47:22+08:00 ] 127.0.0.1 /ck_thinkphp/index.php/Index/versioninfo.html
INFO: [ app_init ] --START--
INFO: Run Behavior\BuildLiteBehavior [ RunTime:0.000000s ]
INFO: [ app_init ] --END-- [ RunTime:0.001000s ]

[ 2016-06-16T18:47:24+08:00 ] 127.0.0.1 /ck_thinkphp/index.php/Index/apache_1.html
INFO: [ app_init ] --START--
INFO: Run Behavior\BuildLiteBehavior [ RunTime:0.000000s ]
INFO: [ app_init ] --END-- [ RunTime:0.001000s ]

[ 2016-06-16T18:47:25+08:00 ] 127.0.0.1 /ck_thinkphp/index.php/Index/apache_2.html
INFO: [ app_init ] --START--
INFO: Run Behavior\BuildLiteBehavior [ RunTime:0.000000s ]
INFO: [ app_init ] --END-- [ RunTime:0.001000s ]

[ 2016-06-16T18:47:27+08:00 ] 127.0.0.1 /ck_thinkphp/index.php/Index/thinkphp_1.html
INFO: [ app_init ] --START--
INFO: Run Behavior\BuildLiteBehavior [ RunTime:0.000000s ]
INFO: [ app_init ] --END-- [ RunTime:0.001000s ]

[ 2016-06-16T18:47:28+08:00 ] 127.0.0.1 /ck_thinkphp/index.php/Index/thinkphp_2.html
INFO: [ app_init ] --START--
INFO: Run Behavior\BuildLiteBehavior [ RunTime:0.000000s ]
INFO: [ app_init ] --END-- [ RunTime:0.001000s ]

[ 2016-06-16T18:47:28+08:00 ] 127.0.0.1 /ck_thinkphp/index.php/Index/thinkphp_3.html
INFO: [ app_init ] --START--
INFO: Run Behavior\BuildLiteBehavior [ RunTime:0.000000s ]
INFO: [ app_init ] --END-- [ RunTime:0.001001s ]

[ 2016-06-16T18:47:28+08:00 ] 127.0.0.1 /ck_thinkphp/index.php/Index/thinkphp_5.html
INFO: [ app_init ] --START--
INFO: Run Behavior\BuildLiteBehavior [ RunTime:0.000000s ]
INFO: [ app_init ] --END-- [ RunTime:0.001000s ]

[ 2016-06-16T18:47:29+08:00 ] 127.0.0.1 /ck_thinkphp/index.php/Index/thinkphp_4.html
INFO: [ app_init ] --START--
INFO: Run Behavior\BuildLiteBehavior [ RunTime:0.000000s ]
INFO: [ app_init ] --END-- [ RunTime:0.000000s ]

[ 2016-06-16T18:47:36+08:00 ] 127.0.0.1 /ck_thinkphp/index.php/Index/codeigniter_2.html
INFO: [ app_init ] --START--
INFO: Run Behavior\BuildLiteBehavior [ RunTime:0.000000s ]
INFO: [ app_init ] --END-- [ RunTime:0.001000s ]

