[ 2016-06-17T09:47:00+08:00 ] 127.0.0.1 /ck_thinkphp/admin
INFO: [ app_init ] --START--
INFO: Run Behavior\BuildLiteBehavior [ RunTime:0.000000s ]
INFO: [ app_init ] --END-- [ RunTime:0.001000s ]

[ 2016-06-17T09:47:00+08:00 ] 127.0.0.1 /ck_thinkphp/index.php/Admin/Public/index.html
INFO: [ app_init ] --START--
INFO: Run Behavior\BuildLiteBehavior [ RunTime:0.000000s ]
INFO: [ app_init ] --END-- [ RunTime:0.001000s ]

[ 2016-06-17T09:47:00+08:00 ] 127.0.0.1 /ck_thinkphp/index.php/Admin/Public/verify_code
INFO: [ app_init ] --START--
INFO: Run Behavior\BuildLiteBehavior [ RunTime:0.000000s ]
INFO: [ app_init ] --END-- [ RunTime:0.001000s ]

[ 2016-06-17T09:47:06+08:00 ] 127.0.0.1 /ck_thinkphp/index.php/Admin/Public/index
INFO: [ app_init ] --START--
INFO: Run Behavior\BuildLiteBehavior [ RunTime:0.000000s ]
INFO: [ app_init ] --END-- [ RunTime:0.001000s ]

[ 2016-06-17T09:47:07+08:00 ] 127.0.0.1 /ck_thinkphp/index.php/Admin/Index/index.html
INFO: [ app_init ] --START--
INFO: Run Behavior\BuildLiteBehavior [ RunTime:0.000000s ]
INFO: [ app_init ] --END-- [ RunTime:0.001000s ]

[ 2016-06-17T09:47:09+08:00 ] 127.0.0.1 /ck_thinkphp/index.php/Admin/Access/index
INFO: [ app_init ] --START--
INFO: Run Behavior\BuildLiteBehavior [ RunTime:0.000000s ]
INFO: [ app_init ] --END-- [ RunTime:0.000000s ]

[ 2016-06-17T09:47:42+08:00 ] 127.0.0.1 /ck_thinkphp/index.php/Admin/Access/editAdmin?aid=2
INFO: [ app_init ] --START--
INFO: Run Behavior\BuildLiteBehavior [ RunTime:0.000000s ]
INFO: [ app_init ] --END-- [ RunTime:0.001000s ]

[ 2016-06-17T09:48:12+08:00 ] 127.0.0.1 /ck_thinkphp/index.php/Admin/Access/index
INFO: [ app_init ] --START--
INFO: Run Behavior\BuildLiteBehavior [ RunTime:0.000000s ]
INFO: [ app_init ] --END-- [ RunTime:0.001000s ]

[ 2016-06-17T09:54:54+08:00 ] 127.0.0.1 /ck_thinkphp/index.php/Admin/Access/index
INFO: [ app_init ] --START--
INFO: Run Behavior\BuildLiteBehavior [ RunTime:0.000000s ]
INFO: [ app_init ] --END-- [ RunTime:0.001000s ]

[ 2016-06-17T09:54:56+08:00 ] 127.0.0.1 /ck_thinkphp/index.php/Admin/Access/index
INFO: [ app_init ] --START--
INFO: Run Behavior\BuildLiteBehavior [ RunTime:0.000000s ]
INFO: [ app_init ] --END-- [ RunTime:0.001000s ]

[ 2016-06-17T09:54:56+08:00 ] 127.0.0.1 /ck_thinkphp/index.php/Admin/Access/addAdmin
INFO: [ app_init ] --START--
INFO: Run Behavior\BuildLiteBehavior [ RunTime:0.000000s ]
INFO: [ app_init ] --END-- [ RunTime:0.001000s ]

[ 2016-06-17T09:54:57+08:00 ] 127.0.0.1 /ck_thinkphp/index.php/Admin/Access/roleList
INFO: [ app_init ] --START--
INFO: Run Behavior\BuildLiteBehavior [ RunTime:0.000000s ]
INFO: [ app_init ] --END-- [ RunTime:0.001000s ]

[ 2016-06-17T09:54:58+08:00 ] 127.0.0.1 /ck_thinkphp/index.php/Admin/Access/addRole
INFO: [ app_init ] --START--
INFO: Run Behavior\BuildLiteBehavior [ RunTime:0.000000s ]
INFO: [ app_init ] --END-- [ RunTime:0.001000s ]

[ 2016-06-17T09:55:00+08:00 ] 127.0.0.1 /ck_thinkphp/index.php/Admin/Access/nodeList
INFO: [ app_init ] --START--
INFO: Run Behavior\BuildLiteBehavior [ RunTime:0.000000s ]
INFO: [ app_init ] --END-- [ RunTime:0.001000s ]

[ 2016-06-17T09:55:01+08:00 ] 127.0.0.1 /ck_thinkphp/index.php/Admin/Access/addNode
INFO: [ app_init ] --START--
INFO: Run Behavior\BuildLiteBehavior [ RunTime:0.000000s ]
INFO: [ app_init ] --END-- [ RunTime:0.001000s ]

[ 2016-06-17T09:55:04+08:00 ] 127.0.0.1 /ck_thinkphp/index.php/Admin/Access/index
INFO: [ app_init ] --START--
INFO: Run Behavior\BuildLiteBehavior [ RunTime:0.000000s ]
INFO: [ app_init ] --END-- [ RunTime:0.001000s ]

[ 2016-06-17T09:55:07+08:00 ] 127.0.0.1 /ck_thinkphp/index.php/Admin/Access/editAdmin?aid=2
INFO: [ app_init ] --START--
INFO: Run Behavior\BuildLiteBehavior [ RunTime:0.000000s ]
INFO: [ app_init ] --END-- [ RunTime:0.001000s ]

[ 2016-06-17T09:55:10+08:00 ] 127.0.0.1 /ck_thinkphp/index.php/Admin/Access/index
INFO: [ app_init ] --START--
INFO: Run Behavior\BuildLiteBehavior [ RunTime:0.000000s ]
INFO: [ app_init ] --END-- [ RunTime:0.001000s ]

[ 2016-06-17T09:57:49+08:00 ] 127.0.0.1 /ck_thinkphp/index.php/Admin/Access/index
INFO: [ app_init ] --START--
INFO: Run Behavior\BuildLiteBehavior [ RunTime:0.000000s ]
INFO: [ app_init ] --END-- [ RunTime:0.001000s ]

[ 2016-06-17T09:58:54+08:00 ] 127.0.0.1 /ck_thinkphp/index.php/Admin/Access/editAdmin?aid=2
INFO: [ app_init ] --START--
INFO: Run Behavior\BuildLiteBehavior [ RunTime:0.000000s ]
INFO: [ app_init ] --END-- [ RunTime:0.001000s ]

[ 2016-06-17T09:58:57+08:00 ] 127.0.0.1 /ck_thinkphp/index.php/Admin/Access/index
INFO: [ app_init ] --START--
INFO: Run Behavior\BuildLiteBehavior [ RunTime:0.000000s ]
INFO: [ app_init ] --END-- [ RunTime:0.001000s ]
ERR: 1054:Unknown column 'is_display' in 'where clause'
 [ SQL语句 ] : SELECT * FROM `ks_auth_access` WHERE ( auth_c='Access' and is_display='1'  ) ORDER BY sort asc 

[ 2016-06-17T09:59:14+08:00 ] 127.0.0.1 /ck_thinkphp/index.php/Admin/Access/addAdmin
INFO: [ app_init ] --START--
INFO: Run Behavior\BuildLiteBehavior [ RunTime:0.000000s ]
INFO: [ app_init ] --END-- [ RunTime:0.000000s ]
ERR: 1054:Unknown column 'is_display' in 'where clause'
 [ SQL语句 ] : SELECT * FROM `ks_auth_access` WHERE ( auth_c='Access' and is_display='1'  ) ORDER BY sort asc 

[ 2016-06-17T10:00:34+08:00 ] 127.0.0.1 /ck_thinkphp/index.php/Admin/Access/index
INFO: [ app_init ] --START--
INFO: Run Behavior\BuildLiteBehavior [ RunTime:0.000000s ]
INFO: [ app_init ] --END-- [ RunTime:0.001000s ]
ERR: 1054:Unknown column 'is_display' in 'where clause'
 [ SQL语句 ] : SELECT * FROM `ks_auth_access` WHERE ( auth_c='Access' and is_display='1'  ) ORDER BY sort asc 

[ 2016-06-17T10:00:37+08:00 ] 127.0.0.1 /ck_thinkphp/index.php/Admin/Access/index
INFO: [ app_init ] --START--
INFO: Run Behavior\BuildLiteBehavior [ RunTime:0.000000s ]
INFO: [ app_init ] --END-- [ RunTime:0.001000s ]
ERR: 1054:Unknown column 'is_display' in 'where clause'
 [ SQL语句 ] : SELECT * FROM `ks_auth_access` WHERE ( auth_c='Access' and is_display='1'  ) ORDER BY sort asc 

[ 2016-06-17T10:00:39+08:00 ] 127.0.0.1 /ck_thinkphp/index.php/Admin/Access/index
INFO: [ app_init ] --START--
INFO: Run Behavior\BuildLiteBehavior [ RunTime:0.000000s ]
INFO: [ app_init ] --END-- [ RunTime:0.001000s ]
ERR: 1054:Unknown column 'is_display' in 'where clause'
 [ SQL语句 ] : SELECT * FROM `ks_auth_access` WHERE ( auth_c='Access' and is_display='1'  ) ORDER BY sort asc 

[ 2016-06-17T10:03:44+08:00 ] 127.0.0.1 /ck_thinkphp/index.php/Admin/Access/index
INFO: [ app_init ] --START--
INFO: Run Behavior\BuildLiteBehavior [ RunTime:0.000000s ]
INFO: [ app_init ] --END-- [ RunTime:0.000000s ]

[ 2016-06-17T10:03:47+08:00 ] 127.0.0.1 /ck_thinkphp/index.php/Admin/Access/index
INFO: [ app_init ] --START--
INFO: Run Behavior\BuildLiteBehavior [ RunTime:0.000000s ]
INFO: [ app_init ] --END-- [ RunTime:0.000000s ]

[ 2016-06-17T10:03:50+08:00 ] 127.0.0.1 /ck_thinkphp/index.php/Admin/Access/editAdmin?aid=2
INFO: [ app_init ] --START--
INFO: Run Behavior\BuildLiteBehavior [ RunTime:0.000000s ]
INFO: [ app_init ] --END-- [ RunTime:0.001000s ]

[ 2016-06-17T10:03:53+08:00 ] 127.0.0.1 /ck_thinkphp/index.php/Admin/Access/index
INFO: [ app_init ] --START--
INFO: Run Behavior\BuildLiteBehavior [ RunTime:0.000000s ]
INFO: [ app_init ] --END-- [ RunTime:0.001000s ]

[ 2016-06-17T10:06:09+08:00 ] 127.0.0.1 /ck_thinkphp/index.php/Admin/Access/addAdmin
INFO: [ app_init ] --START--
INFO: Run Behavior\BuildLiteBehavior [ RunTime:0.000000s ]
INFO: [ app_init ] --END-- [ RunTime:0.001000s ]

[ 2016-06-17T10:06:18+08:00 ] 127.0.0.1 /ck_thinkphp/index.php/Admin/Access/roleList
INFO: [ app_init ] --START--
INFO: Run Behavior\BuildLiteBehavior [ RunTime:0.000000s ]
INFO: [ app_init ] --END-- [ RunTime:0.001000s ]

[ 2016-06-17T10:08:40+08:00 ] 127.0.0.1 /ck_thinkphp/index.php/Admin/Access/nodeList
INFO: [ app_init ] --START--
INFO: Run Behavior\BuildLiteBehavior [ RunTime:0.000000s ]
INFO: [ app_init ] --END-- [ RunTime:0.001000s ]

[ 2016-06-17T10:10:29+08:00 ] 127.0.0.1 /ck_thinkphp/index.php/Admin/Access/nodeList
INFO: [ app_init ] --START--
INFO: Run Behavior\BuildLiteBehavior [ RunTime:0.000000s ]
INFO: [ app_init ] --END-- [ RunTime:0.001000s ]

[ 2016-06-17T10:10:30+08:00 ] 127.0.0.1 /ck_thinkphp/index.php/Admin/Access/index
INFO: [ app_init ] --START--
INFO: Run Behavior\BuildLiteBehavior [ RunTime:0.000000s ]
INFO: [ app_init ] --END-- [ RunTime:0.001000s ]

[ 2016-06-17T10:10:33+08:00 ] 127.0.0.1 /ck_thinkphp/index.php/Admin/Access/editRole
INFO: [ app_init ] --START--
INFO: Run Behavior\BuildLiteBehavior [ RunTime:0.000000s ]
INFO: [ app_init ] --END-- [ RunTime:0.001000s ]

[ 2016-06-17T10:10:36+08:00 ] 127.0.0.1 /ck_thinkphp/index.php/Admin/Access/index
INFO: [ app_init ] --START--
INFO: Run Behavior\BuildLiteBehavior [ RunTime:0.000000s ]
INFO: [ app_init ] --END-- [ RunTime:0.000000s ]

[ 2016-06-17T10:10:39+08:00 ] 127.0.0.1 /ck_thinkphp/index.php/Admin/Access/roleStatus
INFO: [ app_init ] --START--
INFO: Run Behavior\BuildLiteBehavior [ RunTime:0.000000s ]
INFO: [ app_init ] --END-- [ RunTime:0.001000s ]

[ 2016-06-17T10:10:42+08:00 ] 127.0.0.1 /ck_thinkphp/index.php/Admin/Access/index
INFO: [ app_init ] --START--
INFO: Run Behavior\BuildLiteBehavior [ RunTime:0.000000s ]
INFO: [ app_init ] --END-- [ RunTime:0.001000s ]

[ 2016-06-17T10:11:56+08:00 ] 127.0.0.1 /ck_thinkphp/index.php/Admin/Access/index
INFO: [ app_init ] --START--
INFO: Run Behavior\BuildLiteBehavior [ RunTime:0.000000s ]
INFO: [ app_init ] --END-- [ RunTime:0.000000s ]

[ 2016-06-17T10:11:58+08:00 ] 127.0.0.1 /ck_thinkphp/index.php/Admin/Access/index
INFO: [ app_init ] --START--
INFO: Run Behavior\BuildLiteBehavior [ RunTime:0.000000s ]
INFO: [ app_init ] --END-- [ RunTime:0.000000s ]

[ 2016-06-17T10:11:59+08:00 ] 127.0.0.1 /ck_thinkphp/index.php/Admin/Access/addAdmin
INFO: [ app_init ] --START--
INFO: Run Behavior\BuildLiteBehavior [ RunTime:0.000000s ]
INFO: [ app_init ] --END-- [ RunTime:0.000000s ]

[ 2016-06-17T10:12:00+08:00 ] 127.0.0.1 /ck_thinkphp/index.php/Admin/Access/roleList
INFO: [ app_init ] --START--
INFO: Run Behavior\BuildLiteBehavior [ RunTime:0.000000s ]
INFO: [ app_init ] --END-- [ RunTime:0.000000s ]

[ 2016-06-17T10:12:01+08:00 ] 127.0.0.1 /ck_thinkphp/index.php/Admin/Access/addRole
INFO: [ app_init ] --START--
INFO: Run Behavior\BuildLiteBehavior [ RunTime:0.000000s ]
INFO: [ app_init ] --END-- [ RunTime:0.001000s ]

[ 2016-06-17T10:12:02+08:00 ] 127.0.0.1 /ck_thinkphp/index.php/Admin/Access/nodeList
INFO: [ app_init ] --START--
INFO: Run Behavior\BuildLiteBehavior [ RunTime:0.000000s ]
INFO: [ app_init ] --END-- [ RunTime:0.001000s ]

[ 2016-06-17T10:12:03+08:00 ] 127.0.0.1 /ck_thinkphp/index.php/Admin/Access/addNode
INFO: [ app_init ] --START--
INFO: Run Behavior\BuildLiteBehavior [ RunTime:0.000000s ]
INFO: [ app_init ] --END-- [ RunTime:0.001000s ]

[ 2016-06-17T10:12:04+08:00 ] 127.0.0.1 /ck_thinkphp/index.php/Admin/Access/index
INFO: [ app_init ] --START--
INFO: Run Behavior\BuildLiteBehavior [ RunTime:0.000000s ]
INFO: [ app_init ] --END-- [ RunTime:0.000000s ]

[ 2016-06-17T10:12:06+08:00 ] 127.0.0.1 /ck_thinkphp/index.php/Admin/Access/index
INFO: [ app_init ] --START--
INFO: Run Behavior\BuildLiteBehavior [ RunTime:0.000000s ]
INFO: [ app_init ] --END-- [ RunTime:0.001000s ]

[ 2016-06-17T10:18:22+08:00 ] 127.0.0.1 /ck_thinkphp/index.php/Admin/Index/index
INFO: [ app_init ] --START--
INFO: Run Behavior\BuildLiteBehavior [ RunTime:0.000000s ]
INFO: [ app_init ] --END-- [ RunTime:0.001000s ]

[ 2016-06-17T10:21:36+08:00 ] 127.0.0.1 /ck_thinkphp/index.php/Admin/Access/index
INFO: [ app_init ] --START--
INFO: Run Behavior\BuildLiteBehavior [ RunTime:0.000000s ]
INFO: [ app_init ] --END-- [ RunTime:0.001000s ]

[ 2016-06-17T10:21:39+08:00 ] 127.0.0.1 /ck_thinkphp/index.php/Admin/Index/index
INFO: [ app_init ] --START--
INFO: Run Behavior\BuildLiteBehavior [ RunTime:0.000000s ]
INFO: [ app_init ] --END-- [ RunTime:0.001000s ]

[ 2016-06-17T13:29:45+08:00 ] 127.0.0.1 /ck_thinkphp/index.php/Admin/Index/index
INFO: [ app_init ] --START--
INFO: Run Behavior\BuildLiteBehavior [ RunTime:0.000000s ]
INFO: [ app_init ] --END-- [ RunTime:0.001000s ]

[ 2016-06-17T13:29:45+08:00 ] 127.0.0.1 /ck_thinkphp/index.php/Admin/Public/index.html
INFO: [ app_init ] --START--
INFO: Run Behavior\BuildLiteBehavior [ RunTime:0.001000s ]
INFO: [ app_init ] --END-- [ RunTime:0.001000s ]

[ 2016-06-17T13:29:46+08:00 ] 127.0.0.1 /ck_thinkphp/index.php/Admin/Public/verify_code
INFO: [ app_init ] --START--
INFO: Run Behavior\BuildLiteBehavior [ RunTime:0.000000s ]
INFO: [ app_init ] --END-- [ RunTime:0.001000s ]

[ 2016-06-17T13:29:50+08:00 ] 127.0.0.1 /ck_thinkphp/index.php/Admin/Public/verify_code?rand=0.6076304176838826
INFO: [ app_init ] --START--
INFO: Run Behavior\BuildLiteBehavior [ RunTime:0.000000s ]
INFO: [ app_init ] --END-- [ RunTime:0.001000s ]

[ 2016-06-17T13:29:54+08:00 ] 127.0.0.1 /ck_thinkphp/index.php/Admin/Public/index
INFO: [ app_init ] --START--
INFO: Run Behavior\BuildLiteBehavior [ RunTime:0.000000s ]
INFO: [ app_init ] --END-- [ RunTime:0.001001s ]

[ 2016-06-17T13:29:55+08:00 ] 127.0.0.1 /ck_thinkphp/index.php/Admin/Index/index.html
INFO: [ app_init ] --START--
INFO: Run Behavior\BuildLiteBehavior [ RunTime:0.000000s ]
INFO: [ app_init ] --END-- [ RunTime:0.001000s ]
ERR: 1064:You have an error in your SQL syntax; check the manual that corresponds to your MySQL server version for the right syntax to use near '*)' at line 1
 [ SQL语句 ] : select * from ks_auth_access where auth_c='Index' and auth_level !=0  and auth_id in (*)

[ 2016-06-17T13:31:51+08:00 ] 127.0.0.1 /ck_thinkphp/index.php/Admin/Index/index.html
INFO: [ app_init ] --START--
INFO: Run Behavior\BuildLiteBehavior [ RunTime:0.000000s ]
INFO: [ app_init ] --END-- [ RunTime:0.000000s ]

[ 2016-06-17T14:17:45+08:00 ] 127.0.0.1 /ck_thinkphp/index.php/Admin/Index/index.html
INFO: [ app_init ] --START--
INFO: Run Behavior\BuildLiteBehavior [ RunTime:0.000000s ]
INFO: [ app_init ] --END-- [ RunTime:0.001000s ]

[ 2016-06-17T14:17:54+08:00 ] 127.0.0.1 /ck_thinkphp/index.php/Admin/Index/index.html
INFO: [ app_init ] --START--
INFO: Run Behavior\BuildLiteBehavior [ RunTime:0.000000s ]
INFO: [ app_init ] --END-- [ RunTime:0.000000s ]
ERR: 1064:You have an error in your SQL syntax; check the manual that corresponds to your MySQL server version for the right syntax to use near '*)' at line 1
 [ SQL语句 ] : select * from ks_auth_access where auth_c='Index' and auth_level !=0  and auth_id in (*)

[ 2016-06-17T14:20:05+08:00 ] 127.0.0.1 /ck_thinkphp/index.php/Admin/Index/index.html
INFO: [ app_init ] --START--
INFO: Run Behavior\BuildLiteBehavior [ RunTime:0.000000s ]
INFO: [ app_init ] --END-- [ RunTime:0.000000s ]

[ 2016-06-17T14:20:32+08:00 ] 127.0.0.1 /ck_thinkphp/index.php/Admin/Index/index.html
INFO: [ app_init ] --START--
INFO: Run Behavior\BuildLiteBehavior [ RunTime:0.000000s ]
INFO: [ app_init ] --END-- [ RunTime:0.001001s ]

[ 2016-06-17T14:22:20+08:00 ] 127.0.0.1 /ck_thinkphp/index.php/Admin/Index/index.html
INFO: [ app_init ] --START--
INFO: Run Behavior\BuildLiteBehavior [ RunTime:0.001000s ]
INFO: [ app_init ] --END-- [ RunTime:0.001000s ]

[ 2016-06-17T14:22:47+08:00 ] 127.0.0.1 /ck_thinkphp/index.php/Admin/Index/index.html
INFO: [ app_init ] --START--
INFO: Run Behavior\BuildLiteBehavior [ RunTime:0.000000s ]
INFO: [ app_init ] --END-- [ RunTime:0.001000s ]

[ 2016-06-17T14:22:49+08:00 ] 127.0.0.1 /ck_thinkphp/index.php/Admin/Public/index.html
INFO: [ app_init ] --START--
INFO: Run Behavior\BuildLiteBehavior [ RunTime:0.000000s ]
INFO: [ app_init ] --END-- [ RunTime:0.000000s ]

[ 2016-06-17T14:22:50+08:00 ] 127.0.0.1 /ck_thinkphp/index.php/Admin/Public/verify_code
INFO: [ app_init ] --START--
INFO: Run Behavior\BuildLiteBehavior [ RunTime:0.001000s ]
INFO: [ app_init ] --END-- [ RunTime:0.001000s ]

[ 2016-06-17T14:22:59+08:00 ] 127.0.0.1 /ck_thinkphp/index.php/Admin/Public/index
INFO: [ app_init ] --START--
INFO: Run Behavior\BuildLiteBehavior [ RunTime:0.000000s ]
INFO: [ app_init ] --END-- [ RunTime:0.000000s ]

[ 2016-06-17T14:23:00+08:00 ] 127.0.0.1 /ck_thinkphp/index.php/Admin/Index/index.html
INFO: [ app_init ] --START--
INFO: Run Behavior\BuildLiteBehavior [ RunTime:0.000000s ]
INFO: [ app_init ] --END-- [ RunTime:0.001001s ]

[ 2016-06-17T14:23:39+08:00 ] 127.0.0.1 /ck_thinkphp/index.php/Admin/Access/index.html
INFO: [ app_init ] --START--
INFO: Run Behavior\BuildLiteBehavior [ RunTime:0.000000s ]
INFO: [ app_init ] --END-- [ RunTime:0.001000s ]

[ 2016-06-17T14:24:01+08:00 ] 127.0.0.1 /ck_thinkphp/index.php/Admin/Access/index.html
INFO: [ app_init ] --START--
INFO: Run Behavior\BuildLiteBehavior [ RunTime:0.000000s ]
INFO: [ app_init ] --END-- [ RunTime:0.000000s ]

[ 2016-06-17T14:24:01+08:00 ] 127.0.0.1 /ck_thinkphp/index.php/Admin/Public/index.html
INFO: [ app_init ] --START--
INFO: Run Behavior\BuildLiteBehavior [ RunTime:0.000000s ]
INFO: [ app_init ] --END-- [ RunTime:0.000000s ]

[ 2016-06-17T14:24:01+08:00 ] 127.0.0.1 /ck_thinkphp/index.php/Admin/Public/verify_code
INFO: [ app_init ] --START--
INFO: Run Behavior\BuildLiteBehavior [ RunTime:0.000000s ]
INFO: [ app_init ] --END-- [ RunTime:0.002000s ]

[ 2016-06-17T14:24:09+08:00 ] 127.0.0.1 /ck_thinkphp/index.php/Admin/Public/index
INFO: [ app_init ] --START--
INFO: Run Behavior\BuildLiteBehavior [ RunTime:0.000000s ]
INFO: [ app_init ] --END-- [ RunTime:0.001001s ]

[ 2016-06-17T14:24:10+08:00 ] 127.0.0.1 /ck_thinkphp/index.php/Admin/Index/index.html
INFO: [ app_init ] --START--
INFO: Run Behavior\BuildLiteBehavior [ RunTime:0.000000s ]
INFO: [ app_init ] --END-- [ RunTime:0.001001s ]

[ 2016-06-17T14:24:16+08:00 ] 127.0.0.1 /ck_thinkphp/index.php/Admin/Access/index.html
INFO: [ app_init ] --START--
INFO: Run Behavior\BuildLiteBehavior [ RunTime:0.000000s ]
INFO: [ app_init ] --END-- [ RunTime:0.000000s ]

[ 2016-06-17T14:25:18+08:00 ] 127.0.0.1 /ck_thinkphp/index.php/Admin/Access/index.html
INFO: [ app_init ] --START--
INFO: Run Behavior\BuildLiteBehavior [ RunTime:0.000000s ]
INFO: [ app_init ] --END-- [ RunTime:0.001000s ]

[ 2016-06-17T14:25:35+08:00 ] 127.0.0.1 /ck_thinkphp/index.php/Admin/Index/index.html
INFO: [ app_init ] --START--
INFO: Run Behavior\BuildLiteBehavior [ RunTime:0.000000s ]
INFO: [ app_init ] --END-- [ RunTime:0.001000s ]

[ 2016-06-17T14:27:22+08:00 ] 127.0.0.1 /ck_thinkphp/index.php/Admin/Index/index.html
INFO: [ app_init ] --START--
INFO: Run Behavior\BuildLiteBehavior [ RunTime:0.000000s ]
INFO: [ app_init ] --END-- [ RunTime:0.000000s ]

[ 2016-06-17T14:31:55+08:00 ] 127.0.0.1 /ck_thinkphp/index.php/Admin/Index/index.html
INFO: [ app_init ] --START--
INFO: Run Behavior\BuildLiteBehavior [ RunTime:0.000000s ]
INFO: [ app_init ] --END-- [ RunTime:0.000000s ]

[ 2016-06-17T14:33:01+08:00 ] 127.0.0.1 /ck_thinkphp/index.php/Admin/Index/index.html
INFO: [ app_init ] --START--
INFO: Run Behavior\BuildLiteBehavior [ RunTime:0.001000s ]
INFO: [ app_init ] --END-- [ RunTime:0.001000s ]

[ 2016-06-17T14:33:31+08:00 ] 127.0.0.1 /ck_thinkphp/index.php/Admin/Index/index.html
INFO: [ app_init ] --START--
INFO: Run Behavior\BuildLiteBehavior [ RunTime:0.000000s ]
INFO: [ app_init ] --END-- [ RunTime:0.001000s ]

[ 2016-06-17T14:33:32+08:00 ] 127.0.0.1 /ck_thinkphp/index.php/Admin/News/index
INFO: [ app_init ] --START--
INFO: Run Behavior\BuildLiteBehavior [ RunTime:0.000000s ]
INFO: [ app_init ] --END-- [ RunTime:0.001000s ]

[ 2016-06-17T14:33:35+08:00 ] 127.0.0.1 /ck_thinkphp/index.php/Admin/Index/index.html
INFO: [ app_init ] --START--
INFO: Run Behavior\BuildLiteBehavior [ RunTime:0.000000s ]
INFO: [ app_init ] --END-- [ RunTime:0.001000s ]

[ 2016-06-17T14:33:42+08:00 ] 127.0.0.1 /ck_thinkphp/index.php/Admin/Index/index.html
INFO: [ app_init ] --START--
INFO: Run Behavior\BuildLiteBehavior [ RunTime:0.000000s ]
INFO: [ app_init ] --END-- [ RunTime:0.001000s ]

[ 2016-06-17T14:33:42+08:00 ] 127.0.0.1 /ck_thinkphp/index.php/Admin/Public/index.html
INFO: [ app_init ] --START--
INFO: Run Behavior\BuildLiteBehavior [ RunTime:0.000000s ]
INFO: [ app_init ] --END-- [ RunTime:0.001000s ]

[ 2016-06-17T14:33:42+08:00 ] 127.0.0.1 /ck_thinkphp/index.php/Admin/Public/verify_code
INFO: [ app_init ] --START--
INFO: Run Behavior\BuildLiteBehavior [ RunTime:0.001000s ]
INFO: [ app_init ] --END-- [ RunTime:0.001000s ]

[ 2016-06-17T14:33:49+08:00 ] 127.0.0.1 /ck_thinkphp/index.php/Admin/Public/verify_code?rand=0.20288961711826825
INFO: [ app_init ] --START--
INFO: Run Behavior\BuildLiteBehavior [ RunTime:0.000000s ]
INFO: [ app_init ] --END-- [ RunTime:0.001000s ]

[ 2016-06-17T14:33:49+08:00 ] 127.0.0.1 /ck_thinkphp/index.php/Admin/Public/verify_code?rand=0.20288961711826825?rand=0.28133172180794175
INFO: [ app_init ] --START--
INFO: Run Behavior\BuildLiteBehavior [ RunTime:0.000000s ]
INFO: [ app_init ] --END-- [ RunTime:0.001000s ]

[ 2016-06-17T14:33:52+08:00 ] 127.0.0.1 /ck_thinkphp/index.php/Admin/Public/index
INFO: [ app_init ] --START--
INFO: Run Behavior\BuildLiteBehavior [ RunTime:0.000000s ]
INFO: [ app_init ] --END-- [ RunTime:0.001000s ]

[ 2016-06-17T14:33:54+08:00 ] 127.0.0.1 /ck_thinkphp/index.php/Admin/Index/index.html
INFO: [ app_init ] --START--
INFO: Run Behavior\BuildLiteBehavior [ RunTime:0.000000s ]
INFO: [ app_init ] --END-- [ RunTime:0.000000s ]

[ 2016-06-17T14:33:55+08:00 ] 127.0.0.1 /ck_thinkphp/index.php/Admin/News/index
INFO: [ app_init ] --START--
INFO: Run Behavior\BuildLiteBehavior [ RunTime:0.000000s ]
INFO: [ app_init ] --END-- [ RunTime:0.001000s ]

[ 2016-06-17T14:33:58+08:00 ] 127.0.0.1 /ck_thinkphp/index.php/Admin/Index/index.html
INFO: [ app_init ] --START--
INFO: Run Behavior\BuildLiteBehavior [ RunTime:0.000000s ]
INFO: [ app_init ] --END-- [ RunTime:0.000000s ]

[ 2016-06-17T14:33:59+08:00 ] 127.0.0.1 /ck_thinkphp/index.php/Admin/Access/index
INFO: [ app_init ] --START--
INFO: Run Behavior\BuildLiteBehavior [ RunTime:0.000000s ]
INFO: [ app_init ] --END-- [ RunTime:0.001000s ]

[ 2016-06-17T14:34:08+08:00 ] 127.0.0.1 /ck_thinkphp/index.php/Admin/Index/index
INFO: [ app_init ] --START--
INFO: Run Behavior\BuildLiteBehavior [ RunTime:0.001000s ]
INFO: [ app_init ] --END-- [ RunTime:0.001000s ]

[ 2016-06-17T14:34:12+08:00 ] 127.0.0.1 /ck_thinkphp/index.php/Admin/Index/index
INFO: [ app_init ] --START--
INFO: Run Behavior\BuildLiteBehavior [ RunTime:0.000000s ]
INFO: [ app_init ] --END-- [ RunTime:0.001000s ]

[ 2016-06-17T14:34:13+08:00 ] 127.0.0.1 /ck_thinkphp/index.php/Admin/Index/myInfo
INFO: [ app_init ] --START--
INFO: Run Behavior\BuildLiteBehavior [ RunTime:0.000000s ]
INFO: [ app_init ] --END-- [ RunTime:0.001000s ]

[ 2016-06-17T14:34:17+08:00 ] 127.0.0.1 /ck_thinkphp/index.php/Admin/Access/index
INFO: [ app_init ] --START--
INFO: Run Behavior\BuildLiteBehavior [ RunTime:0.000000s ]
INFO: [ app_init ] --END-- [ RunTime:0.000000s ]

[ 2016-06-17T14:34:20+08:00 ] 127.0.0.1 /ck_thinkphp/index.php/Admin/News/index
INFO: [ app_init ] --START--
INFO: Run Behavior\BuildLiteBehavior [ RunTime:0.000000s ]
INFO: [ app_init ] --END-- [ RunTime:0.000000s ]

[ 2016-06-17T14:34:23+08:00 ] 127.0.0.1 /ck_thinkphp/index.php/Admin/Access/index
INFO: [ app_init ] --START--
INFO: Run Behavior\BuildLiteBehavior [ RunTime:0.000000s ]
INFO: [ app_init ] --END-- [ RunTime:0.001000s ]

[ 2016-06-17T14:34:25+08:00 ] 127.0.0.1 /ck_thinkphp/index.php/Admin/Index/index
INFO: [ app_init ] --START--
INFO: Run Behavior\BuildLiteBehavior [ RunTime:0.000000s ]
INFO: [ app_init ] --END-- [ RunTime:0.001000s ]

[ 2016-06-17T14:34:26+08:00 ] 127.0.0.1 /ck_thinkphp/index.php/Admin/Index/index
INFO: [ app_init ] --START--
INFO: Run Behavior\BuildLiteBehavior [ RunTime:0.000000s ]
INFO: [ app_init ] --END-- [ RunTime:0.001000s ]

[ 2016-06-17T14:34:28+08:00 ] 127.0.0.1 /ck_thinkphp/index.php/Admin/Index/myInfo
INFO: [ app_init ] --START--
INFO: Run Behavior\BuildLiteBehavior [ RunTime:0.000000s ]
INFO: [ app_init ] --END-- [ RunTime:0.000000s ]

[ 2016-06-17T14:34:33+08:00 ] 127.0.0.1 /ck_thinkphp/index.php/Admin/News/index
INFO: [ app_init ] --START--
INFO: Run Behavior\BuildLiteBehavior [ RunTime:0.000000s ]
INFO: [ app_init ] --END-- [ RunTime:0.000000s ]

[ 2016-06-17T14:34:36+08:00 ] 127.0.0.1 /ck_thinkphp/index.php/Admin/Index/myInfo
INFO: [ app_init ] --START--
INFO: Run Behavior\BuildLiteBehavior [ RunTime:0.000000s ]
INFO: [ app_init ] --END-- [ RunTime:0.000000s ]

[ 2016-06-17T14:34:38+08:00 ] 127.0.0.1 /ck_thinkphp/index.php/Admin/Access/index
INFO: [ app_init ] --START--
INFO: Run Behavior\BuildLiteBehavior [ RunTime:0.000000s ]
INFO: [ app_init ] --END-- [ RunTime:0.000000s ]

[ 2016-06-17T14:34:42+08:00 ] 127.0.0.1 /ck_thinkphp/index.php/Admin/Index/index
INFO: [ app_init ] --START--
INFO: Run Behavior\BuildLiteBehavior [ RunTime:0.000000s ]
INFO: [ app_init ] --END-- [ RunTime:0.001000s ]

[ 2016-06-17T14:34:50+08:00 ] 127.0.0.1 /ck_thinkphp/index.php/Admin/Index/myInfo
INFO: [ app_init ] --START--
INFO: Run Behavior\BuildLiteBehavior [ RunTime:0.000000s ]
INFO: [ app_init ] --END-- [ RunTime:0.001000s ]

[ 2016-06-17T14:34:53+08:00 ] 127.0.0.1 /ck_thinkphp/index.php/Admin/Access/index
INFO: [ app_init ] --START--
INFO: Run Behavior\BuildLiteBehavior [ RunTime:0.001000s ]
INFO: [ app_init ] --END-- [ RunTime:0.001000s ]

[ 2016-06-17T14:35:14+08:00 ] 127.0.0.1 /ck_thinkphp/index.php/Admin/Access/index
INFO: [ app_init ] --START--
INFO: Run Behavior\BuildLiteBehavior [ RunTime:0.000000s ]
INFO: [ app_init ] --END-- [ RunTime:0.000000s ]

[ 2016-06-17T14:35:16+08:00 ] 127.0.0.1 /ck_thinkphp/index.php/Admin/Index/index
INFO: [ app_init ] --START--
INFO: Run Behavior\BuildLiteBehavior [ RunTime:0.000000s ]
INFO: [ app_init ] --END-- [ RunTime:0.001000s ]

[ 2016-06-17T14:35:19+08:00 ] 127.0.0.1 /ck_thinkphp/index.php/Admin/Access/index
INFO: [ app_init ] --START--
INFO: Run Behavior\BuildLiteBehavior [ RunTime:0.000000s ]
INFO: [ app_init ] --END-- [ RunTime:0.001000s ]

[ 2016-06-17T14:38:29+08:00 ] 127.0.0.1 /ck_thinkphp/index.php/Admin/Access/index
INFO: [ app_init ] --START--
INFO: Run Behavior\BuildLiteBehavior [ RunTime:0.000000s ]
INFO: [ app_init ] --END-- [ RunTime:0.002001s ]

[ 2016-06-17T14:39:49+08:00 ] 127.0.0.1 /ck_thinkphp/index.php/Admin/Access/index
INFO: [ app_init ] --START--
INFO: Run Behavior\BuildLiteBehavior [ RunTime:0.000000s ]
INFO: [ app_init ] --END-- [ RunTime:0.000000s ]

[ 2016-06-17T14:39:57+08:00 ] 127.0.0.1 /ck_thinkphp/index.php/Admin/Access/index
INFO: [ app_init ] --START--
INFO: Run Behavior\BuildLiteBehavior [ RunTime:0.000000s ]
INFO: [ app_init ] --END-- [ RunTime:0.001000s ]

[ 2016-06-17T14:39:59+08:00 ] 127.0.0.1 /ck_thinkphp/index.php/Admin/Access/index
INFO: [ app_init ] --START--
INFO: Run Behavior\BuildLiteBehavior [ RunTime:0.000000s ]
INFO: [ app_init ] --END-- [ RunTime:0.001000s ]

[ 2016-06-17T14:40:00+08:00 ] 127.0.0.1 /ck_thinkphp/index.php/Admin/Access/addAdmin
INFO: [ app_init ] --START--
INFO: Run Behavior\BuildLiteBehavior [ RunTime:0.000000s ]
INFO: [ app_init ] --END-- [ RunTime:0.000000s ]

[ 2016-06-17T14:40:01+08:00 ] 127.0.0.1 /ck_thinkphp/index.php/Admin/Access/index
INFO: [ app_init ] --START--
INFO: Run Behavior\BuildLiteBehavior [ RunTime:0.000000s ]
INFO: [ app_init ] --END-- [ RunTime:0.001000s ]

[ 2016-06-17T14:40:03+08:00 ] 127.0.0.1 /ck_thinkphp/index.php/Admin/Access/roleList
INFO: [ app_init ] --START--
INFO: Run Behavior\BuildLiteBehavior [ RunTime:0.000000s ]
INFO: [ app_init ] --END-- [ RunTime:0.000000s ]

[ 2016-06-17T14:40:03+08:00 ] 127.0.0.1 /ck_thinkphp/index.php/Admin/Access/addRole
INFO: [ app_init ] --START--
INFO: Run Behavior\BuildLiteBehavior [ RunTime:0.000000s ]
INFO: [ app_init ] --END-- [ RunTime:0.001000s ]

[ 2016-06-17T14:40:04+08:00 ] 127.0.0.1 /ck_thinkphp/index.php/Admin/Access/nodeList
INFO: [ app_init ] --START--
INFO: Run Behavior\BuildLiteBehavior [ RunTime:0.000000s ]
INFO: [ app_init ] --END-- [ RunTime:0.000000s ]

[ 2016-06-17T14:40:06+08:00 ] 127.0.0.1 /ck_thinkphp/index.php/Admin/Access/addNode
INFO: [ app_init ] --START--
INFO: Run Behavior\BuildLiteBehavior [ RunTime:0.000000s ]
INFO: [ app_init ] --END-- [ RunTime:0.000000s ]

[ 2016-06-17T14:40:07+08:00 ] 127.0.0.1 /ck_thinkphp/index.php/Admin/Access/index
INFO: [ app_init ] --START--
INFO: Run Behavior\BuildLiteBehavior [ RunTime:0.001000s ]
INFO: [ app_init ] --END-- [ RunTime:0.001000s ]

[ 2016-06-17T14:40:19+08:00 ] 127.0.0.1 /ck_thinkphp/index.php/Admin/Access/editAdmin?aid=2
INFO: [ app_init ] --START--
INFO: Run Behavior\BuildLiteBehavior [ RunTime:0.000000s ]
INFO: [ app_init ] --END-- [ RunTime:0.000000s ]

[ 2016-06-17T14:40:23+08:00 ] 127.0.0.1 /ck_thinkphp/index.php/Admin/Access/index
INFO: [ app_init ] --START--
INFO: Run Behavior\BuildLiteBehavior [ RunTime:0.000000s ]
INFO: [ app_init ] --END-- [ RunTime:0.000000s ]

[ 2016-06-17T14:47:43+08:00 ] 127.0.0.1 /ck_thinkphp/index.php/Admin/Access/index
INFO: [ app_init ] --START--
INFO: Run Behavior\BuildLiteBehavior [ RunTime:0.000000s ]
INFO: [ app_init ] --END-- [ RunTime:0.001000s ]
ERR: Think\Model:admin_list方法不存在！

[ 2016-06-17T14:48:12+08:00 ] 127.0.0.1 /ck_thinkphp/index.php/Admin/Access/index
INFO: [ app_init ] --START--
INFO: Run Behavior\BuildLiteBehavior [ RunTime:0.000000s ]
INFO: [ app_init ] --END-- [ RunTime:0.001000s ]
ERR: Think\Model:admin_list方法不存在！

[ 2016-06-17T14:48:13+08:00 ] 127.0.0.1 /ck_thinkphp/index.php/Admin/Access/index
INFO: [ app_init ] --START--
INFO: Run Behavior\BuildLiteBehavior [ RunTime:0.000000s ]
INFO: [ app_init ] --END-- [ RunTime:0.001000s ]
ERR: Think\Model:admin_list方法不存在！

[ 2016-06-17T15:14:20+08:00 ] 127.0.0.1 /ck_thinkphp/index.php/Admin/Access/index
INFO: [ app_init ] --START--
INFO: Run Behavior\BuildLiteBehavior [ RunTime:0.000000s ]
INFO: [ app_init ] --END-- [ RunTime:0.001000s ]
ERR: Think\Model:admin_list方法不存在！

[ 2016-06-17T15:15:39+08:00 ] 127.0.0.1 /ck_thinkphp/index.php/Admin/Access/index
INFO: [ app_init ] --START--
INFO: Run Behavior\BuildLiteBehavior [ RunTime:0.000000s ]
INFO: [ app_init ] --END-- [ RunTime:0.001000s ]
ERR: Think\Model:admin_list方法不存在！

[ 2016-06-17T15:15:40+08:00 ] 127.0.0.1 /ck_thinkphp/index.php/Admin/Access/index
INFO: [ app_init ] --START--
INFO: Run Behavior\BuildLiteBehavior [ RunTime:0.000000s ]
INFO: [ app_init ] --END-- [ RunTime:0.001000s ]
ERR: Think\Model:admin_list方法不存在！

[ 2016-06-17T15:15:41+08:00 ] 127.0.0.1 /ck_thinkphp/index.php/Admin/Access/index
INFO: [ app_init ] --START--
INFO: Run Behavior\BuildLiteBehavior [ RunTime:0.000000s ]
INFO: [ app_init ] --END-- [ RunTime:0.001000s ]
ERR: Think\Model:admin_list方法不存在！

[ 2016-06-17T15:15:41+08:00 ] 127.0.0.1 /ck_thinkphp/index.php/Admin/Access/index
INFO: [ app_init ] --START--
INFO: Run Behavior\BuildLiteBehavior [ RunTime:0.000000s ]
INFO: [ app_init ] --END-- [ RunTime:0.001001s ]
ERR: Think\Model:admin_list方法不存在！

[ 2016-06-17T15:15:41+08:00 ] 127.0.0.1 /ck_thinkphp/index.php/Admin/Access/index
INFO: [ app_init ] --START--
INFO: Run Behavior\BuildLiteBehavior [ RunTime:0.000000s ]
INFO: [ app_init ] --END-- [ RunTime:0.000000s ]
ERR: Think\Model:admin_list方法不存在！

[ 2016-06-17T15:17:28+08:00 ] 127.0.0.1 /ck_thinkphp/index.php/Admin/Access/index
INFO: [ app_init ] --START--
INFO: Run Behavior\BuildLiteBehavior [ RunTime:0.000000s ]
INFO: [ app_init ] --END-- [ RunTime:0.001000s ]
ERR: 1146:Table 'knowledgesummary.ks_authadmin' doesn't exist
 [ SQL语句 ] : SHOW COLUMNS FROM `ks_authadmin`

[ 2016-06-17T15:17:29+08:00 ] 127.0.0.1 /ck_thinkphp/index.php/Admin/Access/index
INFO: [ app_init ] --START--
INFO: Run Behavior\BuildLiteBehavior [ RunTime:0.000000s ]
INFO: [ app_init ] --END-- [ RunTime:0.001000s ]
ERR: 1146:Table 'knowledgesummary.ks_authadmin' doesn't exist
 [ SQL语句 ] : SHOW COLUMNS FROM `ks_authadmin`

[ 2016-06-17T15:17:41+08:00 ] 127.0.0.1 /ck_thinkphp/index.php/Admin/Access/index
INFO: [ app_init ] --START--
INFO: Run Behavior\BuildLiteBehavior [ RunTime:0.001000s ]
INFO: [ app_init ] --END-- [ RunTime:0.001000s ]
ERR: Think\Model:admin_list方法不存在！

[ 2016-06-17T15:18:44+08:00 ] 127.0.0.1 /ck_thinkphp/index.php/Admin/Access/index
INFO: [ app_init ] --START--
INFO: Run Behavior\BuildLiteBehavior [ RunTime:0.000000s ]
INFO: [ app_init ] --END-- [ RunTime:0.000000s ]
ERR: 1146:Table 'knowledgesummary.ks_auth__admin' doesn't exist
 [ SQL语句 ] : SHOW COLUMNS FROM `ks_auth__admin`

[ 2016-06-17T15:20:19+08:00 ] 127.0.0.1 /ck_thinkphp/index.php/Admin/Access/index
INFO: [ app_init ] --START--
INFO: Run Behavior\BuildLiteBehavior [ RunTime:0.000000s ]
INFO: [ app_init ] --END-- [ RunTime:0.001000s ]

[ 2016-06-17T15:21:44+08:00 ] 127.0.0.1 /ck_thinkphp/index.php/Admin/Access/index
INFO: [ app_init ] --START--
INFO: Run Behavior\BuildLiteBehavior [ RunTime:0.000000s ]
INFO: [ app_init ] --END-- [ RunTime:0.001000s ]

[ 2016-06-17T15:38:57+08:00 ] 127.0.0.1 /ck_thinkphp/index.php/Admin/Access/index
INFO: [ app_init ] --START--
INFO: Run Behavior\BuildLiteBehavior [ RunTime:0.000000s ]
INFO: [ app_init ] --END-- [ RunTime:0.001000s ]

[ 2016-06-17T15:39:00+08:00 ] 127.0.0.1 /ck_thinkphp/index.php/Admin/Public/index.html
INFO: [ app_init ] --START--
INFO: Run Behavior\BuildLiteBehavior [ RunTime:0.000000s ]
INFO: [ app_init ] --END-- [ RunTime:0.001000s ]

[ 2016-06-17T15:39:01+08:00 ] 127.0.0.1 /ck_thinkphp/index.php/Admin/Public/verify_code
INFO: [ app_init ] --START--
INFO: Run Behavior\BuildLiteBehavior [ RunTime:0.000000s ]
INFO: [ app_init ] --END-- [ RunTime:0.001000s ]

[ 2016-06-17T15:39:06+08:00 ] 127.0.0.1 /ck_thinkphp/index.php/Admin/Public/index
INFO: [ app_init ] --START--
INFO: Run Behavior\BuildLiteBehavior [ RunTime:0.000000s ]
INFO: [ app_init ] --END-- [ RunTime:0.001000s ]

[ 2016-06-17T15:39:07+08:00 ] 127.0.0.1 /ck_thinkphp/index.php/Admin/Index/index.html
INFO: [ app_init ] --START--
INFO: Run Behavior\BuildLiteBehavior [ RunTime:0.000000s ]
INFO: [ app_init ] --END-- [ RunTime:0.001000s ]

[ 2016-06-17T15:39:11+08:00 ] 127.0.0.1 /ck_thinkphp/index.php/Admin/Access/index
INFO: [ app_init ] --START--
INFO: Run Behavior\BuildLiteBehavior [ RunTime:0.000000s ]
INFO: [ app_init ] --END-- [ RunTime:0.001000s ]

[ 2016-06-17T15:39:13+08:00 ] 127.0.0.1 /ck_thinkphp/index.php/Admin/Access/index
INFO: [ app_init ] --START--
INFO: Run Behavior\BuildLiteBehavior [ RunTime:0.000000s ]
INFO: [ app_init ] --END-- [ RunTime:0.001000s ]

[ 2016-06-17T15:39:31+08:00 ] 127.0.0.1 /ck_thinkphp/index.php/Admin/Access/addAdmin
INFO: [ app_init ] --START--
INFO: Run Behavior\BuildLiteBehavior [ RunTime:0.000000s ]
INFO: [ app_init ] --END-- [ RunTime:0.001000s ]

[ 2016-06-17T15:40:18+08:00 ] 127.0.0.1 /ck_thinkphp/index.php/Admin/Access/addAdmin
INFO: [ app_init ] --START--
INFO: Run Behavior\BuildLiteBehavior [ RunTime:0.000000s ]
INFO: [ app_init ] --END-- [ RunTime:0.001000s ]

[ 2016-06-17T15:41:25+08:00 ] 127.0.0.1 /ck_thinkphp/index.php/Admin/Access/addAdmin
INFO: [ app_init ] --START--
INFO: Run Behavior\BuildLiteBehavior [ RunTime:0.000000s ]
INFO: [ app_init ] --END-- [ RunTime:0.000000s ]

[ 2016-06-17T15:41:26+08:00 ] 127.0.0.1 /ck_thinkphp/index.php/Admin/Access/addAdmin
INFO: [ app_init ] --START--
INFO: Run Behavior\BuildLiteBehavior [ RunTime:0.000000s ]
INFO: [ app_init ] --END-- [ RunTime:0.001000s ]

[ 2016-06-17T15:41:27+08:00 ] 127.0.0.1 /ck_thinkphp/index.php/Admin/Access/addAdmin
INFO: [ app_init ] --START--
INFO: Run Behavior\BuildLiteBehavior [ RunTime:0.000000s ]
INFO: [ app_init ] --END-- [ RunTime:0.001000s ]

[ 2016-06-17T15:41:39+08:00 ] 127.0.0.1 /ck_thinkphp/index.php/Admin/Access/addAdmin
INFO: [ app_init ] --START--
INFO: Run Behavior\BuildLiteBehavior [ RunTime:0.000000s ]
INFO: [ app_init ] --END-- [ RunTime:0.001000s ]

[ 2016-06-17T15:41:39+08:00 ] 127.0.0.1 /ck_thinkphp/index.php/Admin/Public/index.html
INFO: [ app_init ] --START--
INFO: Run Behavior\BuildLiteBehavior [ RunTime:0.000000s ]
INFO: [ app_init ] --END-- [ RunTime:0.001000s ]

[ 2016-06-17T15:41:39+08:00 ] 127.0.0.1 /ck_thinkphp/index.php/Admin/Public/verify_code
INFO: [ app_init ] --START--
INFO: Run Behavior\BuildLiteBehavior [ RunTime:0.000000s ]
INFO: [ app_init ] --END-- [ RunTime:0.001000s ]

[ 2016-06-17T15:41:52+08:00 ] 127.0.0.1 /ck_thinkphp/index.php/Admin/Public/index
INFO: [ app_init ] --START--
INFO: Run Behavior\BuildLiteBehavior [ RunTime:0.000000s ]
INFO: [ app_init ] --END-- [ RunTime:0.001000s ]

[ 2016-06-17T15:41:53+08:00 ] 127.0.0.1 /ck_thinkphp/index.php/Admin/Index/index.html
INFO: [ app_init ] --START--
INFO: Run Behavior\BuildLiteBehavior [ RunTime:0.000000s ]
INFO: [ app_init ] --END-- [ RunTime:0.002001s ]

[ 2016-06-17T15:41:55+08:00 ] 127.0.0.1 /ck_thinkphp/index.php/Admin/Access/index
INFO: [ app_init ] --START--
INFO: Run Behavior\BuildLiteBehavior [ RunTime:0.000000s ]
INFO: [ app_init ] --END-- [ RunTime:0.001000s ]

[ 2016-06-17T15:41:57+08:00 ] 127.0.0.1 /ck_thinkphp/index.php/Admin/Access/index
INFO: [ app_init ] --START--
INFO: Run Behavior\BuildLiteBehavior [ RunTime:0.000000s ]
INFO: [ app_init ] --END-- [ RunTime:0.001000s ]

[ 2016-06-17T15:41:58+08:00 ] 127.0.0.1 /ck_thinkphp/index.php/Admin/Access/addAdmin
INFO: [ app_init ] --START--
INFO: Run Behavior\BuildLiteBehavior [ RunTime:0.000000s ]
INFO: [ app_init ] --END-- [ RunTime:0.001000s ]

[ 2016-06-17T15:43:04+08:00 ] 127.0.0.1 /ck_thinkphp/index.php/Admin/Access/index
INFO: [ app_init ] --START--
INFO: Run Behavior\BuildLiteBehavior [ RunTime:0.000000s ]
INFO: [ app_init ] --END-- [ RunTime:0.000000s ]

[ 2016-06-17T15:43:11+08:00 ] 127.0.0.1 /ck_thinkphp/index.php/Admin/Access/editAdmin?aid=2
INFO: [ app_init ] --START--
INFO: Run Behavior\BuildLiteBehavior [ RunTime:0.000000s ]
INFO: [ app_init ] --END-- [ RunTime:0.001000s ]

[ 2016-06-17T15:43:34+08:00 ] 127.0.0.1 /ck_thinkphp/index.php/Admin/Access/addAdmin
INFO: [ app_init ] --START--
INFO: Run Behavior\BuildLiteBehavior [ RunTime:0.000000s ]
INFO: [ app_init ] --END-- [ RunTime:0.001000s ]

[ 2016-06-17T15:44:49+08:00 ] 127.0.0.1 /ck_thinkphp/index.php/Admin/Access/addAdmin
INFO: [ app_init ] --START--
INFO: Run Behavior\BuildLiteBehavior [ RunTime:0.000000s ]
INFO: [ app_init ] --END-- [ RunTime:0.001000s ]

[ 2016-06-17T15:45:49+08:00 ] 127.0.0.1 /ck_thinkphp/index.php/Admin/Access/index
INFO: [ app_init ] --START--
INFO: Run Behavior\BuildLiteBehavior [ RunTime:0.000000s ]
INFO: [ app_init ] --END-- [ RunTime:0.000000s ]

[ 2016-06-17T15:45:50+08:00 ] 127.0.0.1 /ck_thinkphp/index.php/Admin/Access/editAdmin?aid=2
INFO: [ app_init ] --START--
INFO: Run Behavior\BuildLiteBehavior [ RunTime:0.000000s ]
INFO: [ app_init ] --END-- [ RunTime:0.001000s ]

[ 2016-06-17T15:46:15+08:00 ] 127.0.0.1 /ck_thinkphp/index.php/Admin/Access/index
INFO: [ app_init ] --START--
INFO: Run Behavior\BuildLiteBehavior [ RunTime:0.000000s ]
INFO: [ app_init ] --END-- [ RunTime:0.001000s ]

[ 2016-06-17T15:49:05+08:00 ] 127.0.0.1 /ck_thinkphp/index.php/Admin/Access/index
INFO: [ app_init ] --START--
INFO: Run Behavior\BuildLiteBehavior [ RunTime:0.000000s ]
INFO: [ app_init ] --END-- [ RunTime:0.000000s ]

[ 2016-06-17T15:49:06+08:00 ] 127.0.0.1 /ck_thinkphp/index.php/Admin/Access/addAdmin
INFO: [ app_init ] --START--
INFO: Run Behavior\BuildLiteBehavior [ RunTime:0.001000s ]
INFO: [ app_init ] --END-- [ RunTime:0.001000s ]

[ 2016-06-17T15:49:35+08:00 ] 127.0.0.1 /ck_thinkphp/index.php/Admin/Access/addAdmin
INFO: [ app_init ] --START--
INFO: Run Behavior\BuildLiteBehavior [ RunTime:0.000000s ]
INFO: [ app_init ] --END-- [ RunTime:0.000000s ]

[ 2016-06-17T15:49:39+08:00 ] 127.0.0.1 /ck_thinkphp/index.php/Admin/Access/index.html
INFO: [ app_init ] --START--
INFO: Run Behavior\BuildLiteBehavior [ RunTime:0.000000s ]
INFO: [ app_init ] --END-- [ RunTime:0.001000s ]

[ 2016-06-17T15:53:09+08:00 ] 127.0.0.1 /ck_thinkphp/index.php/Admin/Access/editAdmin?aid=5
INFO: [ app_init ] --START--
INFO: Run Behavior\BuildLiteBehavior [ RunTime:0.000000s ]
INFO: [ app_init ] --END-- [ RunTime:0.001000s ]

[ 2016-06-17T15:53:20+08:00 ] 127.0.0.1 /ck_thinkphp/index.php/Admin/Access/editAdmin
INFO: [ app_init ] --START--
INFO: Run Behavior\BuildLiteBehavior [ RunTime:0.000000s ]
INFO: [ app_init ] --END-- [ RunTime:0.001000s ]

[ 2016-06-17T15:54:07+08:00 ] 127.0.0.1 /ck_thinkphp/index.php/Admin/Access/editAdmin?aid=5
INFO: [ app_init ] --START--
INFO: Run Behavior\BuildLiteBehavior [ RunTime:0.000000s ]
INFO: [ app_init ] --END-- [ RunTime:0.001000s ]

[ 2016-06-17T15:54:12+08:00 ] 127.0.0.1 /ck_thinkphp/index.php/Admin/Access/editAdmin
INFO: [ app_init ] --START--
INFO: Run Behavior\BuildLiteBehavior [ RunTime:0.000000s ]
INFO: [ app_init ] --END-- [ RunTime:0.001000s ]

[ 2016-06-17T15:54:15+08:00 ] 127.0.0.1 /ck_thinkphp/index.php/Admin/Access/index.html
INFO: [ app_init ] --START--
INFO: Run Behavior\BuildLiteBehavior [ RunTime:0.000000s ]
INFO: [ app_init ] --END-- [ RunTime:0.001000s ]

[ 2016-06-17T15:59:45+08:00 ] 127.0.0.1 /ck_thinkphp/index.php/Admin/Access/index.html
INFO: [ app_init ] --START--
INFO: Run Behavior\BuildLiteBehavior [ RunTime:0.000000s ]
INFO: [ app_init ] --END-- [ RunTime:0.000000s ]

[ 2016-06-17T15:59:48+08:00 ] 127.0.0.1 /ck_thinkphp/index.php/Admin/Access/addAdmin
INFO: [ app_init ] --START--
INFO: Run Behavior\BuildLiteBehavior [ RunTime:0.000000s ]
INFO: [ app_init ] --END-- [ RunTime:0.001000s ]

[ 2016-06-17T16:00:05+08:00 ] 127.0.0.1 /ck_thinkphp/index.php/Admin/Access/addAdmin
INFO: [ app_init ] --START--
INFO: Run Behavior\BuildLiteBehavior [ RunTime:0.000000s ]
INFO: [ app_init ] --END-- [ RunTime:0.000000s ]

[ 2016-06-17T16:00:08+08:00 ] 127.0.0.1 /ck_thinkphp/index.php/Admin/Access/addAdmin
INFO: [ app_init ] --START--
INFO: Run Behavior\BuildLiteBehavior [ RunTime:0.000000s ]
INFO: [ app_init ] --END-- [ RunTime:0.001001s ]

[ 2016-06-17T16:00:38+08:00 ] 127.0.0.1 /ck_thinkphp/index.php/Admin/Access/addAdmin
INFO: [ app_init ] --START--
INFO: Run Behavior\BuildLiteBehavior [ RunTime:0.000000s ]
INFO: [ app_init ] --END-- [ RunTime:0.001000s ]

[ 2016-06-17T16:00:41+08:00 ] 127.0.0.1 /ck_thinkphp/index.php/Admin/Access/index.html
INFO: [ app_init ] --START--
INFO: Run Behavior\BuildLiteBehavior [ RunTime:0.000000s ]
INFO: [ app_init ] --END-- [ RunTime:0.001000s ]

[ 2016-06-17T16:00:43+08:00 ] 127.0.0.1 /ck_thinkphp/index.php/Admin/Access/editAdmin?aid=6
INFO: [ app_init ] --START--
INFO: Run Behavior\BuildLiteBehavior [ RunTime:0.000000s ]
INFO: [ app_init ] --END-- [ RunTime:0.001000s ]

[ 2016-06-17T16:00:51+08:00 ] 127.0.0.1 /ck_thinkphp/index.php/Admin/Access/editAdmin
INFO: [ app_init ] --START--
INFO: Run Behavior\BuildLiteBehavior [ RunTime:0.000000s ]
INFO: [ app_init ] --END-- [ RunTime:0.001000s ]

[ 2016-06-17T16:00:54+08:00 ] 127.0.0.1 /ck_thinkphp/index.php/Admin/Access/index.html
INFO: [ app_init ] --START--
INFO: Run Behavior\BuildLiteBehavior [ RunTime:0.000000s ]
INFO: [ app_init ] --END-- [ RunTime:0.001000s ]

[ 2016-06-17T16:07:37+08:00 ] 127.0.0.1 /ck_thinkphp/index.php/Admin/Access/index.html
INFO: [ app_init ] --START--
INFO: Run Behavior\BuildLiteBehavior [ RunTime:0.000000s ]
INFO: [ app_init ] --END-- [ RunTime:0.000000s ]

[ 2016-06-17T16:07:39+08:00 ] 127.0.0.1 /ck_thinkphp/index.php/Admin/Access/editAdmin?aid=2
INFO: [ app_init ] --START--
INFO: Run Behavior\BuildLiteBehavior [ RunTime:0.000000s ]
INFO: [ app_init ] --END-- [ RunTime:0.001000s ]

[ 2016-06-17T16:07:47+08:00 ] 127.0.0.1 /ck_thinkphp/index.php/Admin/Access/index
INFO: [ app_init ] --START--
INFO: Run Behavior\BuildLiteBehavior [ RunTime:0.000000s ]
INFO: [ app_init ] --END-- [ RunTime:0.001000s ]

[ 2016-06-17T16:08:56+08:00 ] 127.0.0.1 /ck_thinkphp/index.php/Admin/Access/index
INFO: [ app_init ] --START--
INFO: Run Behavior\BuildLiteBehavior [ RunTime:0.000000s ]
INFO: [ app_init ] --END-- [ RunTime:0.001000s ]

[ 2016-06-17T16:08:57+08:00 ] 127.0.0.1 /ck_thinkphp/index.php/Admin/Access/editAdmin?aid=2
INFO: [ app_init ] --START--
INFO: Run Behavior\BuildLiteBehavior [ RunTime:0.000000s ]
INFO: [ app_init ] --END-- [ RunTime:0.001000s ]

[ 2016-06-17T16:10:50+08:00 ] 127.0.0.1 /ck_thinkphp/index.php/Admin/Access/editAdmin?aid=2
INFO: [ app_init ] --START--
INFO: Run Behavior\BuildLiteBehavior [ RunTime:0.000000s ]
INFO: [ app_init ] --END-- [ RunTime:0.001000s ]

[ 2016-06-17T16:10:56+08:00 ] 127.0.0.1 /ck_thinkphp/index.php/Admin/Access/index
INFO: [ app_init ] --START--
INFO: Run Behavior\BuildLiteBehavior [ RunTime:0.000000s ]
INFO: [ app_init ] --END-- [ RunTime:0.001000s ]

[ 2016-06-17T16:10:59+08:00 ] 127.0.0.1 /ck_thinkphp/index.php/Admin/Access/editAdmin?aid=3
INFO: [ app_init ] --START--
INFO: Run Behavior\BuildLiteBehavior [ RunTime:0.000000s ]
INFO: [ app_init ] --END-- [ RunTime:0.000000s ]

[ 2016-06-17T16:11:03+08:00 ] 127.0.0.1 /ck_thinkphp/index.php/Admin/Access/editAdmin
INFO: [ app_init ] --START--
INFO: Run Behavior\BuildLiteBehavior [ RunTime:0.000000s ]
INFO: [ app_init ] --END-- [ RunTime:0.001000s ]

[ 2016-06-17T16:11:06+08:00 ] 127.0.0.1 /ck_thinkphp/index.php/Admin/Access/index.html
INFO: [ app_init ] --START--
INFO: Run Behavior\BuildLiteBehavior [ RunTime:0.000000s ]
INFO: [ app_init ] --END-- [ RunTime:0.001000s ]

[ 2016-06-17T16:11:10+08:00 ] 127.0.0.1 /ck_thinkphp/index.php/Admin/Access/editAdmin?aid=3
INFO: [ app_init ] --START--
INFO: Run Behavior\BuildLiteBehavior [ RunTime:0.000000s ]
INFO: [ app_init ] --END-- [ RunTime:0.001000s ]

[ 2016-06-17T16:11:18+08:00 ] 127.0.0.1 /ck_thinkphp/index.php/Admin/Access/index
INFO: [ app_init ] --START--
INFO: Run Behavior\BuildLiteBehavior [ RunTime:0.000000s ]
INFO: [ app_init ] --END-- [ RunTime:0.001000s ]

[ 2016-06-17T16:11:35+08:00 ] 127.0.0.1 /ck_thinkphp/index.php/Admin/Access/editAdmin?aid=5
INFO: [ app_init ] --START--
INFO: Run Behavior\BuildLiteBehavior [ RunTime:0.000000s ]
INFO: [ app_init ] --END-- [ RunTime:0.000000s ]

[ 2016-06-17T16:11:38+08:00 ] 127.0.0.1 /ck_thinkphp/index.php/Admin/Access/editAdmin
INFO: [ app_init ] --START--
INFO: Run Behavior\BuildLiteBehavior [ RunTime:0.000000s ]
INFO: [ app_init ] --END-- [ RunTime:0.001000s ]

[ 2016-06-17T16:11:41+08:00 ] 127.0.0.1 /ck_thinkphp/index.php/Admin/Access/index.html
INFO: [ app_init ] --START--
INFO: Run Behavior\BuildLiteBehavior [ RunTime:0.000000s ]
INFO: [ app_init ] --END-- [ RunTime:0.001000s ]

[ 2016-06-17T16:11:43+08:00 ] 127.0.0.1 /ck_thinkphp/index.php/Admin/Access/editAdmin?aid=6
INFO: [ app_init ] --START--
INFO: Run Behavior\BuildLiteBehavior [ RunTime:0.001000s ]
INFO: [ app_init ] --END-- [ RunTime:0.001000s ]

[ 2016-06-17T16:11:45+08:00 ] 127.0.0.1 /ck_thinkphp/index.php/Admin/Access/editAdmin
INFO: [ app_init ] --START--
INFO: Run Behavior\BuildLiteBehavior [ RunTime:0.000000s ]
INFO: [ app_init ] --END-- [ RunTime:0.000000s ]

[ 2016-06-17T16:11:48+08:00 ] 127.0.0.1 /ck_thinkphp/index.php/Admin/Access/index.html
INFO: [ app_init ] --START--
INFO: Run Behavior\BuildLiteBehavior [ RunTime:0.001000s ]
INFO: [ app_init ] --END-- [ RunTime:0.001000s ]

[ 2016-06-17T16:11:52+08:00 ] 127.0.0.1 /ck_thinkphp/index.php/Admin/Access/editAdmin?aid=4
INFO: [ app_init ] --START--
INFO: Run Behavior\BuildLiteBehavior [ RunTime:0.000000s ]
INFO: [ app_init ] --END-- [ RunTime:0.000000s ]

[ 2016-06-17T16:11:59+08:00 ] 127.0.0.1 /ck_thinkphp/index.php/Admin/Access/editAdmin
INFO: [ app_init ] --START--
INFO: Run Behavior\BuildLiteBehavior [ RunTime:0.000000s ]
INFO: [ app_init ] --END-- [ RunTime:0.000000s ]

[ 2016-06-17T16:12:03+08:00 ] 127.0.0.1 /ck_thinkphp/index.php/Admin/Access/index.html
INFO: [ app_init ] --START--
INFO: Run Behavior\BuildLiteBehavior [ RunTime:0.000000s ]
INFO: [ app_init ] --END-- [ RunTime:0.001000s ]

[ 2016-06-17T16:12:08+08:00 ] 127.0.0.1 /ck_thinkphp/index.php/Admin/Access/editAdmin?aid=3
INFO: [ app_init ] --START--
INFO: Run Behavior\BuildLiteBehavior [ RunTime:0.000000s ]
INFO: [ app_init ] --END-- [ RunTime:0.001000s ]

[ 2016-06-17T16:12:12+08:00 ] 127.0.0.1 /ck_thinkphp/index.php/Admin/Access/editAdmin
INFO: [ app_init ] --START--
INFO: Run Behavior\BuildLiteBehavior [ RunTime:0.000000s ]
INFO: [ app_init ] --END-- [ RunTime:0.001000s ]

[ 2016-06-17T16:12:16+08:00 ] 127.0.0.1 /ck_thinkphp/index.php/Admin/Access/index.html
INFO: [ app_init ] --START--
INFO: Run Behavior\BuildLiteBehavior [ RunTime:0.000000s ]
INFO: [ app_init ] --END-- [ RunTime:0.000000s ]

[ 2016-06-17T16:13:13+08:00 ] 127.0.0.1 /ck_thinkphp/index.php/Admin/Access/index
INFO: [ app_init ] --START--
INFO: Run Behavior\BuildLiteBehavior [ RunTime:0.000000s ]
INFO: [ app_init ] --END-- [ RunTime:0.001000s ]

[ 2016-06-17T16:13:14+08:00 ] 127.0.0.1 /ck_thinkphp/index.php/Admin/Access/addAdmin
INFO: [ app_init ] --START--
INFO: Run Behavior\BuildLiteBehavior [ RunTime:0.000000s ]
INFO: [ app_init ] --END-- [ RunTime:0.000000s ]

[ 2016-06-17T16:13:20+08:00 ] 127.0.0.1 /ck_thinkphp/index.php/Admin/Access/roleList
INFO: [ app_init ] --START--
INFO: Run Behavior\BuildLiteBehavior [ RunTime:0.000000s ]
INFO: [ app_init ] --END-- [ RunTime:0.001000s ]

[ 2016-06-17T16:13:26+08:00 ] 127.0.0.1 /ck_thinkphp/index.php/Admin/Access/roleStatus
INFO: [ app_init ] --START--
INFO: Run Behavior\BuildLiteBehavior [ RunTime:0.000000s ]
INFO: [ app_init ] --END-- [ RunTime:0.001000s ]
INFO: [ app_begin ] --START--
INFO: Run Behavior\ReadHtmlCacheBehavior [ RunTime:0.001000s ]
INFO: [ app_begin ] --END-- [ RunTime:0.001000s ]

[ 2016-06-17T16:13:26+08:00 ] 127.0.0.1 /ck_thinkphp/index.php/Admin/Access/roleList
INFO: [ app_init ] --START--
INFO: Run Behavior\BuildLiteBehavior [ RunTime:0.000000s ]
INFO: [ app_init ] --END-- [ RunTime:0.001000s ]

[ 2016-06-17T16:13:27+08:00 ] 127.0.0.1 /ck_thinkphp/index.php/Admin/Access/roleStatus
INFO: [ app_init ] --START--
INFO: Run Behavior\BuildLiteBehavior [ RunTime:0.000000s ]
INFO: [ app_init ] --END-- [ RunTime:0.001000s ]
INFO: [ app_begin ] --START--
INFO: Run Behavior\ReadHtmlCacheBehavior [ RunTime:0.001000s ]
INFO: [ app_begin ] --END-- [ RunTime:0.001000s ]

[ 2016-06-17T16:13:27+08:00 ] 127.0.0.1 /ck_thinkphp/index.php/Admin/Access/roleList
INFO: [ app_init ] --START--
INFO: Run Behavior\BuildLiteBehavior [ RunTime:0.000000s ]
INFO: [ app_init ] --END-- [ RunTime:0.001000s ]

[ 2016-06-17T16:13:29+08:00 ] 127.0.0.1 /ck_thinkphp/index.php/Admin/Access/roleStatus
INFO: [ app_init ] --START--
INFO: Run Behavior\BuildLiteBehavior [ RunTime:0.000000s ]
INFO: [ app_init ] --END-- [ RunTime:0.001000s ]
INFO: [ app_begin ] --START--
INFO: Run Behavior\ReadHtmlCacheBehavior [ RunTime:0.002000s ]
INFO: [ app_begin ] --END-- [ RunTime:0.002000s ]

[ 2016-06-17T16:13:29+08:00 ] 127.0.0.1 /ck_thinkphp/index.php/Admin/Access/roleList
INFO: [ app_init ] --START--
INFO: Run Behavior\BuildLiteBehavior [ RunTime:0.001000s ]
INFO: [ app_init ] --END-- [ RunTime:0.001000s ]

[ 2016-06-17T16:13:30+08:00 ] 127.0.0.1 /ck_thinkphp/index.php/Admin/Access/roleStatus
INFO: [ app_init ] --START--
INFO: Run Behavior\BuildLiteBehavior [ RunTime:0.000000s ]
INFO: [ app_init ] --END-- [ RunTime:0.001000s ]
INFO: [ app_begin ] --START--
INFO: Run Behavior\ReadHtmlCacheBehavior [ RunTime:0.001000s ]
INFO: [ app_begin ] --END-- [ RunTime:0.001000s ]

[ 2016-06-17T16:13:30+08:00 ] 127.0.0.1 /ck_thinkphp/index.php/Admin/Access/roleList
INFO: [ app_init ] --START--
INFO: Run Behavior\BuildLiteBehavior [ RunTime:0.000000s ]
INFO: [ app_init ] --END-- [ RunTime:0.001000s ]

[ 2016-06-17T16:15:36+08:00 ] 127.0.0.1 /ck_thinkphp/index.php/Admin/Access/roleList
INFO: [ app_init ] --START--
INFO: Run Behavior\BuildLiteBehavior [ RunTime:0.000000s ]
INFO: [ app_init ] --END-- [ RunTime:0.001000s ]

[ 2016-06-17T16:18:58+08:00 ] 127.0.0.1 /ck_thinkphp/index.php/Admin/Access/roleList
INFO: [ app_init ] --START--
INFO: Run Behavior\BuildLiteBehavior [ RunTime:0.000000s ]
INFO: [ app_init ] --END-- [ RunTime:0.001000s ]

[ 2016-06-17T16:19:07+08:00 ] 127.0.0.1 /ck_thinkphp/index.php/Admin/Access/roleList
INFO: [ app_init ] --START--
INFO: Run Behavior\BuildLiteBehavior [ RunTime:0.000000s ]
INFO: [ app_init ] --END-- [ RunTime:0.001000s ]

[ 2016-06-17T16:19:32+08:00 ] 127.0.0.1 /ck_thinkphp/index.php/Admin/Access/editRole?id=3
INFO: [ app_init ] --START--
INFO: Run Behavior\BuildLiteBehavior [ RunTime:0.000000s ]
INFO: [ app_init ] --END-- [ RunTime:0.000000s ]

[ 2016-06-17T16:19:47+08:00 ] 127.0.0.1 /ck_thinkphp/index.php/Admin/Access/changeRole?id=3
INFO: [ app_init ] --START--
INFO: Run Behavior\BuildLiteBehavior [ RunTime:0.000000s ]
INFO: [ app_init ] --END-- [ RunTime:0.000000s ]

[ 2016-06-17T16:19:50+08:00 ] 127.0.0.1 /ck_thinkphp/index.php/Admin/Access/editRole?id=3
INFO: [ app_init ] --START--
INFO: Run Behavior\BuildLiteBehavior [ RunTime:0.000000s ]
INFO: [ app_init ] --END-- [ RunTime:0.001000s ]

[ 2016-06-17T16:20:10+08:00 ] 127.0.0.1 /ck_thinkphp/index.php/Admin/Access/editRole?id=3
INFO: [ app_init ] --START--
INFO: Run Behavior\BuildLiteBehavior [ RunTime:0.000000s ]
INFO: [ app_init ] --END-- [ RunTime:0.000000s ]

[ 2016-06-17T16:20:12+08:00 ] 127.0.0.1 /ck_thinkphp/index.php/Admin/Access/roleList.html
INFO: [ app_init ] --START--
INFO: Run Behavior\BuildLiteBehavior [ RunTime:0.000000s ]
INFO: [ app_init ] --END-- [ RunTime:0.001000s ]

[ 2016-06-17T16:20:17+08:00 ] 127.0.0.1 /ck_thinkphp/index.php/Admin/Access/editRole?id=4
INFO: [ app_init ] --START--
INFO: Run Behavior\BuildLiteBehavior [ RunTime:0.000000s ]
INFO: [ app_init ] --END-- [ RunTime:0.000000s ]

[ 2016-06-17T16:20:33+08:00 ] 127.0.0.1 /ck_thinkphp/index.php/Admin/Access/editRole?id=4
INFO: [ app_init ] --START--
INFO: Run Behavior\BuildLiteBehavior [ RunTime:0.000000s ]
INFO: [ app_init ] --END-- [ RunTime:0.000000s ]

[ 2016-06-17T16:20:35+08:00 ] 127.0.0.1 /ck_thinkphp/index.php/Admin/Access/roleList.html
INFO: [ app_init ] --START--
INFO: Run Behavior\BuildLiteBehavior [ RunTime:0.000000s ]
INFO: [ app_init ] --END-- [ RunTime:0.001001s ]

[ 2016-06-17T16:27:04+08:00 ] 127.0.0.1 /ck_thinkphp/index.php/Admin/Access/roleList.html
INFO: [ app_init ] --START--
INFO: Run Behavior\BuildLiteBehavior [ RunTime:0.000000s ]
INFO: [ app_init ] --END-- [ RunTime:0.001000s ]

[ 2016-06-17T16:28:21+08:00 ] 127.0.0.1 /ck_thinkphp/index.php/Admin/Access/roleList.html
INFO: [ app_init ] --START--
INFO: Run Behavior\BuildLiteBehavior [ RunTime:0.000000s ]
INFO: [ app_init ] --END-- [ RunTime:0.001000s ]

[ 2016-06-17T16:28:22+08:00 ] 127.0.0.1 /ck_thinkphp/index.php/Admin/Access/roleList.html
INFO: [ app_init ] --START--
INFO: Run Behavior\BuildLiteBehavior [ RunTime:0.000000s ]
INFO: [ app_init ] --END-- [ RunTime:0.000000s ]

[ 2016-06-17T16:28:24+08:00 ] 127.0.0.1 /ck_thinkphp/index.php/Admin/Access/index
INFO: [ app_init ] --START--
INFO: Run Behavior\BuildLiteBehavior [ RunTime:0.000000s ]
INFO: [ app_init ] --END-- [ RunTime:0.001000s ]

[ 2016-06-17T16:28:26+08:00 ] 127.0.0.1 /ck_thinkphp/index.php/Admin/Access/editAdmin?aid=2
INFO: [ app_init ] --START--
INFO: Run Behavior\BuildLiteBehavior [ RunTime:0.000000s ]
INFO: [ app_init ] --END-- [ RunTime:0.001000s ]

[ 2016-06-17T16:28:33+08:00 ] 127.0.0.1 /ck_thinkphp/index.php/Admin/Access/roleList
INFO: [ app_init ] --START--
INFO: Run Behavior\BuildLiteBehavior [ RunTime:0.000000s ]
INFO: [ app_init ] --END-- [ RunTime:0.001000s ]

[ 2016-06-17T16:29:05+08:00 ] 127.0.0.1 /ck_thinkphp/index.php/Admin/Access/roleList
INFO: [ app_init ] --START--
INFO: Run Behavior\BuildLiteBehavior [ RunTime:0.000000s ]
INFO: [ app_init ] --END-- [ RunTime:0.001000s ]

[ 2016-06-17T16:29:06+08:00 ] 127.0.0.1 /ck_thinkphp/index.php/Admin/Access/roleList
INFO: [ app_init ] --START--
INFO: Run Behavior\BuildLiteBehavior [ RunTime:0.000000s ]
INFO: [ app_init ] --END-- [ RunTime:0.000000s ]

[ 2016-06-17T16:29:27+08:00 ] 127.0.0.1 /ck_thinkphp/index.php/Admin/Access/roleList
INFO: [ app_init ] --START--
INFO: Run Behavior\BuildLiteBehavior [ RunTime:0.000000s ]
INFO: [ app_init ] --END-- [ RunTime:0.000000s ]

[ 2016-06-17T16:29:28+08:00 ] 127.0.0.1 /ck_thinkphp/index.php/Admin/Access/roleList
INFO: [ app_init ] --START--
INFO: Run Behavior\BuildLiteBehavior [ RunTime:0.000000s ]
INFO: [ app_init ] --END-- [ RunTime:0.000000s ]

[ 2016-06-17T16:29:30+08:00 ] 127.0.0.1 /ck_thinkphp/index.php/Admin/Access/roleList
INFO: [ app_init ] --START--
INFO: Run Behavior\BuildLiteBehavior [ RunTime:0.000000s ]
INFO: [ app_init ] --END-- [ RunTime:0.001000s ]

[ 2016-06-17T16:29:48+08:00 ] 127.0.0.1 /ck_thinkphp/index.php/Admin/Access/roleList
INFO: [ app_init ] --START--
INFO: Run Behavior\BuildLiteBehavior [ RunTime:0.000000s ]
INFO: [ app_init ] --END-- [ RunTime:0.001000s ]

[ 2016-06-17T16:29:50+08:00 ] 127.0.0.1 /ck_thinkphp/index.php/Admin/Access/index
INFO: [ app_init ] --START--
INFO: Run Behavior\BuildLiteBehavior [ RunTime:0.000000s ]
INFO: [ app_init ] --END-- [ RunTime:0.000000s ]

[ 2016-06-17T16:29:53+08:00 ] 127.0.0.1 /ck_thinkphp/index.php/Admin/Access/editAdmin?aid=2
INFO: [ app_init ] --START--
INFO: Run Behavior\BuildLiteBehavior [ RunTime:0.000000s ]
INFO: [ app_init ] --END-- [ RunTime:0.001000s ]

[ 2016-06-17T16:29:59+08:00 ] 127.0.0.1 /ck_thinkphp/index.php/Admin/Access/roleList
INFO: [ app_init ] --START--
INFO: Run Behavior\BuildLiteBehavior [ RunTime:0.000000s ]
INFO: [ app_init ] --END-- [ RunTime:0.000000s ]

[ 2016-06-17T16:30:12+08:00 ] 127.0.0.1 /ck_thinkphp/index.php/Admin/Access/roleList
INFO: [ app_init ] --START--
INFO: Run Behavior\BuildLiteBehavior [ RunTime:0.000000s ]
INFO: [ app_init ] --END-- [ RunTime:0.000000s ]

[ 2016-06-17T16:30:14+08:00 ] 127.0.0.1 /ck_thinkphp/index.php/Admin/Access/roleList
INFO: [ app_init ] --START--
INFO: Run Behavior\BuildLiteBehavior [ RunTime:0.000000s ]
INFO: [ app_init ] --END-- [ RunTime:0.000000s ]

[ 2016-06-17T16:38:29+08:00 ] 127.0.0.1 /ck_thinkphp/index.php/Admin/Access/roleList
INFO: [ app_init ] --START--
INFO: Run Behavior\BuildLiteBehavior [ RunTime:0.000000s ]
INFO: [ app_init ] --END-- [ RunTime:0.001000s ]

[ 2016-06-17T16:38:34+08:00 ] 127.0.0.1 /ck_thinkphp/index.php/Admin/Access/roleList
INFO: [ app_init ] --START--
INFO: Run Behavior\BuildLiteBehavior [ RunTime:0.000000s ]
INFO: [ app_init ] --END-- [ RunTime:0.001000s ]

[ 2016-06-17T16:38:35+08:00 ] 127.0.0.1 /ck_thinkphp/index.php/Admin/Access/roleList
INFO: [ app_init ] --START--
INFO: Run Behavior\BuildLiteBehavior [ RunTime:0.000000s ]
INFO: [ app_init ] --END-- [ RunTime:0.001000s ]

[ 2016-06-17T16:38:36+08:00 ] 127.0.0.1 /ck_thinkphp/index.php/Admin/Access/roleStatus
INFO: [ app_init ] --START--
INFO: Run Behavior\BuildLiteBehavior [ RunTime:0.000000s ]
INFO: [ app_init ] --END-- [ RunTime:0.001000s ]
INFO: [ app_begin ] --START--
INFO: Run Behavior\ReadHtmlCacheBehavior [ RunTime:0.001000s ]
INFO: [ app_begin ] --END-- [ RunTime:0.001000s ]

[ 2016-06-17T16:38:36+08:00 ] 127.0.0.1 /ck_thinkphp/index.php/Admin/Access/roleList
INFO: [ app_init ] --START--
INFO: Run Behavior\BuildLiteBehavior [ RunTime:0.000000s ]
INFO: [ app_init ] --END-- [ RunTime:0.000000s ]

[ 2016-06-17T16:38:37+08:00 ] 127.0.0.1 /ck_thinkphp/index.php/Admin/Access/roleStatus
INFO: [ app_init ] --START--
INFO: Run Behavior\BuildLiteBehavior [ RunTime:0.000000s ]
INFO: [ app_init ] --END-- [ RunTime:0.001000s ]
INFO: [ app_begin ] --START--
INFO: Run Behavior\ReadHtmlCacheBehavior [ RunTime:0.001000s ]
INFO: [ app_begin ] --END-- [ RunTime:0.001000s ]

[ 2016-06-17T16:38:37+08:00 ] 127.0.0.1 /ck_thinkphp/index.php/Admin/Access/roleList
INFO: [ app_init ] --START--
INFO: Run Behavior\BuildLiteBehavior [ RunTime:0.000000s ]
INFO: [ app_init ] --END-- [ RunTime:0.000000s ]

[ 2016-06-17T16:38:39+08:00 ] 127.0.0.1 /ck_thinkphp/index.php/Admin/Access/roleStatus
INFO: [ app_init ] --START--
INFO: Run Behavior\BuildLiteBehavior [ RunTime:0.000000s ]
INFO: [ app_init ] --END-- [ RunTime:0.001001s ]
INFO: [ app_begin ] --START--
INFO: Run Behavior\ReadHtmlCacheBehavior [ RunTime:0.001000s ]
INFO: [ app_begin ] --END-- [ RunTime:0.001000s ]

[ 2016-06-17T16:38:39+08:00 ] 127.0.0.1 /ck_thinkphp/index.php/Admin/Access/roleList
INFO: [ app_init ] --START--
INFO: Run Behavior\BuildLiteBehavior [ RunTime:0.000000s ]
INFO: [ app_init ] --END-- [ RunTime:0.000000s ]

[ 2016-06-17T16:38:46+08:00 ] 127.0.0.1 /ck_thinkphp/index.php/Admin/Access/index
INFO: [ app_init ] --START--
INFO: Run Behavior\BuildLiteBehavior [ RunTime:0.000000s ]
INFO: [ app_init ] --END-- [ RunTime:0.000000s ]

[ 2016-06-17T16:38:48+08:00 ] 127.0.0.1 /ck_thinkphp/index.php/Admin/Access/editAdmin?aid=2
INFO: [ app_init ] --START--
INFO: Run Behavior\BuildLiteBehavior [ RunTime:0.000000s ]
INFO: [ app_init ] --END-- [ RunTime:0.001000s ]

[ 2016-06-17T16:38:52+08:00 ] 127.0.0.1 /ck_thinkphp/index.php/Admin/Access/roleList
INFO: [ app_init ] --START--
INFO: Run Behavior\BuildLiteBehavior [ RunTime:0.000000s ]
INFO: [ app_init ] --END-- [ RunTime:0.001000s ]

[ 2016-06-17T16:38:54+08:00 ] 127.0.0.1 /ck_thinkphp/index.php/Admin/Access/roleStatus
INFO: [ app_init ] --START--
INFO: Run Behavior\BuildLiteBehavior [ RunTime:0.000000s ]
INFO: [ app_init ] --END-- [ RunTime:0.000000s ]
INFO: [ app_begin ] --START--
INFO: Run Behavior\ReadHtmlCacheBehavior [ RunTime:0.001000s ]
INFO: [ app_begin ] --END-- [ RunTime:0.001000s ]

[ 2016-06-17T16:38:54+08:00 ] 127.0.0.1 /ck_thinkphp/index.php/Admin/Access/roleList
INFO: [ app_init ] --START--
INFO: Run Behavior\BuildLiteBehavior [ RunTime:0.000000s ]
INFO: [ app_init ] --END-- [ RunTime:0.001000s ]

[ 2016-06-17T16:40:57+08:00 ] 127.0.0.1 /ck_thinkphp/index.php/Admin/Access/roleList
INFO: [ app_init ] --START--
INFO: Run Behavior\BuildLiteBehavior [ RunTime:0.000000s ]
INFO: [ app_init ] --END-- [ RunTime:0.000000s ]

[ 2016-06-17T16:41:12+08:00 ] 127.0.0.1 /ck_thinkphp/index.php/Admin/Access/roleList
INFO: [ app_init ] --START--
INFO: Run Behavior\BuildLiteBehavior [ RunTime:0.000000s ]
INFO: [ app_init ] --END-- [ RunTime:0.001000s ]

[ 2016-06-17T16:41:15+08:00 ] 127.0.0.1 /ck_thinkphp/index.php/Admin/Access/roleStatus
INFO: [ app_init ] --START--
INFO: Run Behavior\BuildLiteBehavior [ RunTime:0.000000s ]
INFO: [ app_init ] --END-- [ RunTime:0.000000s ]
INFO: [ app_begin ] --START--
INFO: Run Behavior\ReadHtmlCacheBehavior [ RunTime:0.001000s ]
INFO: [ app_begin ] --END-- [ RunTime:0.001000s ]

[ 2016-06-17T16:41:15+08:00 ] 127.0.0.1 /ck_thinkphp/index.php/Admin/Access/roleList
INFO: [ app_init ] --START--
INFO: Run Behavior\BuildLiteBehavior [ RunTime:0.000000s ]
INFO: [ app_init ] --END-- [ RunTime:0.001000s ]

[ 2016-06-17T16:41:16+08:00 ] 127.0.0.1 /ck_thinkphp/index.php/Admin/Access/roleStatus
INFO: [ app_init ] --START--
INFO: Run Behavior\BuildLiteBehavior [ RunTime:0.001000s ]
INFO: [ app_init ] --END-- [ RunTime:0.001000s ]
INFO: [ app_begin ] --START--
INFO: Run Behavior\ReadHtmlCacheBehavior [ RunTime:0.001000s ]
INFO: [ app_begin ] --END-- [ RunTime:0.001000s ]

[ 2016-06-17T16:41:17+08:00 ] 127.0.0.1 /ck_thinkphp/index.php/Admin/Access/roleList
INFO: [ app_init ] --START--
INFO: Run Behavior\BuildLiteBehavior [ RunTime:0.000000s ]
INFO: [ app_init ] --END-- [ RunTime:0.000000s ]

[ 2016-06-17T16:41:17+08:00 ] 127.0.0.1 /ck_thinkphp/index.php/Admin/Access/editRole?id=3
INFO: [ app_init ] --START--
INFO: Run Behavior\BuildLiteBehavior [ RunTime:0.000000s ]
INFO: [ app_init ] --END-- [ RunTime:0.001000s ]

[ 2016-06-17T16:41:38+08:00 ] 127.0.0.1 /ck_thinkphp/index.php/Admin/Access/index
INFO: [ app_init ] --START--
INFO: Run Behavior\BuildLiteBehavior [ RunTime:0.000000s ]
INFO: [ app_init ] --END-- [ RunTime:0.000000s ]

[ 2016-06-17T16:41:39+08:00 ] 127.0.0.1 /ck_thinkphp/index.php/Admin/Access/roleList
INFO: [ app_init ] --START--
INFO: Run Behavior\BuildLiteBehavior [ RunTime:0.000000s ]
INFO: [ app_init ] --END-- [ RunTime:0.001000s ]

[ 2016-06-17T16:41:44+08:00 ] 127.0.0.1 /ck_thinkphp/index.php/Admin/Access/changeRole?id=3
INFO: [ app_init ] --START--
INFO: Run Behavior\BuildLiteBehavior [ RunTime:0.000000s ]
INFO: [ app_init ] --END-- [ RunTime:0.001000s ]

[ 2016-06-17T16:53:11+08:00 ] 127.0.0.1 /ck_thinkphp/index.php/Admin/Access/changeRole?id=3
INFO: [ app_init ] --START--
INFO: Run Behavior\BuildLiteBehavior [ RunTime:0.000000s ]
INFO: [ app_init ] --END-- [ RunTime:0.001000s ]

[ 2016-06-17T16:53:15+08:00 ] 127.0.0.1 /ck_thinkphp/index.php/Admin/Public/index.html
INFO: [ app_init ] --START--
INFO: Run Behavior\BuildLiteBehavior [ RunTime:0.000000s ]
INFO: [ app_init ] --END-- [ RunTime:0.001000s ]

[ 2016-06-17T16:53:15+08:00 ] 127.0.0.1 /ck_thinkphp/index.php/Admin/Public/verify_code
INFO: [ app_init ] --START--
INFO: Run Behavior\BuildLiteBehavior [ RunTime:0.000000s ]
INFO: [ app_init ] --END-- [ RunTime:0.000000s ]

[ 2016-06-17T16:54:06+08:00 ] 127.0.0.1 /ck_thinkphp/index.php/Admin/Public/index
INFO: [ app_init ] --START--
INFO: Run Behavior\BuildLiteBehavior [ RunTime:0.000000s ]
INFO: [ app_init ] --END-- [ RunTime:0.001000s ]

[ 2016-06-17T16:54:07+08:00 ] 127.0.0.1 /ck_thinkphp/index.php/Admin/Index/index.html
INFO: [ app_init ] --START--
INFO: Run Behavior\BuildLiteBehavior [ RunTime:0.000000s ]
INFO: [ app_init ] --END-- [ RunTime:0.001000s ]

[ 2016-06-17T16:54:09+08:00 ] 127.0.0.1 /ck_thinkphp/index.php/Admin/Access/index
INFO: [ app_init ] --START--
INFO: Run Behavior\BuildLiteBehavior [ RunTime:0.000000s ]
INFO: [ app_init ] --END-- [ RunTime:0.001000s ]

[ 2016-06-17T16:54:12+08:00 ] 127.0.0.1 /ck_thinkphp/index.php/Admin/Index/index.html
INFO: [ app_init ] --START--
INFO: Run Behavior\BuildLiteBehavior [ RunTime:0.000000s ]
INFO: [ app_init ] --END-- [ RunTime:0.000000s ]

[ 2016-06-17T16:54:14+08:00 ] 127.0.0.1 /ck_thinkphp/index.php/Admin/Index/index
INFO: [ app_init ] --START--
INFO: Run Behavior\BuildLiteBehavior [ RunTime:0.000000s ]
INFO: [ app_init ] --END-- [ RunTime:0.001000s ]

[ 2016-06-17T16:54:15+08:00 ] 127.0.0.1 /ck_thinkphp/index.php/Admin/Index/myInfo
INFO: [ app_init ] --START--
INFO: Run Behavior\BuildLiteBehavior [ RunTime:0.000000s ]
INFO: [ app_init ] --END-- [ RunTime:0.001000s ]

[ 2016-06-17T16:54:18+08:00 ] 127.0.0.1 /ck_thinkphp/index.php/Admin/Member/index
INFO: [ app_init ] --START--
INFO: Run Behavior\BuildLiteBehavior [ RunTime:0.000000s ]
INFO: [ app_init ] --END-- [ RunTime:0.000000s ]

[ 2016-06-17T16:54:21+08:00 ] 127.0.0.1 /ck_thinkphp/index.php/Admin/Index/myInfo
INFO: [ app_init ] --START--
INFO: Run Behavior\BuildLiteBehavior [ RunTime:0.000000s ]
INFO: [ app_init ] --END-- [ RunTime:0.001000s ]

[ 2016-06-17T16:54:43+08:00 ] 127.0.0.1 /ck_thinkphp/index.php/Admin/Access/index
INFO: [ app_init ] --START--
INFO: Run Behavior\BuildLiteBehavior [ RunTime:0.000000s ]
INFO: [ app_init ] --END-- [ RunTime:0.000000s ]

[ 2016-06-17T16:54:47+08:00 ] 127.0.0.1 /ck_thinkphp/index.php/Admin/Index/myInfo
INFO: [ app_init ] --START--
INFO: Run Behavior\BuildLiteBehavior [ RunTime:0.000000s ]
INFO: [ app_init ] --END-- [ RunTime:0.000000s ]

[ 2016-06-17T16:54:49+08:00 ] 127.0.0.1 /ck_thinkphp/index.php/Admin/Public/loginOut
INFO: [ app_init ] --START--
INFO: Run Behavior\BuildLiteBehavior [ RunTime:0.000000s ]
INFO: [ app_init ] --END-- [ RunTime:0.001000s ]

[ 2016-06-17T16:54:49+08:00 ] 127.0.0.1 /ck_thinkphp/index.php/Admin/Index/index.html
INFO: [ app_init ] --START--
INFO: Run Behavior\BuildLiteBehavior [ RunTime:0.000000s ]
INFO: [ app_init ] --END-- [ RunTime:0.001000s ]

[ 2016-06-17T16:54:49+08:00 ] 127.0.0.1 /ck_thinkphp/index.php/Admin/Public/index.html
INFO: [ app_init ] --START--
INFO: Run Behavior\BuildLiteBehavior [ RunTime:0.000000s ]
INFO: [ app_init ] --END-- [ RunTime:0.000000s ]

[ 2016-06-17T16:54:49+08:00 ] 127.0.0.1 /ck_thinkphp/index.php/Admin/Public/verify_code
INFO: [ app_init ] --START--
INFO: Run Behavior\BuildLiteBehavior [ RunTime:0.000000s ]
INFO: [ app_init ] --END-- [ RunTime:0.001000s ]

[ 2016-06-17T16:55:00+08:00 ] 127.0.0.1 /ck_thinkphp/index.php/Admin/Public/index
INFO: [ app_init ] --START--
INFO: Run Behavior\BuildLiteBehavior [ RunTime:0.000000s ]
INFO: [ app_init ] --END-- [ RunTime:0.001000s ]

[ 2016-06-17T16:55:01+08:00 ] 127.0.0.1 /ck_thinkphp/index.php/Admin/Index/index.html
INFO: [ app_init ] --START--
INFO: Run Behavior\BuildLiteBehavior [ RunTime:0.000000s ]
INFO: [ app_init ] --END-- [ RunTime:0.000000s ]

[ 2016-06-17T16:55:04+08:00 ] 127.0.0.1 /ck_thinkphp/index.php/Admin/Access/index
INFO: [ app_init ] --START--
INFO: Run Behavior\BuildLiteBehavior [ RunTime:0.000000s ]
INFO: [ app_init ] --END-- [ RunTime:0.001000s ]

[ 2016-06-17T16:55:07+08:00 ] 127.0.0.1 /ck_thinkphp/index.php/Admin/Access/roleList
INFO: [ app_init ] --START--
INFO: Run Behavior\BuildLiteBehavior [ RunTime:0.000000s ]
INFO: [ app_init ] --END-- [ RunTime:0.001000s ]

[ 2016-06-17T16:56:03+08:00 ] 127.0.0.1 /ck_thinkphp/index.php/Admin/Access/roleList
INFO: [ app_init ] --START--
INFO: Run Behavior\BuildLiteBehavior [ RunTime:0.000000s ]
INFO: [ app_init ] --END-- [ RunTime:0.001000s ]

[ 2016-06-17T16:56:05+08:00 ] 127.0.0.1 /ck_thinkphp/index.php/Admin/Access/roleList
INFO: [ app_init ] --START--
INFO: Run Behavior\BuildLiteBehavior [ RunTime:0.000000s ]
INFO: [ app_init ] --END-- [ RunTime:0.001000s ]

[ 2016-06-17T16:56:06+08:00 ] 127.0.0.1 /ck_thinkphp/index.php/Admin/Access/roleList
INFO: [ app_init ] --START--
INFO: Run Behavior\BuildLiteBehavior [ RunTime:0.000000s ]
INFO: [ app_init ] --END-- [ RunTime:0.000000s ]

[ 2016-06-17T16:56:11+08:00 ] 127.0.0.1 /ck_thinkphp/index.php/Admin/Access/roleList
INFO: [ app_init ] --START--
INFO: Run Behavior\BuildLiteBehavior [ RunTime:0.000000s ]
INFO: [ app_init ] --END-- [ RunTime:0.001000s ]

[ 2016-06-17T16:56:14+08:00 ] 127.0.0.1 /ck_thinkphp/index.php/Admin/Access/roleStatus
INFO: [ app_init ] --START--
INFO: Run Behavior\BuildLiteBehavior [ RunTime:0.000000s ]
INFO: [ app_init ] --END-- [ RunTime:0.001000s ]
INFO: [ app_begin ] --START--
INFO: Run Behavior\ReadHtmlCacheBehavior [ RunTime:0.001000s ]
INFO: [ app_begin ] --END-- [ RunTime:0.001000s ]

[ 2016-06-17T16:56:14+08:00 ] 127.0.0.1 /ck_thinkphp/index.php/Admin/Access/roleList
INFO: [ app_init ] --START--
INFO: Run Behavior\BuildLiteBehavior [ RunTime:0.000000s ]
INFO: [ app_init ] --END-- [ RunTime:0.000000s ]

[ 2016-06-17T16:56:15+08:00 ] 127.0.0.1 /ck_thinkphp/index.php/Admin/Access/roleStatus
INFO: [ app_init ] --START--
INFO: Run Behavior\BuildLiteBehavior [ RunTime:0.000000s ]
INFO: [ app_init ] --END-- [ RunTime:0.000000s ]
INFO: [ app_begin ] --START--
INFO: Run Behavior\ReadHtmlCacheBehavior [ RunTime:0.001000s ]
INFO: [ app_begin ] --END-- [ RunTime:0.001000s ]

[ 2016-06-17T16:56:16+08:00 ] 127.0.0.1 /ck_thinkphp/index.php/Admin/Access/roleList
INFO: [ app_init ] --START--
INFO: Run Behavior\BuildLiteBehavior [ RunTime:0.000000s ]
INFO: [ app_init ] --END-- [ RunTime:0.000000s ]

[ 2016-06-17T16:56:18+08:00 ] 127.0.0.1 /ck_thinkphp/index.php/Admin/Access/roleStatus
INFO: [ app_init ] --START--
INFO: Run Behavior\BuildLiteBehavior [ RunTime:0.000000s ]
INFO: [ app_init ] --END-- [ RunTime:0.001000s ]
INFO: [ app_begin ] --START--
INFO: Run Behavior\ReadHtmlCacheBehavior [ RunTime:0.001000s ]
INFO: [ app_begin ] --END-- [ RunTime:0.001000s ]

[ 2016-06-17T16:56:18+08:00 ] 127.0.0.1 /ck_thinkphp/index.php/Admin/Access/roleList
INFO: [ app_init ] --START--
INFO: Run Behavior\BuildLiteBehavior [ RunTime:0.000000s ]
INFO: [ app_init ] --END-- [ RunTime:0.001000s ]

[ 2016-06-17T16:56:20+08:00 ] 127.0.0.1 /ck_thinkphp/index.php/Admin/Access/editRole?id=3
INFO: [ app_init ] --START--
INFO: Run Behavior\BuildLiteBehavior [ RunTime:0.000000s ]
INFO: [ app_init ] --END-- [ RunTime:0.001000s ]

[ 2016-06-17T17:18:20+08:00 ] 127.0.0.1 /ck_thinkphp/index.php/Admin/Access/changeRole?id=3
INFO: [ app_init ] --START--
INFO: Run Behavior\BuildLiteBehavior [ RunTime:0.000000s ]
INFO: [ app_init ] --END-- [ RunTime:0.001000s ]
ERR: Think\Model:sort方法不存在！

[ 2016-06-17T17:18:35+08:00 ] 127.0.0.1 /ck_thinkphp/index.php/Admin/Access/changeRole?id=3
INFO: [ app_init ] --START--
INFO: Run Behavior\BuildLiteBehavior [ RunTime:0.000000s ]
INFO: [ app_init ] --END-- [ RunTime:0.000000s ]
ERR: 1054:Unknown column 'auth_level' in 'where clause'
 [ SQL语句 ] : SELECT * FROM `ks_auth_role` WHERE ( auth_level = 0 ) ORDER BY sort asc 

[ 2016-06-17T17:18:56+08:00 ] 127.0.0.1 /ck_thinkphp/index.php/Admin/Access/changeRole?id=3
INFO: [ app_init ] --START--
INFO: Run Behavior\BuildLiteBehavior [ RunTime:0.000000s ]
INFO: [ app_init ] --END-- [ RunTime:0.001000s ]

[ 2016-06-17T17:23:26+08:00 ] 127.0.0.1 /ck_thinkphp/index.php/Admin/Access/changeRole?id=3
INFO: [ app_init ] --START--
INFO: Run Behavior\BuildLiteBehavior [ RunTime:0.000000s ]
INFO: [ app_init ] --END-- [ RunTime:0.001000s ]

[ 2016-06-17T17:49:09+08:00 ] 127.0.0.1 /ck_thinkphp/index.php/Admin/Access/changeRole?id=3
INFO: [ app_init ] --START--
INFO: Run Behavior\BuildLiteBehavior [ RunTime:0.000000s ]
INFO: [ app_init ] --END-- [ RunTime:0.001000s ]

[ 2016-06-17T17:49:11+08:00 ] 127.0.0.1 /ck_thinkphp/index.php/Admin/Access/changeRole?id=3
INFO: [ app_init ] --START--
INFO: Run Behavior\BuildLiteBehavior [ RunTime:0.000000s ]
INFO: [ app_init ] --END-- [ RunTime:0.000000s ]

[ 2016-06-17T17:52:17+08:00 ] 127.0.0.1 /ck_thinkphp/index.php/Admin/Access/changeRole?id=3
INFO: [ app_init ] --START--
INFO: Run Behavior\BuildLiteBehavior [ RunTime:0.000000s ]
INFO: [ app_init ] --END-- [ RunTime:0.000000s ]

[ 2016-06-17T17:53:37+08:00 ] 127.0.0.1 /ck_thinkphp/index.php/Admin/Access/changeRole?id=3
INFO: [ app_init ] --START--
INFO: Run Behavior\BuildLiteBehavior [ RunTime:0.001000s ]
INFO: [ app_init ] --END-- [ RunTime:0.001000s ]

[ 2016-06-17T17:54:15+08:00 ] 127.0.0.1 /ck_thinkphp/index.php/Admin/Access/changeRole?id=3
INFO: [ app_init ] --START--
INFO: Run Behavior\BuildLiteBehavior [ RunTime:0.000000s ]
INFO: [ app_init ] --END-- [ RunTime:0.001000s ]

[ 2016-06-17T17:57:51+08:00 ] 127.0.0.1 /ck_thinkphp/index.php/Admin/Access/changeRole?id=3
INFO: [ app_init ] --START--
INFO: Run Behavior\BuildLiteBehavior [ RunTime:0.000000s ]
INFO: [ app_init ] --END-- [ RunTime:0.001000s ]

[ 2016-06-17T17:57:54+08:00 ] 127.0.0.1 /ck_thinkphp/index.php/Admin/Public/index.html
INFO: [ app_init ] --START--
INFO: Run Behavior\BuildLiteBehavior [ RunTime:0.000000s ]
INFO: [ app_init ] --END-- [ RunTime:0.001000s ]

[ 2016-06-17T17:57:54+08:00 ] 127.0.0.1 /ck_thinkphp/index.php/Admin/Public/verify_code
INFO: [ app_init ] --START--
INFO: Run Behavior\BuildLiteBehavior [ RunTime:0.000000s ]
INFO: [ app_init ] --END-- [ RunTime:0.001000s ]

[ 2016-06-17T17:58:00+08:00 ] 127.0.0.1 /ck_thinkphp/index.php/Admin/Public/verify_code?rand=0.6386717949290253
INFO: [ app_init ] --START--
INFO: Run Behavior\BuildLiteBehavior [ RunTime:0.000000s ]
INFO: [ app_init ] --END-- [ RunTime:0.001000s ]

[ 2016-06-17T17:58:04+08:00 ] 127.0.0.1 /ck_thinkphp/index.php/Admin/Public/index
INFO: [ app_init ] --START--
INFO: Run Behavior\BuildLiteBehavior [ RunTime:0.000000s ]
INFO: [ app_init ] --END-- [ RunTime:0.001000s ]

[ 2016-06-17T17:58:05+08:00 ] 127.0.0.1 /ck_thinkphp/index.php/Admin/Index/index.html
INFO: [ app_init ] --START--
INFO: Run Behavior\BuildLiteBehavior [ RunTime:0.000000s ]
INFO: [ app_init ] --END-- [ RunTime:0.000000s ]

[ 2016-06-17T17:58:10+08:00 ] 127.0.0.1 /ck_thinkphp/index.php/Admin/Access/index
INFO: [ app_init ] --START--
INFO: Run Behavior\BuildLiteBehavior [ RunTime:0.000000s ]
INFO: [ app_init ] --END-- [ RunTime:0.001000s ]

[ 2016-06-17T17:58:13+08:00 ] 127.0.0.1 /ck_thinkphp/index.php/Admin/Access/roleList
INFO: [ app_init ] --START--
INFO: Run Behavior\BuildLiteBehavior [ RunTime:0.000000s ]
INFO: [ app_init ] --END-- [ RunTime:0.001000s ]

[ 2016-06-17T17:58:15+08:00 ] 127.0.0.1 /ck_thinkphp/index.php/Admin/Access/changeRole?id=3
INFO: [ app_init ] --START--
INFO: Run Behavior\BuildLiteBehavior [ RunTime:0.000000s ]
INFO: [ app_init ] --END-- [ RunTime:0.000000s ]

[ 2016-06-17T17:59:02+08:00 ] 127.0.0.1 /ck_thinkphp/index.php/Admin/Access/changeRole?id=3
INFO: [ app_init ] --START--
INFO: Run Behavior\BuildLiteBehavior [ RunTime:0.000000s ]
INFO: [ app_init ] --END-- [ RunTime:0.001000s ]

[ 2016-06-17T18:00:51+08:00 ] 127.0.0.1 /ck_thinkphp/index.php/Admin/Access/changeRole?id=3
INFO: [ app_init ] --START--
INFO: Run Behavior\BuildLiteBehavior [ RunTime:0.000000s ]
INFO: [ app_init ] --END-- [ RunTime:0.001000s ]

[ 2016-06-17T18:00:53+08:00 ] 127.0.0.1 /ck_thinkphp/index.php/Admin/Access/changeRole?id=3
INFO: [ app_init ] --START--
INFO: Run Behavior\BuildLiteBehavior [ RunTime:0.000000s ]
INFO: [ app_init ] --END-- [ RunTime:0.000000s ]

[ 2016-06-17T18:00:53+08:00 ] 127.0.0.1 /ck_thinkphp/index.php/Admin/Access/changeRole?id=3
INFO: [ app_init ] --START--
INFO: Run Behavior\BuildLiteBehavior [ RunTime:0.000000s ]
INFO: [ app_init ] --END-- [ RunTime:0.001000s ]

[ 2016-06-17T18:01:53+08:00 ] 127.0.0.1 /ck_thinkphp/index.php/Admin/Access/changeRole?id=3
INFO: [ app_init ] --START--
INFO: Run Behavior\BuildLiteBehavior [ RunTime:0.000000s ]
INFO: [ app_init ] --END-- [ RunTime:0.001000s ]
INFO: [ app_begin ] --START--
INFO: Run Behavior\ReadHtmlCacheBehavior [ RunTime:0.001000s ]
INFO: [ app_begin ] --END-- [ RunTime:0.001000s ]
INFO: [ app_end ] --START--
INFO: Run Behavior\ShowPageTraceBehavior [ RunTime:0.001000s ]
INFO: [ app_end ] --END-- [ RunTime:0.001000s ]

[ 2016-06-17T18:03:01+08:00 ] 127.0.0.1 /ck_thinkphp/index.php/Admin/Access/changeRole?id=3
INFO: [ app_init ] --START--
INFO: Run Behavior\BuildLiteBehavior [ RunTime:0.000000s ]
INFO: [ app_init ] --END-- [ RunTime:0.001000s ]

[ 2016-06-17T18:03:25+08:00 ] 127.0.0.1 /ck_thinkphp/index.php/Admin/Access/changeRole?id=3
INFO: [ app_init ] --START--
INFO: Run Behavior\BuildLiteBehavior [ RunTime:0.000000s ]
INFO: [ app_init ] --END-- [ RunTime:0.001000s ]

[ 2016-06-17T18:03:48+08:00 ] 127.0.0.1 /ck_thinkphp/index.php/Admin/Access/changeRole?id=3
INFO: [ app_init ] --START--
INFO: Run Behavior\BuildLiteBehavior [ RunTime:0.000000s ]
INFO: [ app_init ] --END-- [ RunTime:0.001000s ]

[ 2016-06-17T18:05:40+08:00 ] 127.0.0.1 /ck_thinkphp/index.php/Admin/Access/changeRole?id=3
INFO: [ app_init ] --START--
INFO: Run Behavior\BuildLiteBehavior [ RunTime:0.000000s ]
INFO: [ app_init ] --END-- [ RunTime:0.001000s ]

[ 2016-06-17T18:06:03+08:00 ] 127.0.0.1 /ck_thinkphp/index.php/Admin/Access/changeRole?id=3
INFO: [ app_init ] --START--
INFO: Run Behavior\BuildLiteBehavior [ RunTime:0.000000s ]
INFO: [ app_init ] --END-- [ RunTime:0.001000s ]

[ 2016-06-17T18:14:13+08:00 ] 127.0.0.1 /ck_thinkphp/index.php/Admin/Access/changeRole?id=3
INFO: [ app_init ] --START--
INFO: Run Behavior\BuildLiteBehavior [ RunTime:0.001000s ]
INFO: [ app_init ] --END-- [ RunTime:0.001000s ]

[ 2016-06-17T18:14:16+08:00 ] 127.0.0.1 /ck_thinkphp/index.php/Admin/Access/changeRole?id=3
INFO: [ app_init ] --START--
INFO: Run Behavior\BuildLiteBehavior [ RunTime:0.000000s ]
INFO: [ app_init ] --END-- [ RunTime:0.001000s ]

[ 2016-06-17T18:14:19+08:00 ] 127.0.0.1 /ck_thinkphp/index.php/Admin/Access/changeRole?id=3
INFO: [ app_init ] --START--
INFO: Run Behavior\BuildLiteBehavior [ RunTime:0.000000s ]
INFO: [ app_init ] --END-- [ RunTime:0.001000s ]

[ 2016-06-17T18:14:29+08:00 ] 127.0.0.1 /ck_thinkphp/index.php/Admin/Access/changeRole?id=3
INFO: [ app_init ] --START--
INFO: Run Behavior\BuildLiteBehavior [ RunTime:0.000000s ]
INFO: [ app_init ] --END-- [ RunTime:0.001000s ]

[ 2016-06-17T22:29:20+08:00 ] 127.0.0.1 /ck_thinkphp/index.php/admin/Index/index
INFO: [ app_init ] --START--
INFO: Run Behavior\BuildLiteBehavior [ RunTime:0.000000s ]
INFO: [ app_init ] --END-- [ RunTime:0.002000s ]

[ 2016-06-17T22:29:20+08:00 ] 127.0.0.1 /ck_thinkphp/index.php/Admin/Public/index.html
INFO: [ app_init ] --START--
INFO: Run Behavior\BuildLiteBehavior [ RunTime:0.000000s ]
INFO: [ app_init ] --END-- [ RunTime:0.000000s ]

[ 2016-06-17T22:29:21+08:00 ] 127.0.0.1 /ck_thinkphp/index.php/Admin/Public/verify_code
INFO: [ app_init ] --START--
INFO: Run Behavior\BuildLiteBehavior [ RunTime:0.000000s ]
INFO: [ app_init ] --END-- [ RunTime:0.001000s ]

[ 2016-06-17T22:29:56+08:00 ] 127.0.0.1 /ck_thinkphp/index.php/Admin/Public/verify_code?rand=0.9152960408312043
INFO: [ app_init ] --START--
INFO: Run Behavior\BuildLiteBehavior [ RunTime:0.000000s ]
INFO: [ app_init ] --END-- [ RunTime:0.000000s ]

[ 2016-06-17T22:30:01+08:00 ] 127.0.0.1 /ck_thinkphp/index.php/Admin/Public/index
INFO: [ app_init ] --START--
INFO: Run Behavior\BuildLiteBehavior [ RunTime:0.000000s ]
INFO: [ app_init ] --END-- [ RunTime:0.000000s ]

[ 2016-06-17T22:30:02+08:00 ] 127.0.0.1 /ck_thinkphp/index.php/Admin/Index/index.html
INFO: [ app_init ] --START--
INFO: Run Behavior\BuildLiteBehavior [ RunTime:0.000000s ]
INFO: [ app_init ] --END-- [ RunTime:0.001000s ]

[ 2016-06-17T22:30:10+08:00 ] 127.0.0.1 /ck_thinkphp/index.php/Admin/Access/index
INFO: [ app_init ] --START--
INFO: Run Behavior\BuildLiteBehavior [ RunTime:0.000000s ]
INFO: [ app_init ] --END-- [ RunTime:0.000000s ]

[ 2016-06-17T22:30:12+08:00 ] 127.0.0.1 /ck_thinkphp/index.php/Admin/Access/editAdmin?aid=2
INFO: [ app_init ] --START--
INFO: Run Behavior\BuildLiteBehavior [ RunTime:0.000000s ]
INFO: [ app_init ] --END-- [ RunTime:0.001000s ]

[ 2016-06-17T22:30:31+08:00 ] 127.0.0.1 /ck_thinkphp/index.php/Admin/Access/roleList
INFO: [ app_init ] --START--
INFO: Run Behavior\BuildLiteBehavior [ RunTime:0.000000s ]
INFO: [ app_init ] --END-- [ RunTime:0.001000s ]

[ 2016-06-17T22:30:34+08:00 ] 127.0.0.1 /ck_thinkphp/index.php/Admin/Access/roleStatus
INFO: [ app_init ] --START--
INFO: Run Behavior\BuildLiteBehavior [ RunTime:0.000000s ]
INFO: [ app_init ] --END-- [ RunTime:0.000000s ]
INFO: [ app_begin ] --START--
INFO: Run Behavior\ReadHtmlCacheBehavior [ RunTime:0.000000s ]
INFO: [ app_begin ] --END-- [ RunTime:0.001000s ]

[ 2016-06-17T22:30:34+08:00 ] 127.0.0.1 /ck_thinkphp/index.php/Admin/Access/roleList
INFO: [ app_init ] --START--
INFO: Run Behavior\BuildLiteBehavior [ RunTime:0.000000s ]
INFO: [ app_init ] --END-- [ RunTime:0.001000s ]

[ 2016-06-17T22:30:36+08:00 ] 127.0.0.1 /ck_thinkphp/index.php/Admin/Access/index
INFO: [ app_init ] --START--
INFO: Run Behavior\BuildLiteBehavior [ RunTime:0.000000s ]
INFO: [ app_init ] --END-- [ RunTime:0.001000s ]

[ 2016-06-17T22:30:40+08:00 ] 127.0.0.1 /ck_thinkphp/index.php/Admin/Access/editAdmin?aid=2
INFO: [ app_init ] --START--
INFO: Run Behavior\BuildLiteBehavior [ RunTime:0.000000s ]
INFO: [ app_init ] --END-- [ RunTime:0.001000s ]

[ 2016-06-17T22:36:24+08:00 ] 127.0.0.1 /ck_thinkphp/index.php/Admin/Public/index.html
INFO: [ app_init ] --START--
INFO: Run Behavior\BuildLiteBehavior [ RunTime:0.000000s ]
INFO: [ app_init ] --END-- [ RunTime:0.001000s ]

[ 2016-06-17T22:36:25+08:00 ] 127.0.0.1 /ck_thinkphp/index.php/Admin/Public/verify_code
INFO: [ app_init ] --START--
INFO: Run Behavior\BuildLiteBehavior [ RunTime:0.000000s ]
INFO: [ app_init ] --END-- [ RunTime:0.001000s ]

[ 2016-06-17T22:36:37+08:00 ] 127.0.0.1 /ck_thinkphp/index.php/Admin/Public/index
INFO: [ app_init ] --START--
INFO: Run Behavior\BuildLiteBehavior [ RunTime:0.000000s ]
INFO: [ app_init ] --END-- [ RunTime:0.001000s ]

[ 2016-06-17T22:36:38+08:00 ] 127.0.0.1 /ck_thinkphp/index.php/Admin/Index/index.html
INFO: [ app_init ] --START--
INFO: Run Behavior\BuildLiteBehavior [ RunTime:0.000000s ]
INFO: [ app_init ] --END-- [ RunTime:0.001000s ]

[ 2016-06-17T22:36:40+08:00 ] 127.0.0.1 /ck_thinkphp/index.php/Admin/Access/index
INFO: [ app_init ] --START--
INFO: Run Behavior\BuildLiteBehavior [ RunTime:0.000000s ]
INFO: [ app_init ] --END-- [ RunTime:0.001001s ]

[ 2016-06-17T22:36:42+08:00 ] 127.0.0.1 /ck_thinkphp/index.php/Admin/SysData/index
INFO: [ app_init ] --START--
INFO: Run Behavior\BuildLiteBehavior [ RunTime:0.000000s ]
INFO: [ app_init ] --END-- [ RunTime:0.001000s ]

[ 2016-06-17T22:36:45+08:00 ] 127.0.0.1 /ck_thinkphp/index.php/Admin/Access/index
INFO: [ app_init ] --START--
INFO: Run Behavior\BuildLiteBehavior [ RunTime:0.000000s ]
INFO: [ app_init ] --END-- [ RunTime:0.001000s ]

[ 2016-06-17T23:29:51+08:00 ] 127.0.0.1 /ck_thinkphp/index.php/Admin/Access/index
INFO: [ app_init ] --START--
INFO: Run Behavior\BuildLiteBehavior [ RunTime:0.001000s ]
INFO: [ app_init ] --END-- [ RunTime:0.045002s ]

[ 2016-06-17T23:29:55+08:00 ] 127.0.0.1 /ck_thinkphp/index.php/Admin/Access/roleList
INFO: [ app_init ] --START--
INFO: Run Behavior\BuildLiteBehavior [ RunTime:0.000000s ]
INFO: [ app_init ] --END-- [ RunTime:0.001000s ]

[ 2016-06-17T23:30:01+08:00 ] 127.0.0.1 /ck_thinkphp/index.php/Admin/Access/changeRole?id=3
INFO: [ app_init ] --START--
INFO: Run Behavior\BuildLiteBehavior [ RunTime:0.001000s ]
INFO: [ app_init ] --END-- [ RunTime:0.001000s ]

[ 2016-06-17T23:36:25+08:00 ] 127.0.0.1 /ck_thinkphp/index.php/Admin/Access/changeRole?id=3
INFO: [ app_init ] --START--
INFO: Run Behavior\BuildLiteBehavior [ RunTime:0.000000s ]
INFO: [ app_init ] --END-- [ RunTime:0.002000s ]

[ 2016-06-17T23:37:24+08:00 ] 127.0.0.1 /ck_thinkphp/index.php/Admin/Access/changeRole?id=3
INFO: [ app_init ] --START--
INFO: Run Behavior\BuildLiteBehavior [ RunTime:0.000000s ]
INFO: [ app_init ] --END-- [ RunTime:0.001000s ]

[ 2016-06-17T23:37:27+08:00 ] 127.0.0.1 /ck_thinkphp/index.php/Admin/Public/index.html
INFO: [ app_init ] --START--
INFO: Run Behavior\BuildLiteBehavior [ RunTime:0.000000s ]
INFO: [ app_init ] --END-- [ RunTime:0.001000s ]

[ 2016-06-17T23:37:28+08:00 ] 127.0.0.1 /ck_thinkphp/index.php/Admin/Public/verify_code
INFO: [ app_init ] --START--
INFO: Run Behavior\BuildLiteBehavior [ RunTime:0.000000s ]
INFO: [ app_init ] --END-- [ RunTime:0.001000s ]

[ 2016-06-17T23:37:49+08:00 ] 127.0.0.1 /ck_thinkphp/index.php/Admin/Public/index
INFO: [ app_init ] --START--
INFO: Run Behavior\BuildLiteBehavior [ RunTime:0.000000s ]
INFO: [ app_init ] --END-- [ RunTime:0.001000s ]

[ 2016-06-17T23:37:50+08:00 ] 127.0.0.1 /ck_thinkphp/index.php/Admin/Index/index.html
INFO: [ app_init ] --START--
INFO: Run Behavior\BuildLiteBehavior [ RunTime:0.000000s ]
INFO: [ app_init ] --END-- [ RunTime:0.002000s ]

[ 2016-06-17T23:37:52+08:00 ] 127.0.0.1 /ck_thinkphp/index.php/Admin/Access/index
INFO: [ app_init ] --START--
INFO: Run Behavior\BuildLiteBehavior [ RunTime:0.001000s ]
INFO: [ app_init ] --END-- [ RunTime:0.002000s ]

[ 2016-06-17T23:37:54+08:00 ] 127.0.0.1 /ck_thinkphp/index.php/Admin/Access/roleList
INFO: [ app_init ] --START--
INFO: Run Behavior\BuildLiteBehavior [ RunTime:0.000000s ]
INFO: [ app_init ] --END-- [ RunTime:0.001000s ]

[ 2016-06-17T23:37:56+08:00 ] 127.0.0.1 /ck_thinkphp/index.php/Admin/Access/changeRole?id=3
INFO: [ app_init ] --START--
INFO: Run Behavior\BuildLiteBehavior [ RunTime:0.000000s ]
INFO: [ app_init ] --END-- [ RunTime:0.001000s ]

[ 2016-06-17T23:38:01+08:00 ] 127.0.0.1 /ck_thinkphp/index.php/Admin/Access/changeRole?id=3
INFO: [ app_init ] --START--
INFO: Run Behavior\BuildLiteBehavior [ RunTime:0.000000s ]
INFO: [ app_init ] --END-- [ RunTime:0.002001s ]

[ 2016-06-17T23:41:51+08:00 ] 127.0.0.1 /ck_thinkphp/index.php/Admin/Access/changeRole?id=3
INFO: [ app_init ] --START--
INFO: Run Behavior\BuildLiteBehavior [ RunTime:0.000000s ]
INFO: [ app_init ] --END-- [ RunTime:0.001000s ]

[ 2016-06-17T23:42:56+08:00 ] 127.0.0.1 /ck_thinkphp/index.php/Admin/Access/changeRole?id=3
INFO: [ app_init ] --START--
INFO: Run Behavior\BuildLiteBehavior [ RunTime:0.000000s ]
INFO: [ app_init ] --END-- [ RunTime:0.001000s ]

[ 2016-06-17T23:43:23+08:00 ] 127.0.0.1 /ck_thinkphp/index.php/Admin/Access/changeRole?id=3
INFO: [ app_init ] --START--
INFO: Run Behavior\BuildLiteBehavior [ RunTime:0.000000s ]
INFO: [ app_init ] --END-- [ RunTime:0.002000s ]

[ 2016-06-17T23:43:40+08:00 ] 127.0.0.1 /ck_thinkphp/index.php/Admin/Access/changeRole?id=3
INFO: [ app_init ] --START--
INFO: Run Behavior\BuildLiteBehavior [ RunTime:0.000000s ]
INFO: [ app_init ] --END-- [ RunTime:0.000000s ]

[ 2016-06-17T23:50:45+08:00 ] 127.0.0.1 /ck_thinkphp/index.php/Admin/Access/changeRole?id=3
INFO: [ app_init ] --START--
INFO: Run Behavior\BuildLiteBehavior [ RunTime:0.000000s ]
INFO: [ app_init ] --END-- [ RunTime:0.001001s ]
ERR: 1064:Erreur de syntaxe près de ')' à la ligne 1
 [ SQL语句 ] : SELECT * FROM `ks_auth_access` WHERE ( auth_id in  ) 

[ 2016-06-17T23:51:47+08:00 ] 127.0.0.1 /ck_thinkphp/index.php/Admin/Access/changeRole?id=3
INFO: [ app_init ] --START--
INFO: Run Behavior\BuildLiteBehavior [ RunTime:0.001000s ]
INFO: [ app_init ] --END-- [ RunTime:0.002000s ]
ERR: 1064:Erreur de syntaxe près de ') )' à la ligne 1
 [ SQL语句 ] : SELECT * FROM `ks_auth_access` WHERE ( auth_id in () ) 

[ 2016-06-17T23:53:16+08:00 ] 127.0.0.1 /ck_thinkphp/index.php/Admin/Access/changeRole?id=3
INFO: [ app_init ] --START--
INFO: Run Behavior\BuildLiteBehavior [ RunTime:0.000000s ]
INFO: [ app_init ] --END-- [ RunTime:0.002000s ]

[ 2016-06-17T23:53:40+08:00 ] 127.0.0.1 /ck_thinkphp/index.php/Admin/Access/changeRole?id=3
INFO: [ app_init ] --START--
INFO: Run Behavior\BuildLiteBehavior [ RunTime:0.000000s ]
INFO: [ app_init ] --END-- [ RunTime:0.001000s ]

[ 2016-06-17T23:56:55+08:00 ] 127.0.0.1 /ck_thinkphp/index.php/Admin/Access/changeRole?id=3
INFO: [ app_init ] --START--
INFO: Run Behavior\BuildLiteBehavior [ RunTime:0.000000s ]
INFO: [ app_init ] --END-- [ RunTime:0.001000s ]

[ 2016-06-17T23:57:26+08:00 ] 127.0.0.1 /ck_thinkphp/index.php/Admin/Access/changeRole?id=3
INFO: [ app_init ] --START--
INFO: Run Behavior\BuildLiteBehavior [ RunTime:0.000000s ]
INFO: [ app_init ] --END-- [ RunTime:0.001000s ]

[ 2016-06-17T23:57:35+08:00 ] 127.0.0.1 /ck_thinkphp/index.php/Admin/Access/changeRole?id=3
INFO: [ app_init ] --START--
INFO: Run Behavior\BuildLiteBehavior [ RunTime:0.000000s ]
INFO: [ app_init ] --END-- [ RunTime:0.001000s ]

[ 2016-06-17T23:57:49+08:00 ] 127.0.0.1 /ck_thinkphp/index.php/Admin/Access/changeRole?id=3
INFO: [ app_init ] --START--
INFO: Run Behavior\BuildLiteBehavior [ RunTime:0.000000s ]
INFO: [ app_init ] --END-- [ RunTime:0.000000s ]

[ 2016-06-17T23:59:52+08:00 ] 127.0.0.1 /ck_thinkphp/index.php/Admin/Access/changeRole?id=3
INFO: [ app_init ] --START--
INFO: Run Behavior\BuildLiteBehavior [ RunTime:0.000000s ]
INFO: [ app_init ] --END-- [ RunTime:0.001000s ]

