[ 2016-06-16T11:21:05+08:00 ] 127.0.0.1 /ck_thinkphp/index.php/Admin/Access/editRole?id=1
INFO: [ app_init ] --START--
INFO: Run Behavior\BuildLiteBehavior [ RunTime:0.000000s ]
INFO: [ app_init ] --END-- [ RunTime:0.001000s ]

[ 2016-06-16T11:23:57+08:00 ] 127.0.0.1 /ck_thinkphp/index.php/Admin/Access/editRole?id=1
INFO: [ app_init ] --START--
INFO: Run Behavior\BuildLiteBehavior [ RunTime:0.000000s ]
INFO: [ app_init ] --END-- [ RunTime:0.001000s ]

[ 2016-06-16T11:23:59+08:00 ] 127.0.0.1 /ck_thinkphp/index.php/Admin/Access/editRole?id=1
INFO: [ app_init ] --START--
INFO: Run Behavior\BuildLiteBehavior [ RunTime:0.000000s ]
INFO: [ app_init ] --END-- [ RunTime:0.001000s ]

[ 2016-06-16T11:25:15+08:00 ] 127.0.0.1 /ck_thinkphp/index.php/Admin/Access/editRole?id=1
INFO: [ app_init ] --START--
INFO: Run Behavior\BuildLiteBehavior [ RunTime:0.000000s ]
INFO: [ app_init ] --END-- [ RunTime:0.000000s ]

[ 2016-06-16T11:25:28+08:00 ] 127.0.0.1 /ck_thinkphp/index.php/Admin/Access/editRole?id=1
INFO: [ app_init ] --START--
INFO: Run Behavior\BuildLiteBehavior [ RunTime:0.001000s ]
INFO: [ app_init ] --END-- [ RunTime:0.001000s ]

[ 2016-06-16T11:25:29+08:00 ] 127.0.0.1 /ck_thinkphp/index.php/Admin/Access/editRole?id=1
INFO: [ app_init ] --START--
INFO: Run Behavior\BuildLiteBehavior [ RunTime:0.000000s ]
INFO: [ app_init ] --END-- [ RunTime:0.001000s ]

[ 2016-06-16T11:25:30+08:00 ] 127.0.0.1 /ck_thinkphp/index.php/Admin/Access/editRole?id=1
INFO: [ app_init ] --START--
INFO: Run Behavior\BuildLiteBehavior [ RunTime:0.000000s ]
INFO: [ app_init ] --END-- [ RunTime:0.001000s ]

[ 2016-06-16T11:25:30+08:00 ] 127.0.0.1 /ck_thinkphp/index.php/Admin/Access/editRole?id=1
INFO: [ app_init ] --START--
INFO: Run Behavior\BuildLiteBehavior [ RunTime:0.000000s ]
INFO: [ app_init ] --END-- [ RunTime:0.001000s ]

[ 2016-06-16T11:25:30+08:00 ] 127.0.0.1 /ck_thinkphp/index.php/Admin/Access/editRole?id=1
INFO: [ app_init ] --START--
INFO: Run Behavior\BuildLiteBehavior [ RunTime:0.000000s ]
INFO: [ app_init ] --END-- [ RunTime:0.001000s ]

[ 2016-06-16T11:25:30+08:00 ] 127.0.0.1 /ck_thinkphp/index.php/Admin/Access/editRole?id=1
INFO: [ app_init ] --START--
INFO: Run Behavior\BuildLiteBehavior [ RunTime:0.000000s ]
INFO: [ app_init ] --END-- [ RunTime:0.000000s ]

[ 2016-06-16T11:25:36+08:00 ] 127.0.0.1 /ck_thinkphp/index.php/Admin/Public/loginOut
INFO: [ app_init ] --START--
INFO: Run Behavior\BuildLiteBehavior [ RunTime:0.000000s ]
INFO: [ app_init ] --END-- [ RunTime:0.001000s ]

[ 2016-06-16T11:25:36+08:00 ] 127.0.0.1 /ck_thinkphp/index.php/Admin/Index/index.html
INFO: [ app_init ] --START--
INFO: Run Behavior\BuildLiteBehavior [ RunTime:0.000000s ]
INFO: [ app_init ] --END-- [ RunTime:0.001000s ]

[ 2016-06-16T11:25:36+08:00 ] 127.0.0.1 /ck_thinkphp/index.php/Admin/Public/index.html
INFO: [ app_init ] --START--
INFO: Run Behavior\BuildLiteBehavior [ RunTime:0.000000s ]
INFO: [ app_init ] --END-- [ RunTime:0.001000s ]

[ 2016-06-16T11:25:36+08:00 ] 127.0.0.1 /ck_thinkphp/index.php/Admin/Public/verify_code
INFO: [ app_init ] --START--
INFO: Run Behavior\BuildLiteBehavior [ RunTime:0.000000s ]
INFO: [ app_init ] --END-- [ RunTime:0.000000s ]

[ 2016-06-16T11:25:52+08:00 ] 127.0.0.1 /ck_thinkphp/index.php/Admin/Public/index
INFO: [ app_init ] --START--
INFO: Run Behavior\BuildLiteBehavior [ RunTime:0.000000s ]
INFO: [ app_init ] --END-- [ RunTime:0.000000s ]

[ 2016-06-16T11:25:55+08:00 ] 127.0.0.1 /ck_thinkphp/index.php/Admin/Public/index.html
INFO: [ app_init ] --START--
INFO: Run Behavior\BuildLiteBehavior [ RunTime:0.000000s ]
INFO: [ app_init ] --END-- [ RunTime:0.000000s ]

[ 2016-06-16T11:25:55+08:00 ] 127.0.0.1 /ck_thinkphp/index.php/Admin/Public/verify_code
INFO: [ app_init ] --START--
INFO: Run Behavior\BuildLiteBehavior [ RunTime:0.000000s ]
INFO: [ app_init ] --END-- [ RunTime:0.001000s ]

[ 2016-06-16T11:26:04+08:00 ] 127.0.0.1 /ck_thinkphp/index.php/Admin/Public/index
INFO: [ app_init ] --START--
INFO: Run Behavior\BuildLiteBehavior [ RunTime:0.000000s ]
INFO: [ app_init ] --END-- [ RunTime:0.002000s ]

[ 2016-06-16T11:26:05+08:00 ] 127.0.0.1 /ck_thinkphp/index.php/Admin/Index/index.html
INFO: [ app_init ] --START--
INFO: Run Behavior\BuildLiteBehavior [ RunTime:0.001001s ]
INFO: [ app_init ] --END-- [ RunTime:0.001001s ]

[ 2016-06-16T11:26:07+08:00 ] 127.0.0.1 /ck_thinkphp/index.php/Admin/Access/index
INFO: [ app_init ] --START--
INFO: Run Behavior\BuildLiteBehavior [ RunTime:0.000000s ]
INFO: [ app_init ] --END-- [ RunTime:0.001000s ]

[ 2016-06-16T11:26:11+08:00 ] 127.0.0.1 /ck_thinkphp/index.php/Admin/Access/editAdmin?aid=2
INFO: [ app_init ] --START--
INFO: Run Behavior\BuildLiteBehavior [ RunTime:0.000000s ]
INFO: [ app_init ] --END-- [ RunTime:0.001000s ]

[ 2016-06-16T11:26:21+08:00 ] 127.0.0.1 /ck_thinkphp/index.php/Admin/Access/index
INFO: [ app_init ] --START--
INFO: Run Behavior\BuildLiteBehavior [ RunTime:0.000000s ]
INFO: [ app_init ] --END-- [ RunTime:0.001000s ]

[ 2016-06-16T11:26:26+08:00 ] 127.0.0.1 /ck_thinkphp/index.php/Admin/Access/roleList
INFO: [ app_init ] --START--
INFO: Run Behavior\BuildLiteBehavior [ RunTime:0.000000s ]
INFO: [ app_init ] --END-- [ RunTime:0.001000s ]

[ 2016-06-16T11:26:31+08:00 ] 127.0.0.1 /ck_thinkphp/index.php/Admin/Access/editRole?id=1
INFO: [ app_init ] --START--
INFO: Run Behavior\BuildLiteBehavior [ RunTime:0.000000s ]
INFO: [ app_init ] --END-- [ RunTime:0.000000s ]

[ 2016-06-16T11:26:48+08:00 ] 127.0.0.1 /ck_thinkphp/index.php/Admin/Access/roleList
INFO: [ app_init ] --START--
INFO: Run Behavior\BuildLiteBehavior [ RunTime:0.000000s ]
INFO: [ app_init ] --END-- [ RunTime:0.001001s ]

[ 2016-06-16T11:27:22+08:00 ] 127.0.0.1 /ck_thinkphp/index.php/Admin/Access/editRole?id=1
INFO: [ app_init ] --START--
INFO: Run Behavior\BuildLiteBehavior [ RunTime:0.000000s ]
INFO: [ app_init ] --END-- [ RunTime:0.000000s ]

[ 2016-06-16T11:29:03+08:00 ] 127.0.0.1 /ck_thinkphp/index.php/Admin/Access/editRole?id=1
INFO: [ app_init ] --START--
INFO: Run Behavior\BuildLiteBehavior [ RunTime:0.000000s ]
INFO: [ app_init ] --END-- [ RunTime:0.000000s ]

[ 2016-06-16T11:29:38+08:00 ] 127.0.0.1 /ck_thinkphp/index.php/Admin/Access/editRole?id=1
INFO: [ app_init ] --START--
INFO: Run Behavior\BuildLiteBehavior [ RunTime:0.000000s ]
INFO: [ app_init ] --END-- [ RunTime:0.001000s ]

[ 2016-06-16T11:29:40+08:00 ] 127.0.0.1 /ck_thinkphp/index.php/Admin/Access/editRole?id=1
INFO: [ app_init ] --START--
INFO: Run Behavior\BuildLiteBehavior [ RunTime:0.000000s ]
INFO: [ app_init ] --END-- [ RunTime:0.000000s ]
INFO: [ app_begin ] --START--
INFO: Run Behavior\ReadHtmlCacheBehavior [ RunTime:0.001000s ]
INFO: [ app_begin ] --END-- [ RunTime:0.001000s ]

[ 2016-06-16T11:30:16+08:00 ] 127.0.0.1 /ck_thinkphp/index.php/Admin/Access/editRole?id=1
INFO: [ app_init ] --START--
INFO: Run Behavior\BuildLiteBehavior [ RunTime:0.000000s ]
INFO: [ app_init ] --END-- [ RunTime:0.000000s ]

[ 2016-06-16T11:30:18+08:00 ] 127.0.0.1 /ck_thinkphp/index.php/Admin/Access/editRole?id=1
INFO: [ app_init ] --START--
INFO: Run Behavior\BuildLiteBehavior [ RunTime:0.000000s ]
INFO: [ app_init ] --END-- [ RunTime:0.001000s ]

[ 2016-06-16T11:30:45+08:00 ] 127.0.0.1 /ck_thinkphp/index.php/Admin/Access/editRole?id=1
INFO: [ app_init ] --START--
INFO: Run Behavior\BuildLiteBehavior [ RunTime:0.000000s ]
INFO: [ app_init ] --END-- [ RunTime:0.001000s ]

[ 2016-06-16T11:30:46+08:00 ] 127.0.0.1 /ck_thinkphp/index.php/Admin/Access/editRole?id=1
INFO: [ app_init ] --START--
INFO: Run Behavior\BuildLiteBehavior [ RunTime:0.000000s ]
INFO: [ app_init ] --END-- [ RunTime:0.001000s ]

[ 2016-06-16T11:30:47+08:00 ] 127.0.0.1 /ck_thinkphp/index.php/Admin/Access/editRole?id=1
INFO: [ app_init ] --START--
INFO: Run Behavior\BuildLiteBehavior [ RunTime:0.000000s ]
INFO: [ app_init ] --END-- [ RunTime:0.001000s ]
INFO: [ app_begin ] --START--
INFO: Run Behavior\ReadHtmlCacheBehavior [ RunTime:0.001000s ]
INFO: [ app_begin ] --END-- [ RunTime:0.001000s ]

[ 2016-06-16T11:30:56+08:00 ] 127.0.0.1 /ck_thinkphp/index.php/Admin/Access/editRole?id=1
INFO: [ app_init ] --START--
INFO: Run Behavior\BuildLiteBehavior [ RunTime:0.000000s ]
INFO: [ app_init ] --END-- [ RunTime:0.001000s ]

[ 2016-06-16T11:30:57+08:00 ] 127.0.0.1 /ck_thinkphp/index.php/Admin/Access/editRole?id=1
INFO: [ app_init ] --START--
INFO: Run Behavior\BuildLiteBehavior [ RunTime:0.000000s ]
INFO: [ app_init ] --END-- [ RunTime:0.000000s ]

[ 2016-06-16T11:38:46+08:00 ] 127.0.0.1 /ck_thinkphp/index.php/Admin/Access/editRole?id=1
INFO: [ app_init ] --START--
INFO: Run Behavior\BuildLiteBehavior [ RunTime:0.000000s ]
INFO: [ app_init ] --END-- [ RunTime:0.001000s ]

[ 2016-06-16T11:40:17+08:00 ] 127.0.0.1 /ck_thinkphp/index.php/Admin/Access/editRole?id=1
INFO: [ app_init ] --START--
INFO: Run Behavior\BuildLiteBehavior [ RunTime:0.000000s ]
INFO: [ app_init ] --END-- [ RunTime:0.000000s ]

[ 2016-06-16T11:40:22+08:00 ] 127.0.0.1 /ck_thinkphp/index.php/Admin/Access/editRole?id=1
INFO: [ app_init ] --START--
INFO: Run Behavior\BuildLiteBehavior [ RunTime:0.000000s ]
INFO: [ app_init ] --END-- [ RunTime:0.000000s ]

[ 2016-06-16T11:41:26+08:00 ] 127.0.0.1 /ck_thinkphp/index.php/Admin/Access/editRole?id=1
INFO: [ app_init ] --START--
INFO: Run Behavior\BuildLiteBehavior [ RunTime:0.000000s ]
INFO: [ app_init ] --END-- [ RunTime:0.000000s ]

[ 2016-06-16T11:41:28+08:00 ] 127.0.0.1 /ck_thinkphp/index.php/Admin/Access/index.html
INFO: [ app_init ] --START--
INFO: Run Behavior\BuildLiteBehavior [ RunTime:0.000000s ]
INFO: [ app_init ] --END-- [ RunTime:0.001000s ]

[ 2016-06-16T11:42:31+08:00 ] 127.0.0.1 /ck_thinkphp/index.php/Admin/Access/index.html
INFO: [ app_init ] --START--
INFO: Run Behavior\BuildLiteBehavior [ RunTime:0.000000s ]
INFO: [ app_init ] --END-- [ RunTime:0.000000s ]

[ 2016-06-16T11:42:52+08:00 ] 127.0.0.1 /ck_thinkphp/index.php/Admin/Access/roleList
INFO: [ app_init ] --START--
INFO: Run Behavior\BuildLiteBehavior [ RunTime:0.000000s ]
INFO: [ app_init ] --END-- [ RunTime:0.000000s ]

[ 2016-06-16T11:43:03+08:00 ] 127.0.0.1 /ck_thinkphp/index.php/Admin/Access/roleStatus
INFO: [ app_init ] --START--
INFO: Run Behavior\BuildLiteBehavior [ RunTime:0.000000s ]
INFO: [ app_init ] --END-- [ RunTime:0.001000s ]
INFO: [ app_begin ] --START--
INFO: Run Behavior\ReadHtmlCacheBehavior [ RunTime:0.000000s ]
INFO: [ app_begin ] --END-- [ RunTime:0.000000s ]

[ 2016-06-16T11:43:03+08:00 ] 127.0.0.1 /ck_thinkphp/index.php/Admin/Access/roleList
INFO: [ app_init ] --START--
INFO: Run Behavior\BuildLiteBehavior [ RunTime:0.000000s ]
INFO: [ app_init ] --END-- [ RunTime:0.001000s ]

[ 2016-06-16T11:43:05+08:00 ] 127.0.0.1 /ck_thinkphp/index.php/Admin/Access/editRole?id=2
INFO: [ app_init ] --START--
INFO: Run Behavior\BuildLiteBehavior [ RunTime:0.000000s ]
INFO: [ app_init ] --END-- [ RunTime:0.001000s ]

[ 2016-06-16T11:43:09+08:00 ] 127.0.0.1 /ck_thinkphp/index.php/Admin/Access/editRole?id=2
INFO: [ app_init ] --START--
INFO: Run Behavior\BuildLiteBehavior [ RunTime:0.000000s ]
INFO: [ app_init ] --END-- [ RunTime:0.001000s ]

[ 2016-06-16T11:43:12+08:00 ] 127.0.0.1 /ck_thinkphp/index.php/Admin/Access/index.html
INFO: [ app_init ] --START--
INFO: Run Behavior\BuildLiteBehavior [ RunTime:0.000000s ]
INFO: [ app_init ] --END-- [ RunTime:0.001000s ]

[ 2016-06-16T11:43:24+08:00 ] 127.0.0.1 /ck_thinkphp/index.php/Admin/Access/roleList
INFO: [ app_init ] --START--
INFO: Run Behavior\BuildLiteBehavior [ RunTime:0.000000s ]
INFO: [ app_init ] --END-- [ RunTime:0.000000s ]

[ 2016-06-16T11:43:33+08:00 ] 127.0.0.1 /ck_thinkphp/index.php/Admin/Access/editRole?id=1
INFO: [ app_init ] --START--
INFO: Run Behavior\BuildLiteBehavior [ RunTime:0.000000s ]
INFO: [ app_init ] --END-- [ RunTime:0.000000s ]

[ 2016-06-16T11:43:35+08:00 ] 127.0.0.1 /ck_thinkphp/index.php/Admin/Access/editRole?id=1
INFO: [ app_init ] --START--
INFO: Run Behavior\BuildLiteBehavior [ RunTime:0.000000s ]
INFO: [ app_init ] --END-- [ RunTime:0.000000s ]

[ 2016-06-16T11:43:51+08:00 ] 127.0.0.1 /ck_thinkphp/index.php/Admin/Access/editRole?id=1
INFO: [ app_init ] --START--
INFO: Run Behavior\BuildLiteBehavior [ RunTime:0.000000s ]
INFO: [ app_init ] --END-- [ RunTime:0.001000s ]

[ 2016-06-16T11:43:54+08:00 ] 127.0.0.1 /ck_thinkphp/index.php/Admin/Access/roleList.html
INFO: [ app_init ] --START--
INFO: Run Behavior\BuildLiteBehavior [ RunTime:0.000000s ]
INFO: [ app_init ] --END-- [ RunTime:0.001000s ]

[ 2016-06-16T11:44:32+08:00 ] 127.0.0.1 /ck_thinkphp/index.php/Admin/Access/editRole
INFO: [ app_init ] --START--
INFO: Run Behavior\BuildLiteBehavior [ RunTime:0.000000s ]
INFO: [ app_init ] --END-- [ RunTime:0.001001s ]

[ 2016-06-16T11:44:40+08:00 ] 127.0.0.1 /ck_thinkphp/index.php/Admin/Access/editRole
INFO: [ app_init ] --START--
INFO: Run Behavior\BuildLiteBehavior [ RunTime:0.000000s ]
INFO: [ app_init ] --END-- [ RunTime:0.001000s ]

[ 2016-06-16T11:45:04+08:00 ] 127.0.0.1 /ck_thinkphp/index.php/Admin/Access/editRole
INFO: [ app_init ] --START--
INFO: Run Behavior\BuildLiteBehavior [ RunTime:0.000000s ]
INFO: [ app_init ] --END-- [ RunTime:0.001000s ]

[ 2016-06-16T11:45:06+08:00 ] 127.0.0.1 /ck_thinkphp/index.php/Admin/Access/index
INFO: [ app_init ] --START--
INFO: Run Behavior\BuildLiteBehavior [ RunTime:0.000000s ]
INFO: [ app_init ] --END-- [ RunTime:0.001000s ]

[ 2016-06-16T11:45:23+08:00 ] 127.0.0.1 /ck_thinkphp/index.php/Admin/Access/addAdmin
INFO: [ app_init ] --START--
INFO: Run Behavior\BuildLiteBehavior [ RunTime:0.000000s ]
INFO: [ app_init ] --END-- [ RunTime:0.000000s ]

[ 2016-06-16T11:45:25+08:00 ] 127.0.0.1 /ck_thinkphp/index.php/Admin/Access/roleList
INFO: [ app_init ] --START--
INFO: Run Behavior\BuildLiteBehavior [ RunTime:0.000000s ]
INFO: [ app_init ] --END-- [ RunTime:0.000000s ]

[ 2016-06-16T11:45:26+08:00 ] 127.0.0.1 /ck_thinkphp/index.php/Admin/Access/addAdmin
INFO: [ app_init ] --START--
INFO: Run Behavior\BuildLiteBehavior [ RunTime:0.000000s ]
INFO: [ app_init ] --END-- [ RunTime:0.001000s ]

[ 2016-06-16T11:45:27+08:00 ] 127.0.0.1 /ck_thinkphp/index.php/Admin/Access/index
INFO: [ app_init ] --START--
INFO: Run Behavior\BuildLiteBehavior [ RunTime:0.000000s ]
INFO: [ app_init ] --END-- [ RunTime:0.001000s ]

[ 2016-06-16T11:45:37+08:00 ] 127.0.0.1 /ck_thinkphp/index.php/Admin/Access/roleList
INFO: [ app_init ] --START--
INFO: Run Behavior\BuildLiteBehavior [ RunTime:0.000000s ]
INFO: [ app_init ] --END-- [ RunTime:0.001000s ]

[ 2016-06-16T11:45:46+08:00 ] 127.0.0.1 /ck_thinkphp/index.php/Admin/Access/changeRole?id=1
INFO: [ app_init ] --START--
INFO: Run Behavior\BuildLiteBehavior [ RunTime:0.000000s ]
INFO: [ app_init ] --END-- [ RunTime:0.000000s ]

[ 2016-06-16T11:45:49+08:00 ] 127.0.0.1 /ck_thinkphp/index.php/Admin/Access/roleList
INFO: [ app_init ] --START--
INFO: Run Behavior\BuildLiteBehavior [ RunTime:0.000000s ]
INFO: [ app_init ] --END-- [ RunTime:0.001000s ]

[ 2016-06-16T12:00:09+08:00 ] 127.0.0.1 /ck_thinkphp/index.php/Admin/Access/roleList
INFO: [ app_init ] --START--
INFO: Run Behavior\BuildLiteBehavior [ RunTime:0.000000s ]
INFO: [ app_init ] --END-- [ RunTime:0.000000s ]

[ 2016-06-16T12:00:12+08:00 ] 127.0.0.1 /ck_thinkphp/index.php/Admin/Access/changeRole?id=1
INFO: [ app_init ] --START--
INFO: Run Behavior\BuildLiteBehavior [ RunTime:0.000000s ]
INFO: [ app_init ] --END-- [ RunTime:0.001000s ]

[ 2016-06-16T12:07:08+08:00 ] 127.0.0.1 /ck_thinkphp/index.php/Admin/Access/roleList
INFO: [ app_init ] --START--
INFO: Run Behavior\BuildLiteBehavior [ RunTime:0.000000s ]
INFO: [ app_init ] --END-- [ RunTime:0.000000s ]

[ 2016-06-16T12:07:10+08:00 ] 127.0.0.1 /ck_thinkphp/index.php/Admin/Access/changeRole?id=1
INFO: [ app_init ] --START--
INFO: Run Behavior\BuildLiteBehavior [ RunTime:0.001000s ]
INFO: [ app_init ] --END-- [ RunTime:0.001000s ]

[ 2016-06-16T12:08:16+08:00 ] 127.0.0.1 /ck_thinkphp/index.php/Admin/Access/changeRole?id=1
INFO: [ app_init ] --START--
INFO: Run Behavior\BuildLiteBehavior [ RunTime:0.000000s ]
INFO: [ app_init ] --END-- [ RunTime:0.001000s ]

[ 2016-06-16T12:08:23+08:00 ] 127.0.0.1 /ck_thinkphp/index.php/Admin/Access/addAdmin
INFO: [ app_init ] --START--
INFO: Run Behavior\BuildLiteBehavior [ RunTime:0.000000s ]
INFO: [ app_init ] --END-- [ RunTime:0.000000s ]

[ 2016-06-16T12:08:24+08:00 ] 127.0.0.1 /ck_thinkphp/index.php/Admin/Access/roleList
INFO: [ app_init ] --START--
INFO: Run Behavior\BuildLiteBehavior [ RunTime:0.000000s ]
INFO: [ app_init ] --END-- [ RunTime:0.001001s ]

[ 2016-06-16T12:08:29+08:00 ] 127.0.0.1 /ck_thinkphp/index.php/Admin/Access/changeRole?id=1
INFO: [ app_init ] --START--
INFO: Run Behavior\BuildLiteBehavior [ RunTime:0.000000s ]
INFO: [ app_init ] --END-- [ RunTime:0.000000s ]

[ 2016-06-16T12:09:16+08:00 ] 127.0.0.1 /ck_thinkphp/index.php/Admin/Access/changeRole?id=1
INFO: [ app_init ] --START--
INFO: Run Behavior\BuildLiteBehavior [ RunTime:0.000000s ]
INFO: [ app_init ] --END-- [ RunTime:0.001000s ]

[ 2016-06-16T12:11:17+08:00 ] 127.0.0.1 /ck_thinkphp/index.php/Admin/Access/changeRole?id=1
INFO: [ app_init ] --START--
INFO: Run Behavior\BuildLiteBehavior [ RunTime:0.000000s ]
INFO: [ app_init ] --END-- [ RunTime:0.000000s ]

[ 2016-06-16T12:11:41+08:00 ] 127.0.0.1 /ck_thinkphp/index.php/Admin/Access/changeRole?id=1
INFO: [ app_init ] --START--
INFO: Run Behavior\BuildLiteBehavior [ RunTime:0.000000s ]
INFO: [ app_init ] --END-- [ RunTime:0.001000s ]

[ 2016-06-16T12:12:04+08:00 ] 127.0.0.1 /ck_thinkphp/index.php/Admin/Access/changeRole?id=1
INFO: [ app_init ] --START--
INFO: Run Behavior\BuildLiteBehavior [ RunTime:0.000000s ]
INFO: [ app_init ] --END-- [ RunTime:0.001000s ]

[ 2016-06-16T12:12:13+08:00 ] 127.0.0.1 /ck_thinkphp/index.php/Admin/News/index
INFO: [ app_init ] --START--
INFO: Run Behavior\BuildLiteBehavior [ RunTime:0.000000s ]
INFO: [ app_init ] --END-- [ RunTime:0.000000s ]

[ 2016-06-16T12:12:16+08:00 ] 127.0.0.1 /ck_thinkphp/index.php/Admin/Access/changeRole?id=1
INFO: [ app_init ] --START--
INFO: Run Behavior\BuildLiteBehavior [ RunTime:0.000000s ]
INFO: [ app_init ] --END-- [ RunTime:0.000000s ]

[ 2016-06-16T12:12:34+08:00 ] 127.0.0.1 /ck_thinkphp/index.php/Admin/Access/changeRole?id=1
INFO: [ app_init ] --START--
INFO: Run Behavior\BuildLiteBehavior [ RunTime:0.000000s ]
INFO: [ app_init ] --END-- [ RunTime:0.000000s ]

[ 2016-06-16T12:14:13+08:00 ] 127.0.0.1 /ck_thinkphp/index.php/Admin/Access/changeRole?id=1
INFO: [ app_init ] --START--
INFO: Run Behavior\BuildLiteBehavior [ RunTime:0.000000s ]
INFO: [ app_init ] --END-- [ RunTime:0.001001s ]

[ 2016-06-16T12:14:14+08:00 ] 127.0.0.1 /ck_thinkphp/index.php/Admin/Access/changeRole?id=1
INFO: [ app_init ] --START--
INFO: Run Behavior\BuildLiteBehavior [ RunTime:0.000000s ]
INFO: [ app_init ] --END-- [ RunTime:0.000000s ]

[ 2016-06-16T12:14:14+08:00 ] 127.0.0.1 /ck_thinkphp/index.php/Admin/Access/changeRole?id=1
INFO: [ app_init ] --START--
INFO: Run Behavior\BuildLiteBehavior [ RunTime:0.000000s ]
INFO: [ app_init ] --END-- [ RunTime:0.001000s ]

[ 2016-06-16T12:14:14+08:00 ] 127.0.0.1 /ck_thinkphp/index.php/Admin/Access/changeRole?id=1
INFO: [ app_init ] --START--
INFO: Run Behavior\BuildLiteBehavior [ RunTime:0.000000s ]
INFO: [ app_init ] --END-- [ RunTime:0.001000s ]

[ 2016-06-16T12:14:14+08:00 ] 127.0.0.1 /ck_thinkphp/index.php/Admin/Access/changeRole?id=1
INFO: [ app_init ] --START--
INFO: Run Behavior\BuildLiteBehavior [ RunTime:0.001001s ]
INFO: [ app_init ] --END-- [ RunTime:0.001001s ]

[ 2016-06-16T12:14:19+08:00 ] 127.0.0.1 /ck_thinkphp/index.php/Admin/Access/changeRole?id=1
INFO: [ app_init ] --START--
INFO: Run Behavior\BuildLiteBehavior [ RunTime:0.000000s ]
INFO: [ app_init ] --END-- [ RunTime:0.001000s ]

[ 2016-06-16T12:14:33+08:00 ] 127.0.0.1 /ck_thinkphp/index.php/Admin/Access/changeRole?id=1
INFO: [ app_init ] --START--
INFO: Run Behavior\BuildLiteBehavior [ RunTime:0.000000s ]
INFO: [ app_init ] --END-- [ RunTime:0.001000s ]

[ 2016-06-16T12:14:56+08:00 ] 127.0.0.1 /ck_thinkphp/index.php/Admin/Access/changeRole?id=1
INFO: [ app_init ] --START--
INFO: Run Behavior\BuildLiteBehavior [ RunTime:0.000000s ]
INFO: [ app_init ] --END-- [ RunTime:0.000000s ]

[ 2016-06-16T12:15:01+08:00 ] 127.0.0.1 /ck_thinkphp/index.php/Admin/Access/changeRole?id=1
INFO: [ app_init ] --START--
INFO: Run Behavior\BuildLiteBehavior [ RunTime:0.000000s ]
INFO: [ app_init ] --END-- [ RunTime:0.001000s ]

[ 2016-06-16T12:15:15+08:00 ] 127.0.0.1 /ck_thinkphp/index.php/Admin/Access/changeRole?id=1
INFO: [ app_init ] --START--
INFO: Run Behavior\BuildLiteBehavior [ RunTime:0.000000s ]
INFO: [ app_init ] --END-- [ RunTime:0.001000s ]

[ 2016-06-16T12:15:19+08:00 ] 127.0.0.1 /ck_thinkphp/index.php/Admin/Access/changeRole?id=1
INFO: [ app_init ] --START--
INFO: Run Behavior\BuildLiteBehavior [ RunTime:0.000000s ]
INFO: [ app_init ] --END-- [ RunTime:0.000000s ]

[ 2016-06-16T12:23:25+08:00 ] 127.0.0.1 /ck_thinkphp/index.php/Admin/Access/changeRole?id=1
INFO: [ app_init ] --START--
INFO: Run Behavior\BuildLiteBehavior [ RunTime:0.000000s ]
INFO: [ app_init ] --END-- [ RunTime:0.001000s ]

[ 2016-06-16T12:23:26+08:00 ] 127.0.0.1 /ck_thinkphp/index.php/Admin/Access/changeRole?id=1
INFO: [ app_init ] --START--
INFO: Run Behavior\BuildLiteBehavior [ RunTime:0.000000s ]
INFO: [ app_init ] --END-- [ RunTime:0.000000s ]

[ 2016-06-16T12:23:37+08:00 ] 127.0.0.1 /ck_thinkphp/index.php/Admin/Access/changeRole?id=1
INFO: [ app_init ] --START--
INFO: Run Behavior\BuildLiteBehavior [ RunTime:0.000000s ]
INFO: [ app_init ] --END-- [ RunTime:0.001000s ]

[ 2016-06-16T12:23:38+08:00 ] 127.0.0.1 /ck_thinkphp/index.php/Admin/Access/changeRole?id=1
INFO: [ app_init ] --START--
INFO: Run Behavior\BuildLiteBehavior [ RunTime:0.000000s ]
INFO: [ app_init ] --END-- [ RunTime:0.001000s ]

[ 2016-06-16T12:23:38+08:00 ] 127.0.0.1 /ck_thinkphp/index.php/Admin/Access/changeRole?id=1
INFO: [ app_init ] --START--
INFO: Run Behavior\BuildLiteBehavior [ RunTime:0.000000s ]
INFO: [ app_init ] --END-- [ RunTime:0.000000s ]

[ 2016-06-16T12:23:39+08:00 ] 127.0.0.1 /ck_thinkphp/index.php/Admin/Access/changeRole?id=1
INFO: [ app_init ] --START--
INFO: Run Behavior\BuildLiteBehavior [ RunTime:0.000000s ]
INFO: [ app_init ] --END-- [ RunTime:0.001000s ]

[ 2016-06-16T12:23:39+08:00 ] 127.0.0.1 /ck_thinkphp/index.php/Admin/Access/changeRole?id=1
INFO: [ app_init ] --START--
INFO: Run Behavior\BuildLiteBehavior [ RunTime:0.000000s ]
INFO: [ app_init ] --END-- [ RunTime:0.001000s ]

[ 2016-06-16T12:23:39+08:00 ] 127.0.0.1 /ck_thinkphp/index.php/Admin/Access/changeRole?id=1
INFO: [ app_init ] --START--
INFO: Run Behavior\BuildLiteBehavior [ RunTime:0.000000s ]
INFO: [ app_init ] --END-- [ RunTime:0.001001s ]

[ 2016-06-16T12:25:15+08:00 ] 127.0.0.1 /ck_thinkphp/index.php/Admin/Access/changeRole?id=1
INFO: [ app_init ] --START--
INFO: Run Behavior\BuildLiteBehavior [ RunTime:0.000000s ]
INFO: [ app_init ] --END-- [ RunTime:0.001000s ]

[ 2016-06-16T12:25:19+08:00 ] 127.0.0.1 /ck_thinkphp/index.php/Admin/Access/index
INFO: [ app_init ] --START--
INFO: Run Behavior\BuildLiteBehavior [ RunTime:0.000000s ]
INFO: [ app_init ] --END-- [ RunTime:0.001000s ]

[ 2016-06-16T12:25:20+08:00 ] 127.0.0.1 /ck_thinkphp/index.php/Admin/Access/addAdmin
INFO: [ app_init ] --START--
INFO: Run Behavior\BuildLiteBehavior [ RunTime:0.000000s ]
INFO: [ app_init ] --END-- [ RunTime:0.000000s ]

[ 2016-06-16T12:25:21+08:00 ] 127.0.0.1 /ck_thinkphp/index.php/Admin/Access/roleList
INFO: [ app_init ] --START--
INFO: Run Behavior\BuildLiteBehavior [ RunTime:0.000000s ]
INFO: [ app_init ] --END-- [ RunTime:0.000000s ]

[ 2016-06-16T12:25:23+08:00 ] 127.0.0.1 /ck_thinkphp/index.php/Admin/Access/addRole
INFO: [ app_init ] --START--
INFO: Run Behavior\BuildLiteBehavior [ RunTime:0.000000s ]
INFO: [ app_init ] --END-- [ RunTime:0.000000s ]

[ 2016-06-16T12:25:26+08:00 ] 127.0.0.1 /ck_thinkphp/index.php/Admin/Access/nodeList
INFO: [ app_init ] --START--
INFO: Run Behavior\BuildLiteBehavior [ RunTime:0.000000s ]
INFO: [ app_init ] --END-- [ RunTime:0.000000s ]

[ 2016-06-16T12:25:30+08:00 ] 127.0.0.1 /ck_thinkphp/index.php/Admin/Access/roleList
INFO: [ app_init ] --START--
INFO: Run Behavior\BuildLiteBehavior [ RunTime:0.000000s ]
INFO: [ app_init ] --END-- [ RunTime:0.000000s ]

[ 2016-06-16T12:25:31+08:00 ] 127.0.0.1 /ck_thinkphp/index.php/Admin/Access/addAdmin
INFO: [ app_init ] --START--
INFO: Run Behavior\BuildLiteBehavior [ RunTime:0.000000s ]
INFO: [ app_init ] --END-- [ RunTime:0.000000s ]

[ 2016-06-16T12:25:33+08:00 ] 127.0.0.1 /ck_thinkphp/index.php/Admin/Access/index
INFO: [ app_init ] --START--
INFO: Run Behavior\BuildLiteBehavior [ RunTime:0.000000s ]
INFO: [ app_init ] --END-- [ RunTime:0.001000s ]

[ 2016-06-16T12:25:35+08:00 ] 127.0.0.1 /ck_thinkphp/index.php/Admin/Access/roleList
INFO: [ app_init ] --START--
INFO: Run Behavior\BuildLiteBehavior [ RunTime:0.000000s ]
INFO: [ app_init ] --END-- [ RunTime:0.000000s ]

[ 2016-06-16T12:25:38+08:00 ] 127.0.0.1 /ck_thinkphp/index.php/Admin/Access/changeRole?id=1
INFO: [ app_init ] --START--
INFO: Run Behavior\BuildLiteBehavior [ RunTime:0.000000s ]
INFO: [ app_init ] --END-- [ RunTime:0.000000s ]

[ 2016-06-16T13:46:53+08:00 ] 127.0.0.1 /ck_thinkphp/index.php/Admin/Access/changeRole?id=1
INFO: [ app_init ] --START--
INFO: Run Behavior\BuildLiteBehavior [ RunTime:0.000000s ]
INFO: [ app_init ] --END-- [ RunTime:0.001000s ]

[ 2016-06-16T13:46:56+08:00 ] 127.0.0.1 /ck_thinkphp/index.php/Admin/Public/index.html
INFO: [ app_init ] --START--
INFO: Run Behavior\BuildLiteBehavior [ RunTime:0.000000s ]
INFO: [ app_init ] --END-- [ RunTime:0.001000s ]

[ 2016-06-16T13:46:56+08:00 ] 127.0.0.1 /ck_thinkphp/index.php/Admin/Public/verify_code
INFO: [ app_init ] --START--
INFO: Run Behavior\BuildLiteBehavior [ RunTime:0.000000s ]
INFO: [ app_init ] --END-- [ RunTime:0.001000s ]

[ 2016-06-16T13:47:09+08:00 ] 127.0.0.1 /ck_thinkphp/index.php/Admin/Public/index
INFO: [ app_init ] --START--
INFO: Run Behavior\BuildLiteBehavior [ RunTime:0.000000s ]
INFO: [ app_init ] --END-- [ RunTime:0.000000s ]

[ 2016-06-16T13:47:10+08:00 ] 127.0.0.1 /ck_thinkphp/index.php/Admin/Index/index.html
INFO: [ app_init ] --START--
INFO: Run Behavior\BuildLiteBehavior [ RunTime:0.000000s ]
INFO: [ app_init ] --END-- [ RunTime:0.000000s ]

[ 2016-06-16T13:47:12+08:00 ] 127.0.0.1 /ck_thinkphp/index.php/Admin/Access/index
INFO: [ app_init ] --START--
INFO: Run Behavior\BuildLiteBehavior [ RunTime:0.000000s ]
INFO: [ app_init ] --END-- [ RunTime:0.001000s ]

[ 2016-06-16T13:47:14+08:00 ] 127.0.0.1 /ck_thinkphp/index.php/Admin/Access/roleList
INFO: [ app_init ] --START--
INFO: Run Behavior\BuildLiteBehavior [ RunTime:0.000000s ]
INFO: [ app_init ] --END-- [ RunTime:0.001000s ]

[ 2016-06-16T13:47:16+08:00 ] 127.0.0.1 /ck_thinkphp/index.php/Admin/Access/changeRole?id=1
INFO: [ app_init ] --START--
INFO: Run Behavior\BuildLiteBehavior [ RunTime:0.000000s ]
INFO: [ app_init ] --END-- [ RunTime:0.001000s ]

[ 2016-06-16T13:48:19+08:00 ] 127.0.0.1 /ck_thinkphp/index.php/Admin/Access/changeRole?id=1
INFO: [ app_init ] --START--
INFO: Run Behavior\BuildLiteBehavior [ RunTime:0.000000s ]
INFO: [ app_init ] --END-- [ RunTime:0.000000s ]

[ 2016-06-16T13:49:45+08:00 ] 127.0.0.1 /ck_thinkphp/index.php/Admin/Access/changeRole?id=1
INFO: [ app_init ] --START--
INFO: Run Behavior\BuildLiteBehavior [ RunTime:0.000000s ]
INFO: [ app_init ] --END-- [ RunTime:0.000000s ]

[ 2016-06-16T13:50:11+08:00 ] 127.0.0.1 /ck_thinkphp/index.php/Admin/Access/changeRole?id=1
INFO: [ app_init ] --START--
INFO: Run Behavior\BuildLiteBehavior [ RunTime:0.000000s ]
INFO: [ app_init ] --END-- [ RunTime:0.000000s ]

[ 2016-06-16T13:51:00+08:00 ] 127.0.0.1 /ck_thinkphp/index.php/Admin/Access/changeRole?id=1
INFO: [ app_init ] --START--
INFO: Run Behavior\BuildLiteBehavior [ RunTime:0.000000s ]
INFO: [ app_init ] --END-- [ RunTime:0.001000s ]

[ 2016-06-16T13:51:01+08:00 ] 127.0.0.1 /ck_thinkphp/index.php/Admin/Access/changeRole?id=1
INFO: [ app_init ] --START--
INFO: Run Behavior\BuildLiteBehavior [ RunTime:0.001000s ]
INFO: [ app_init ] --END-- [ RunTime:0.001000s ]

[ 2016-06-16T13:51:01+08:00 ] 127.0.0.1 /ck_thinkphp/index.php/Admin/Access/changeRole?id=1
INFO: [ app_init ] --START--
INFO: Run Behavior\BuildLiteBehavior [ RunTime:0.000000s ]
INFO: [ app_init ] --END-- [ RunTime:0.001000s ]

[ 2016-06-16T13:51:01+08:00 ] 127.0.0.1 /ck_thinkphp/index.php/Admin/Access/changeRole?id=1
INFO: [ app_init ] --START--
INFO: Run Behavior\BuildLiteBehavior [ RunTime:0.000000s ]
INFO: [ app_init ] --END-- [ RunTime:0.001000s ]

[ 2016-06-16T13:51:02+08:00 ] 127.0.0.1 /ck_thinkphp/index.php/Admin/Access/changeRole?id=1
INFO: [ app_init ] --START--
INFO: Run Behavior\BuildLiteBehavior [ RunTime:0.000000s ]
INFO: [ app_init ] --END-- [ RunTime:0.001000s ]

[ 2016-06-16T13:51:13+08:00 ] 127.0.0.1 /ck_thinkphp/index.php/Admin/Access/changeRole?id=1
INFO: [ app_init ] --START--
INFO: Run Behavior\BuildLiteBehavior [ RunTime:0.000000s ]
INFO: [ app_init ] --END-- [ RunTime:0.001000s ]

[ 2016-06-16T13:52:43+08:00 ] 127.0.0.1 /ck_thinkphp/index.php/Admin/Access/changeRole?id=1
INFO: [ app_init ] --START--
INFO: Run Behavior\BuildLiteBehavior [ RunTime:0.000000s ]
INFO: [ app_init ] --END-- [ RunTime:0.001000s ]

[ 2016-06-16T13:54:24+08:00 ] 127.0.0.1 /ck_thinkphp/index.php/Admin/Access/changeRole?id=1
INFO: [ app_init ] --START--
INFO: Run Behavior\BuildLiteBehavior [ RunTime:0.000000s ]
INFO: [ app_init ] --END-- [ RunTime:0.001000s ]

[ 2016-06-16T13:55:05+08:00 ] 127.0.0.1 /ck_thinkphp/index.php/Admin/Access/changeRole?id=1
INFO: [ app_init ] --START--
INFO: Run Behavior\BuildLiteBehavior [ RunTime:0.000000s ]
INFO: [ app_init ] --END-- [ RunTime:0.001000s ]

[ 2016-06-16T13:55:07+08:00 ] 127.0.0.1 /ck_thinkphp/index.php/Admin/Access/roleList
INFO: [ app_init ] --START--
INFO: Run Behavior\BuildLiteBehavior [ RunTime:0.000000s ]
INFO: [ app_init ] --END-- [ RunTime:0.001001s ]

[ 2016-06-16T13:55:08+08:00 ] 127.0.0.1 /ck_thinkphp/index.php/Admin/Access/addAdmin
INFO: [ app_init ] --START--
INFO: Run Behavior\BuildLiteBehavior [ RunTime:0.000000s ]
INFO: [ app_init ] --END-- [ RunTime:0.000000s ]

[ 2016-06-16T13:55:09+08:00 ] 127.0.0.1 /ck_thinkphp/index.php/Admin/Access/index
INFO: [ app_init ] --START--
INFO: Run Behavior\BuildLiteBehavior [ RunTime:0.000000s ]
INFO: [ app_init ] --END-- [ RunTime:0.000000s ]

[ 2016-06-16T13:55:10+08:00 ] 127.0.0.1 /ck_thinkphp/index.php/Admin/Access/addAdmin
INFO: [ app_init ] --START--
INFO: Run Behavior\BuildLiteBehavior [ RunTime:0.000000s ]
INFO: [ app_init ] --END-- [ RunTime:0.001000s ]

[ 2016-06-16T13:55:10+08:00 ] 127.0.0.1 /ck_thinkphp/index.php/Admin/Access/roleList
INFO: [ app_init ] --START--
INFO: Run Behavior\BuildLiteBehavior [ RunTime:0.000000s ]
INFO: [ app_init ] --END-- [ RunTime:0.000000s ]

[ 2016-06-16T13:55:13+08:00 ] 127.0.0.1 /ck_thinkphp/index.php/Admin/Access/editRole?id=1
INFO: [ app_init ] --START--
INFO: Run Behavior\BuildLiteBehavior [ RunTime:0.000000s ]
INFO: [ app_init ] --END-- [ RunTime:0.000000s ]

[ 2016-06-16T13:55:14+08:00 ] 127.0.0.1 /ck_thinkphp/index.php/Admin/Access/addAdmin
INFO: [ app_init ] --START--
INFO: Run Behavior\BuildLiteBehavior [ RunTime:0.000000s ]
INFO: [ app_init ] --END-- [ RunTime:0.001000s ]

[ 2016-06-16T13:55:16+08:00 ] 127.0.0.1 /ck_thinkphp/index.php/Admin/Access/index
INFO: [ app_init ] --START--
INFO: Run Behavior\BuildLiteBehavior [ RunTime:0.000000s ]
INFO: [ app_init ] --END-- [ RunTime:0.001000s ]

[ 2016-06-16T13:55:18+08:00 ] 127.0.0.1 /ck_thinkphp/index.php/Admin/Access/editAdmin?aid=2
INFO: [ app_init ] --START--
INFO: Run Behavior\BuildLiteBehavior [ RunTime:0.000000s ]
INFO: [ app_init ] --END-- [ RunTime:0.000000s ]

[ 2016-06-16T13:55:19+08:00 ] 127.0.0.1 /ck_thinkphp/index.php/Admin/Access/roleList
INFO: [ app_init ] --START--
INFO: Run Behavior\BuildLiteBehavior [ RunTime:0.000000s ]
INFO: [ app_init ] --END-- [ RunTime:0.000000s ]

[ 2016-06-16T13:55:22+08:00 ] 127.0.0.1 /ck_thinkphp/index.php/Admin/Access/changeRole?id=1
INFO: [ app_init ] --START--
INFO: Run Behavior\BuildLiteBehavior [ RunTime:0.000000s ]
INFO: [ app_init ] --END-- [ RunTime:0.000000s ]

[ 2016-06-16T13:56:07+08:00 ] 127.0.0.1 /ck_thinkphp/index.php/Admin/Access/changeRole?id=1
INFO: [ app_init ] --START--
INFO: Run Behavior\BuildLiteBehavior [ RunTime:0.000000s ]
INFO: [ app_init ] --END-- [ RunTime:0.001000s ]

[ 2016-06-16T13:58:24+08:00 ] 127.0.0.1 /ck_thinkphp/index.php/Admin/Access/changeRole?id=1
INFO: [ app_init ] --START--
INFO: Run Behavior\BuildLiteBehavior [ RunTime:0.000000s ]
INFO: [ app_init ] --END-- [ RunTime:0.001000s ]

[ 2016-06-16T13:58:27+08:00 ] 127.0.0.1 /ck_thinkphp/index.php/Admin/Access/roleList
INFO: [ app_init ] --START--
INFO: Run Behavior\BuildLiteBehavior [ RunTime:0.000000s ]
INFO: [ app_init ] --END-- [ RunTime:0.001000s ]

[ 2016-06-16T13:58:29+08:00 ] 127.0.0.1 /ck_thinkphp/index.php/Admin/Access/changeRole?id=1
INFO: [ app_init ] --START--
INFO: Run Behavior\BuildLiteBehavior [ RunTime:0.000000s ]
INFO: [ app_init ] --END-- [ RunTime:0.001000s ]

[ 2016-06-16T14:00:11+08:00 ] 127.0.0.1 /ck_thinkphp/index.php/Admin/Access/changeRole?id=1
INFO: [ app_init ] --START--
INFO: Run Behavior\BuildLiteBehavior [ RunTime:0.000000s ]
INFO: [ app_init ] --END-- [ RunTime:0.001000s ]

[ 2016-06-16T14:03:17+08:00 ] 127.0.0.1 /ck_thinkphp/index.php/Admin/Access/changeRole?id=1
INFO: [ app_init ] --START--
INFO: Run Behavior\BuildLiteBehavior [ RunTime:0.000000s ]
INFO: [ app_init ] --END-- [ RunTime:0.001000s ]

[ 2016-06-16T14:03:46+08:00 ] 127.0.0.1 /ck_thinkphp/index.php/Admin/Access/changeRole?id=1
INFO: [ app_init ] --START--
INFO: Run Behavior\BuildLiteBehavior [ RunTime:0.000000s ]
INFO: [ app_init ] --END-- [ RunTime:0.000000s ]

[ 2016-06-16T14:04:02+08:00 ] 127.0.0.1 /ck_thinkphp/index.php/Admin/Access/changeRole?id=1
INFO: [ app_init ] --START--
INFO: Run Behavior\BuildLiteBehavior [ RunTime:0.000000s ]
INFO: [ app_init ] --END-- [ RunTime:0.000000s ]

[ 2016-06-16T14:04:11+08:00 ] 127.0.0.1 /ck_thinkphp/index.php/Admin/Access/changeRole?id=1
INFO: [ app_init ] --START--
INFO: Run Behavior\BuildLiteBehavior [ RunTime:0.000000s ]
INFO: [ app_init ] --END-- [ RunTime:0.001000s ]

[ 2016-06-16T14:04:13+08:00 ] 127.0.0.1 /ck_thinkphp/index.php/Admin/Access/changeRole?id=1
INFO: [ app_init ] --START--
INFO: Run Behavior\BuildLiteBehavior [ RunTime:0.000000s ]
INFO: [ app_init ] --END-- [ RunTime:0.001000s ]

[ 2016-06-16T14:04:13+08:00 ] 127.0.0.1 /ck_thinkphp/index.php/Admin/Access/changeRole?id=1
INFO: [ app_init ] --START--
INFO: Run Behavior\BuildLiteBehavior [ RunTime:0.000000s ]
INFO: [ app_init ] --END-- [ RunTime:0.001000s ]

[ 2016-06-16T14:04:37+08:00 ] 127.0.0.1 /ck_thinkphp/index.php/Admin/Access/changeRole?id=1
INFO: [ app_init ] --START--
INFO: Run Behavior\BuildLiteBehavior [ RunTime:0.000000s ]
INFO: [ app_init ] --END-- [ RunTime:0.001000s ]

[ 2016-06-16T14:04:42+08:00 ] 127.0.0.1 /ck_thinkphp/index.php/Admin/Access/changeRole?id=1
INFO: [ app_init ] --START--
INFO: Run Behavior\BuildLiteBehavior [ RunTime:0.000000s ]
INFO: [ app_init ] --END-- [ RunTime:0.001000s ]

[ 2016-06-16T14:17:16+08:00 ] 127.0.0.1 /ck_thinkphp/index.php/Admin/Access/changeRole?id=1
INFO: [ app_init ] --START--
INFO: Run Behavior\BuildLiteBehavior [ RunTime:0.001000s ]
INFO: [ app_init ] --END-- [ RunTime:0.001000s ]

[ 2016-06-16T14:23:06+08:00 ] 127.0.0.1 /ck_thinkphp/index.php/Admin/Access/changeRole?id=1
INFO: [ app_init ] --START--
INFO: Run Behavior\BuildLiteBehavior [ RunTime:0.000000s ]
INFO: [ app_init ] --END-- [ RunTime:0.001000s ]

[ 2016-06-16T14:24:34+08:00 ] 127.0.0.1 /ck_thinkphp/index.php/Admin/Access/changeRole?id=1
INFO: [ app_init ] --START--
INFO: Run Behavior\BuildLiteBehavior [ RunTime:0.000000s ]
INFO: [ app_init ] --END-- [ RunTime:0.001000s ]

[ 2016-06-16T14:24:36+08:00 ] 127.0.0.1 /ck_thinkphp/index.php/Admin/Access/changeRole?id=1
INFO: [ app_init ] --START--
INFO: Run Behavior\BuildLiteBehavior [ RunTime:0.000000s ]
INFO: [ app_init ] --END-- [ RunTime:0.001000s ]

[ 2016-06-16T14:24:36+08:00 ] 127.0.0.1 /ck_thinkphp/index.php/Admin/Access/changeRole?id=1
INFO: [ app_init ] --START--
INFO: Run Behavior\BuildLiteBehavior [ RunTime:0.000000s ]
INFO: [ app_init ] --END-- [ RunTime:0.001000s ]

[ 2016-06-16T14:24:39+08:00 ] 127.0.0.1 /ck_thinkphp/index.php/Admin/Access/changeRole?id=1
INFO: [ app_init ] --START--
INFO: Run Behavior\BuildLiteBehavior [ RunTime:0.000000s ]
INFO: [ app_init ] --END-- [ RunTime:0.001000s ]

[ 2016-06-16T14:24:49+08:00 ] 127.0.0.1 /ck_thinkphp/index.php/Admin/Access/changeRole?id=1
INFO: [ app_init ] --START--
INFO: Run Behavior\BuildLiteBehavior [ RunTime:0.000000s ]
INFO: [ app_init ] --END-- [ RunTime:0.001000s ]

[ 2016-06-16T14:42:43+08:00 ] 127.0.0.1 /ck_thinkphp/index.php/Admin/Access/changeRole?id=1
INFO: [ app_init ] --START--
INFO: Run Behavior\BuildLiteBehavior [ RunTime:0.000000s ]
INFO: [ app_init ] --END-- [ RunTime:0.000000s ]

[ 2016-06-16T14:43:57+08:00 ] 127.0.0.1 /ck_thinkphp/index.php/Admin/Access/changeRole?id=1
INFO: [ app_init ] --START--
INFO: Run Behavior\BuildLiteBehavior [ RunTime:0.000000s ]
INFO: [ app_init ] --END-- [ RunTime:0.001000s ]

[ 2016-06-16T14:43:58+08:00 ] 127.0.0.1 /ck_thinkphp/index.php/Admin/Access/changeRole?id=1
INFO: [ app_init ] --START--
INFO: Run Behavior\BuildLiteBehavior [ RunTime:0.000000s ]
INFO: [ app_init ] --END-- [ RunTime:0.001000s ]

[ 2016-06-16T14:43:59+08:00 ] 127.0.0.1 /ck_thinkphp/index.php/Admin/Access/changeRole?id=1
INFO: [ app_init ] --START--
INFO: Run Behavior\BuildLiteBehavior [ RunTime:0.000000s ]
INFO: [ app_init ] --END-- [ RunTime:0.001000s ]

[ 2016-06-16T14:45:04+08:00 ] 127.0.0.1 /ck_thinkphp/index.php/Admin/Access/changeRole?id=1
INFO: [ app_init ] --START--
INFO: Run Behavior\BuildLiteBehavior [ RunTime:0.000000s ]
INFO: [ app_init ] --END-- [ RunTime:0.001000s ]

[ 2016-06-16T14:45:05+08:00 ] 127.0.0.1 /ck_thinkphp/index.php/Admin/Access/changeRole?id=1
INFO: [ app_init ] --START--
INFO: Run Behavior\BuildLiteBehavior [ RunTime:0.000000s ]
INFO: [ app_init ] --END-- [ RunTime:0.001000s ]

[ 2016-06-16T14:47:03+08:00 ] 127.0.0.1 /ck_thinkphp/index.php/Admin/Access/changeRole?id=1
INFO: [ app_init ] --START--
INFO: Run Behavior\BuildLiteBehavior [ RunTime:0.000000s ]
INFO: [ app_init ] --END-- [ RunTime:0.001000s ]

[ 2016-06-16T14:47:21+08:00 ] 127.0.0.1 /ck_thinkphp/index.php/Admin/Access/changeRole?id=1
INFO: [ app_init ] --START--
INFO: Run Behavior\BuildLiteBehavior [ RunTime:0.000000s ]
INFO: [ app_init ] --END-- [ RunTime:0.000000s ]

[ 2016-06-16T14:47:25+08:00 ] 127.0.0.1 /ck_thinkphp/index.php/Admin/Public/index.html
INFO: [ app_init ] --START--
INFO: Run Behavior\BuildLiteBehavior [ RunTime:0.000000s ]
INFO: [ app_init ] --END-- [ RunTime:0.000000s ]

[ 2016-06-16T14:47:25+08:00 ] 127.0.0.1 /ck_thinkphp/index.php/Admin/Public/verify_code
INFO: [ app_init ] --START--
INFO: Run Behavior\BuildLiteBehavior [ RunTime:0.000000s ]
INFO: [ app_init ] --END-- [ RunTime:0.001000s ]

[ 2016-06-16T14:47:36+08:00 ] 127.0.0.1 /ck_thinkphp/index.php/Admin/Public/index
INFO: [ app_init ] --START--
INFO: Run Behavior\BuildLiteBehavior [ RunTime:0.000000s ]
INFO: [ app_init ] --END-- [ RunTime:0.001000s ]

[ 2016-06-16T14:47:37+08:00 ] 127.0.0.1 /ck_thinkphp/index.php/Admin/Index/index.html
INFO: [ app_init ] --START--
INFO: Run Behavior\BuildLiteBehavior [ RunTime:0.000000s ]
INFO: [ app_init ] --END-- [ RunTime:0.001000s ]

[ 2016-06-16T14:47:39+08:00 ] 127.0.0.1 /ck_thinkphp/index.php/Admin/Access/index
INFO: [ app_init ] --START--
INFO: Run Behavior\BuildLiteBehavior [ RunTime:0.001000s ]
INFO: [ app_init ] --END-- [ RunTime:0.001000s ]

[ 2016-06-16T14:47:40+08:00 ] 127.0.0.1 /ck_thinkphp/index.php/Admin/Access/roleList
INFO: [ app_init ] --START--
INFO: Run Behavior\BuildLiteBehavior [ RunTime:0.000000s ]
INFO: [ app_init ] --END-- [ RunTime:0.001000s ]

[ 2016-06-16T14:47:42+08:00 ] 127.0.0.1 /ck_thinkphp/index.php/Admin/Access/changeRole?id=1
INFO: [ app_init ] --START--
INFO: Run Behavior\BuildLiteBehavior [ RunTime:0.000000s ]
INFO: [ app_init ] --END-- [ RunTime:0.000000s ]

[ 2016-06-16T14:51:22+08:00 ] 127.0.0.1 /ck_thinkphp/index.php/Admin/Access/changeRole?id=1
INFO: [ app_init ] --START--
INFO: Run Behavior\BuildLiteBehavior [ RunTime:0.000000s ]
INFO: [ app_init ] --END-- [ RunTime:0.000000s ]

[ 2016-06-16T14:51:30+08:00 ] 127.0.0.1 /ck_thinkphp/index.php/Admin/Access/changeRole?id=1
INFO: [ app_init ] --START--
INFO: Run Behavior\BuildLiteBehavior [ RunTime:0.000000s ]
INFO: [ app_init ] --END-- [ RunTime:0.001000s ]

[ 2016-06-16T14:58:35+08:00 ] 127.0.0.1 /ck_thinkphp/index.php/Admin/Access/changeRole?id=1
INFO: [ app_init ] --START--
INFO: Run Behavior\BuildLiteBehavior [ RunTime:0.000000s ]
INFO: [ app_init ] --END-- [ RunTime:0.001000s ]

[ 2016-06-16T14:59:23+08:00 ] 127.0.0.1 /ck_thinkphp/index.php/Admin/Access/changeRole?id=1
INFO: [ app_init ] --START--
INFO: Run Behavior\BuildLiteBehavior [ RunTime:0.000000s ]
INFO: [ app_init ] --END-- [ RunTime:0.001000s ]

[ 2016-06-16T15:00:53+08:00 ] 127.0.0.1 /ck_thinkphp/index.php/Admin/Access/changeRole?id=1
INFO: [ app_init ] --START--
INFO: Run Behavior\BuildLiteBehavior [ RunTime:0.001000s ]
INFO: [ app_init ] --END-- [ RunTime:0.001000s ]

[ 2016-06-16T15:01:33+08:00 ] 127.0.0.1 /ck_thinkphp/index.php/Admin/Access/changeRole?id=1
INFO: [ app_init ] --START--
INFO: Run Behavior\BuildLiteBehavior [ RunTime:0.000000s ]
INFO: [ app_init ] --END-- [ RunTime:0.001000s ]

[ 2016-06-16T15:02:34+08:00 ] 127.0.0.1 /ck_thinkphp/index.php/Admin/Access/changeRole?id=1
INFO: [ app_init ] --START--
INFO: Run Behavior\BuildLiteBehavior [ RunTime:0.000000s ]
INFO: [ app_init ] --END-- [ RunTime:0.001000s ]

[ 2016-06-16T15:03:32+08:00 ] 127.0.0.1 /ck_thinkphp/index.php/Admin/Access/changeRole?id=1
INFO: [ app_init ] --START--
INFO: Run Behavior\BuildLiteBehavior [ RunTime:0.000000s ]
INFO: [ app_init ] --END-- [ RunTime:0.001000s ]

[ 2016-06-16T15:04:26+08:00 ] 127.0.0.1 /ck_thinkphp/index.php/Admin/Access/changeRole?id=1
INFO: [ app_init ] --START--
INFO: Run Behavior\BuildLiteBehavior [ RunTime:0.000000s ]
INFO: [ app_init ] --END-- [ RunTime:0.000000s ]

[ 2016-06-16T15:05:01+08:00 ] 127.0.0.1 /ck_thinkphp/index.php/Admin/Access/changeRole?id=1
INFO: [ app_init ] --START--
INFO: Run Behavior\BuildLiteBehavior [ RunTime:0.000000s ]
INFO: [ app_init ] --END-- [ RunTime:0.001000s ]

[ 2016-06-16T15:07:03+08:00 ] 127.0.0.1 /ck_thinkphp/index.php/Admin/Access/changeRole?id=1
INFO: [ app_init ] --START--
INFO: Run Behavior\BuildLiteBehavior [ RunTime:0.000000s ]
INFO: [ app_init ] --END-- [ RunTime:0.000000s ]

[ 2016-06-16T15:15:13+08:00 ] 127.0.0.1 /ck_thinkphp/index.php/Admin/Access/changeRole?id=1
INFO: [ app_init ] --START--
INFO: Run Behavior\BuildLiteBehavior [ RunTime:0.000000s ]
INFO: [ app_init ] --END-- [ RunTime:0.001000s ]

[ 2016-06-16T15:15:14+08:00 ] 127.0.0.1 /ck_thinkphp/index.php/Admin/Access/changeRole?id=1
INFO: [ app_init ] --START--
INFO: Run Behavior\BuildLiteBehavior [ RunTime:0.000000s ]
INFO: [ app_init ] --END-- [ RunTime:0.001000s ]

[ 2016-06-16T15:16:13+08:00 ] 127.0.0.1 /ck_thinkphp/index.php/Admin/Access/changeRole?id=1
INFO: [ app_init ] --START--
INFO: Run Behavior\BuildLiteBehavior [ RunTime:0.000000s ]
INFO: [ app_init ] --END-- [ RunTime:0.001000s ]

[ 2016-06-16T15:18:00+08:00 ] 127.0.0.1 /ck_thinkphp/index.php/Admin/Access/changeRole?id=1
INFO: [ app_init ] --START--
INFO: Run Behavior\BuildLiteBehavior [ RunTime:0.000000s ]
INFO: [ app_init ] --END-- [ RunTime:0.001001s ]

[ 2016-06-16T15:19:18+08:00 ] 127.0.0.1 /ck_thinkphp/index.php/Admin/Access/changeRole?id=1
INFO: [ app_init ] --START--
INFO: Run Behavior\BuildLiteBehavior [ RunTime:0.000000s ]
INFO: [ app_init ] --END-- [ RunTime:0.000000s ]

[ 2016-06-16T15:20:08+08:00 ] 127.0.0.1 /ck_thinkphp/index.php/Admin/Access/changeRole?id=1
INFO: [ app_init ] --START--
INFO: Run Behavior\BuildLiteBehavior [ RunTime:0.000000s ]
INFO: [ app_init ] --END-- [ RunTime:0.001000s ]

[ 2016-06-16T15:20:21+08:00 ] 127.0.0.1 /ck_thinkphp/index.php/Admin/Access/changeRole?id=1
INFO: [ app_init ] --START--
INFO: Run Behavior\BuildLiteBehavior [ RunTime:0.001000s ]
INFO: [ app_init ] --END-- [ RunTime:0.001000s ]

[ 2016-06-16T15:20:42+08:00 ] 127.0.0.1 /ck_thinkphp/index.php/Admin/Access/changeRole?id=1
INFO: [ app_init ] --START--
INFO: Run Behavior\BuildLiteBehavior [ RunTime:0.000000s ]
INFO: [ app_init ] --END-- [ RunTime:0.000000s ]

[ 2016-06-16T15:26:15+08:00 ] 127.0.0.1 /ck_thinkphp/index.php/Admin/Access/changeRole?id=1
INFO: [ app_init ] --START--
INFO: Run Behavior\BuildLiteBehavior [ RunTime:0.000000s ]
INFO: [ app_init ] --END-- [ RunTime:0.000000s ]

[ 2016-06-16T15:27:45+08:00 ] 127.0.0.1 /ck_thinkphp/index.php/Admin/Access/changeRole?id=1
INFO: [ app_init ] --START--
INFO: Run Behavior\BuildLiteBehavior [ RunTime:0.000000s ]
INFO: [ app_init ] --END-- [ RunTime:0.001001s ]

[ 2016-06-16T15:33:19+08:00 ] 127.0.0.1 /ck_thinkphp/index.php/Admin/Access/changeRole?id=1
INFO: [ app_init ] --START--
INFO: Run Behavior\BuildLiteBehavior [ RunTime:0.000000s ]
INFO: [ app_init ] --END-- [ RunTime:0.001000s ]

[ 2016-06-16T15:36:55+08:00 ] 127.0.0.1 /ck_thinkphp/index.php/Admin/Access/changeRole?id=1
INFO: [ app_init ] --START--
INFO: Run Behavior\BuildLiteBehavior [ RunTime:0.000000s ]
INFO: [ app_init ] --END-- [ RunTime:0.001001s ]

[ 2016-06-16T15:40:15+08:00 ] 127.0.0.1 /ck_thinkphp/index.php/Admin/Access/changeRole?id=1
INFO: [ app_init ] --START--
INFO: Run Behavior\BuildLiteBehavior [ RunTime:0.000000s ]
INFO: [ app_init ] --END-- [ RunTime:0.001001s ]

[ 2016-06-16T15:41:04+08:00 ] 127.0.0.1 /ck_thinkphp/index.php/Admin/Access/changeRole?id=1
INFO: [ app_init ] --START--
INFO: Run Behavior\BuildLiteBehavior [ RunTime:0.001001s ]
INFO: [ app_init ] --END-- [ RunTime:0.001001s ]

[ 2016-06-16T15:51:08+08:00 ] 127.0.0.1 /ck_thinkphp/index.php/Admin/Access/changeRole?id=1
INFO: [ app_init ] --START--
INFO: Run Behavior\BuildLiteBehavior [ RunTime:0.000000s ]
INFO: [ app_init ] --END-- [ RunTime:0.001000s ]

[ 2016-06-16T15:51:11+08:00 ] 127.0.0.1 /ck_thinkphp/index.php/Admin/Public/index.html
INFO: [ app_init ] --START--
INFO: Run Behavior\BuildLiteBehavior [ RunTime:0.000000s ]
INFO: [ app_init ] --END-- [ RunTime:0.000000s ]

[ 2016-06-16T15:51:11+08:00 ] 127.0.0.1 /ck_thinkphp/index.php/Admin/Public/verify_code
INFO: [ app_init ] --START--
INFO: Run Behavior\BuildLiteBehavior [ RunTime:0.000000s ]
INFO: [ app_init ] --END-- [ RunTime:0.001000s ]

[ 2016-06-16T15:51:19+08:00 ] 127.0.0.1 /ck_thinkphp/index.php/Admin/Public/index
INFO: [ app_init ] --START--
INFO: Run Behavior\BuildLiteBehavior [ RunTime:0.000000s ]
INFO: [ app_init ] --END-- [ RunTime:0.001000s ]

[ 2016-06-16T15:51:20+08:00 ] 127.0.0.1 /ck_thinkphp/index.php/Admin/Index/index.html
INFO: [ app_init ] --START--
INFO: Run Behavior\BuildLiteBehavior [ RunTime:0.000000s ]
INFO: [ app_init ] --END-- [ RunTime:0.001000s ]

[ 2016-06-16T15:51:22+08:00 ] 127.0.0.1 /ck_thinkphp/index.php/Admin/Access/index
INFO: [ app_init ] --START--
INFO: Run Behavior\BuildLiteBehavior [ RunTime:0.000000s ]
INFO: [ app_init ] --END-- [ RunTime:0.000000s ]

[ 2016-06-16T15:51:26+08:00 ] 127.0.0.1 /ck_thinkphp/index.php/Admin/Access/roleList
INFO: [ app_init ] --START--
INFO: Run Behavior\BuildLiteBehavior [ RunTime:0.000000s ]
INFO: [ app_init ] --END-- [ RunTime:0.001001s ]

[ 2016-06-16T15:51:28+08:00 ] 127.0.0.1 /ck_thinkphp/index.php/Admin/Access/changeRole?id=1
INFO: [ app_init ] --START--
INFO: Run Behavior\BuildLiteBehavior [ RunTime:0.000000s ]
INFO: [ app_init ] --END-- [ RunTime:0.001000s ]

[ 2016-06-16T15:54:34+08:00 ] 127.0.0.1 /ck_thinkphp/index.php/Admin/Access/changeRole?id=1
INFO: [ app_init ] --START--
INFO: Run Behavior\BuildLiteBehavior [ RunTime:0.001000s ]
INFO: [ app_init ] --END-- [ RunTime:0.001000s ]

[ 2016-06-16T15:57:07+08:00 ] 127.0.0.1 /ck_thinkphp/index.php/Admin/Access/changeRole?id=1
INFO: [ app_init ] --START--
INFO: Run Behavior\BuildLiteBehavior [ RunTime:0.000000s ]
INFO: [ app_init ] --END-- [ RunTime:0.001000s ]

[ 2016-06-16T15:59:23+08:00 ] 127.0.0.1 /ck_thinkphp/index.php/Admin/Access/changeRole?id=1
INFO: [ app_init ] --START--
INFO: Run Behavior\BuildLiteBehavior [ RunTime:0.000000s ]
INFO: [ app_init ] --END-- [ RunTime:0.001000s ]

[ 2016-06-16T16:03:14+08:00 ] 127.0.0.1 /ck_thinkphp/index.php/Admin/Access/changeRole?id=1
INFO: [ app_init ] --START--
INFO: Run Behavior\BuildLiteBehavior [ RunTime:0.000000s ]
INFO: [ app_init ] --END-- [ RunTime:0.001000s ]

[ 2016-06-16T16:04:16+08:00 ] 127.0.0.1 /ck_thinkphp/index.php/Admin/Access/changeRole?id=1
INFO: [ app_init ] --START--
INFO: Run Behavior\BuildLiteBehavior [ RunTime:0.000000s ]
INFO: [ app_init ] --END-- [ RunTime:0.001000s ]

[ 2016-06-16T16:05:13+08:00 ] 127.0.0.1 /ck_thinkphp/index.php/Admin/Access/changeRole?id=1
INFO: [ app_init ] --START--
INFO: Run Behavior\BuildLiteBehavior [ RunTime:0.001000s ]
INFO: [ app_init ] --END-- [ RunTime:0.001000s ]

[ 2016-06-16T16:05:25+08:00 ] 127.0.0.1 /ck_thinkphp/index.php/Admin/Access/changeRole?id=1
INFO: [ app_init ] --START--
INFO: Run Behavior\BuildLiteBehavior [ RunTime:0.000000s ]
INFO: [ app_init ] --END-- [ RunTime:0.000000s ]

[ 2016-06-16T16:05:43+08:00 ] 127.0.0.1 /ck_thinkphp/index.php/Admin/Access/changeRole?id=1
INFO: [ app_init ] --START--
INFO: Run Behavior\BuildLiteBehavior [ RunTime:0.001000s ]
INFO: [ app_init ] --END-- [ RunTime:0.001000s ]

[ 2016-06-16T16:06:40+08:00 ] 127.0.0.1 /ck_thinkphp/index.php/Admin/Access/changeRole?id=1
INFO: [ app_init ] --START--
INFO: Run Behavior\BuildLiteBehavior [ RunTime:0.000000s ]
INFO: [ app_init ] --END-- [ RunTime:0.001000s ]

[ 2016-06-16T16:06:49+08:00 ] 127.0.0.1 /ck_thinkphp/index.php/Admin/Access/changeRole?id=1
INFO: [ app_init ] --START--
INFO: Run Behavior\BuildLiteBehavior [ RunTime:0.000000s ]
INFO: [ app_init ] --END-- [ RunTime:0.000000s ]

[ 2016-06-16T16:11:33+08:00 ] 127.0.0.1 /ck_thinkphp/index.php/Admin/Access/changeRole?id=1
INFO: [ app_init ] --START--
INFO: Run Behavior\BuildLiteBehavior [ RunTime:0.000000s ]
INFO: [ app_init ] --END-- [ RunTime:0.001000s ]

[ 2016-06-16T16:16:46+08:00 ] 127.0.0.1 /ck_thinkphp/index.php/Admin/Access/changeRole?id=1
INFO: [ app_init ] --START--
INFO: Run Behavior\BuildLiteBehavior [ RunTime:0.000000s ]
INFO: [ app_init ] --END-- [ RunTime:0.000000s ]

[ 2016-06-16T16:16:48+08:00 ] 127.0.0.1 /ck_thinkphp/index.php/Admin/Access/changeRole?id=1
INFO: [ app_init ] --START--
INFO: Run Behavior\BuildLiteBehavior [ RunTime:0.000000s ]
INFO: [ app_init ] --END-- [ RunTime:0.001000s ]

[ 2016-06-16T16:17:27+08:00 ] 127.0.0.1 /ck_thinkphp/index.php/Admin/Access/changeRole?id=1
INFO: [ app_init ] --START--
INFO: Run Behavior\BuildLiteBehavior [ RunTime:0.000000s ]
INFO: [ app_init ] --END-- [ RunTime:0.001000s ]

[ 2016-06-16T16:17:31+08:00 ] 127.0.0.1 /ck_thinkphp/index.php/Admin/Access/changeRole?id=1
INFO: [ app_init ] --START--
INFO: Run Behavior\BuildLiteBehavior [ RunTime:0.000000s ]
INFO: [ app_init ] --END-- [ RunTime:0.000000s ]

[ 2016-06-16T16:17:32+08:00 ] 127.0.0.1 /ck_thinkphp/index.php/Admin/Access/changeRole?id=1
INFO: [ app_init ] --START--
INFO: Run Behavior\BuildLiteBehavior [ RunTime:0.000000s ]
INFO: [ app_init ] --END-- [ RunTime:0.001000s ]

[ 2016-06-16T16:17:33+08:00 ] 127.0.0.1 /ck_thinkphp/index.php/Admin/Access/changeRole?id=1
INFO: [ app_init ] --START--
INFO: Run Behavior\BuildLiteBehavior [ RunTime:0.000000s ]
INFO: [ app_init ] --END-- [ RunTime:0.000000s ]

[ 2016-06-16T16:18:29+08:00 ] 127.0.0.1 /ck_thinkphp/index.php/Admin/Access/changeRole?id=1
INFO: [ app_init ] --START--
INFO: Run Behavior\BuildLiteBehavior [ RunTime:0.000000s ]
INFO: [ app_init ] --END-- [ RunTime:0.001000s ]

[ 2016-06-16T16:20:17+08:00 ] 127.0.0.1 /ck_thinkphp/index.php/Admin/Access/changeRole?id=1
INFO: [ app_init ] --START--
INFO: Run Behavior\BuildLiteBehavior [ RunTime:0.000000s ]
INFO: [ app_init ] --END-- [ RunTime:0.001000s ]

[ 2016-06-16T16:20:25+08:00 ] 127.0.0.1 /ck_thinkphp/index.php/Admin/Access/changeRole?id=1
INFO: [ app_init ] --START--
INFO: Run Behavior\BuildLiteBehavior [ RunTime:0.000000s ]
INFO: [ app_init ] --END-- [ RunTime:0.001000s ]

[ 2016-06-16T16:20:26+08:00 ] 127.0.0.1 /ck_thinkphp/index.php/Admin/Access/changeRole?id=1
INFO: [ app_init ] --START--
INFO: Run Behavior\BuildLiteBehavior [ RunTime:0.000000s ]
INFO: [ app_init ] --END-- [ RunTime:0.001000s ]

[ 2016-06-16T16:20:38+08:00 ] 127.0.0.1 /ck_thinkphp/index.php/Admin/Access/changeRole?id=1
INFO: [ app_init ] --START--
INFO: Run Behavior\BuildLiteBehavior [ RunTime:0.000000s ]
INFO: [ app_init ] --END-- [ RunTime:0.001000s ]

[ 2016-06-16T16:23:18+08:00 ] 127.0.0.1 /ck_thinkphp/index.php/Admin/Access/changeRole?id=1
INFO: [ app_init ] --START--
INFO: Run Behavior\BuildLiteBehavior [ RunTime:0.000000s ]
INFO: [ app_init ] --END-- [ RunTime:0.001000s ]

[ 2016-06-16T16:23:54+08:00 ] 127.0.0.1 /ck_thinkphp/index.php/Admin/Access/changeRole?id=1
INFO: [ app_init ] --START--
INFO: Run Behavior\BuildLiteBehavior [ RunTime:0.000000s ]
INFO: [ app_init ] --END-- [ RunTime:0.001000s ]

[ 2016-06-16T16:25:06+08:00 ] 127.0.0.1 /ck_thinkphp/index.php/Admin/Access/changeRole?id=1
INFO: [ app_init ] --START--
INFO: Run Behavior\BuildLiteBehavior [ RunTime:0.000000s ]
INFO: [ app_init ] --END-- [ RunTime:0.001000s ]

[ 2016-06-16T16:26:08+08:00 ] 127.0.0.1 /ck_thinkphp/index.php/Admin/Access/changeRole?id=1
INFO: [ app_init ] --START--
INFO: Run Behavior\BuildLiteBehavior [ RunTime:0.000000s ]
INFO: [ app_init ] --END-- [ RunTime:0.000000s ]

[ 2016-06-16T16:29:56+08:00 ] 127.0.0.1 /ck_thinkphp/index.php/Admin/Access/changeRole?id=1
INFO: [ app_init ] --START--
INFO: Run Behavior\BuildLiteBehavior [ RunTime:0.000000s ]
INFO: [ app_init ] --END-- [ RunTime:0.001000s ]

[ 2016-06-16T16:31:23+08:00 ] 127.0.0.1 /ck_thinkphp/index.php/Admin/Access/changeRole?id=1
INFO: [ app_init ] --START--
INFO: Run Behavior\BuildLiteBehavior [ RunTime:0.000000s ]
INFO: [ app_init ] --END-- [ RunTime:0.001000s ]

[ 2016-06-16T16:32:15+08:00 ] 127.0.0.1 /ck_thinkphp/index.php/Admin/Access/changeRole?id=1
INFO: [ app_init ] --START--
INFO: Run Behavior\BuildLiteBehavior [ RunTime:0.000000s ]
INFO: [ app_init ] --END-- [ RunTime:0.001001s ]

[ 2016-06-16T16:33:00+08:00 ] 127.0.0.1 /ck_thinkphp/index.php/Admin/Access/changeRole?id=1
INFO: [ app_init ] --START--
INFO: Run Behavior\BuildLiteBehavior [ RunTime:0.000000s ]
INFO: [ app_init ] --END-- [ RunTime:0.000000s ]

[ 2016-06-16T16:33:19+08:00 ] 127.0.0.1 /ck_thinkphp/index.php/Admin/Access/changeRole?id=1
INFO: [ app_init ] --START--
INFO: Run Behavior\BuildLiteBehavior [ RunTime:0.000000s ]
INFO: [ app_init ] --END-- [ RunTime:0.000000s ]

[ 2016-06-16T16:43:26+08:00 ] 127.0.0.1 /ck_thinkphp/index.php/Admin/Access/changeRole?id=1
INFO: [ app_init ] --START--
INFO: Run Behavior\BuildLiteBehavior [ RunTime:0.000000s ]
INFO: [ app_init ] --END-- [ RunTime:0.000000s ]

[ 2016-06-16T16:43:33+08:00 ] 127.0.0.1 /ck_thinkphp/index.php/Admin/Access/changeRole?id=1
INFO: [ app_init ] --START--
INFO: Run Behavior\BuildLiteBehavior [ RunTime:0.000000s ]
INFO: [ app_init ] --END-- [ RunTime:0.001000s ]

[ 2016-06-16T16:45:17+08:00 ] 127.0.0.1 /ck_thinkphp/index.php/Admin/Access/changeRole?id=1
INFO: [ app_init ] --START--
INFO: Run Behavior\BuildLiteBehavior [ RunTime:0.000000s ]
INFO: [ app_init ] --END-- [ RunTime:0.000000s ]

[ 2016-06-16T16:46:39+08:00 ] 127.0.0.1 /ck_thinkphp/index.php/Admin/Access/changeRole?id=1
INFO: [ app_init ] --START--
INFO: Run Behavior\BuildLiteBehavior [ RunTime:0.000000s ]
INFO: [ app_init ] --END-- [ RunTime:0.000000s ]

[ 2016-06-16T16:47:55+08:00 ] 127.0.0.1 /ck_thinkphp/index.php/Admin/Access/changeRole?id=1
INFO: [ app_init ] --START--
INFO: Run Behavior\BuildLiteBehavior [ RunTime:0.000000s ]
INFO: [ app_init ] --END-- [ RunTime:0.000000s ]

[ 2016-06-16T16:48:50+08:00 ] 127.0.0.1 /ck_thinkphp/index.php/Admin/Access/changeRole?id=1
INFO: [ app_init ] --START--
INFO: Run Behavior\BuildLiteBehavior [ RunTime:0.000000s ]
INFO: [ app_init ] --END-- [ RunTime:0.001000s ]

[ 2016-06-16T16:49:40+08:00 ] 127.0.0.1 /ck_thinkphp/index.php/Admin/Access/changeRole?id=1
INFO: [ app_init ] --START--
INFO: Run Behavior\BuildLiteBehavior [ RunTime:0.000000s ]
INFO: [ app_init ] --END-- [ RunTime:0.001000s ]

[ 2016-06-16T16:50:18+08:00 ] 127.0.0.1 /ck_thinkphp/index.php/Admin/Access/changeRole?id=1
INFO: [ app_init ] --START--
INFO: Run Behavior\BuildLiteBehavior [ RunTime:0.000000s ]
INFO: [ app_init ] --END-- [ RunTime:0.002001s ]

[ 2016-06-16T16:50:48+08:00 ] 127.0.0.1 /ck_thinkphp/index.php/Admin/Access/changeRole?id=1
INFO: [ app_init ] --START--
INFO: Run Behavior\BuildLiteBehavior [ RunTime:0.000000s ]
INFO: [ app_init ] --END-- [ RunTime:0.000000s ]

[ 2016-06-16T16:52:21+08:00 ] 127.0.0.1 /ck_thinkphp/index.php/Admin/Access/changeRole?id=1
INFO: [ app_init ] --START--
INFO: Run Behavior\BuildLiteBehavior [ RunTime:0.000000s ]
INFO: [ app_init ] --END-- [ RunTime:0.000000s ]

[ 2016-06-16T16:52:24+08:00 ] 127.0.0.1 /ck_thinkphp/index.php/Admin/Public/index.html
INFO: [ app_init ] --START--
INFO: Run Behavior\BuildLiteBehavior [ RunTime:0.000000s ]
INFO: [ app_init ] --END-- [ RunTime:0.000000s ]

[ 2016-06-16T16:52:25+08:00 ] 127.0.0.1 /ck_thinkphp/index.php/Admin/Public/verify_code
INFO: [ app_init ] --START--
INFO: Run Behavior\BuildLiteBehavior [ RunTime:0.000000s ]
INFO: [ app_init ] --END-- [ RunTime:0.001001s ]

[ 2016-06-16T16:52:32+08:00 ] 127.0.0.1 /ck_thinkphp/index.php/Admin/Public/index
INFO: [ app_init ] --START--
INFO: Run Behavior\BuildLiteBehavior [ RunTime:0.000000s ]
INFO: [ app_init ] --END-- [ RunTime:0.001000s ]

[ 2016-06-16T16:52:33+08:00 ] 127.0.0.1 /ck_thinkphp/index.php/Admin/Index/index.html
INFO: [ app_init ] --START--
INFO: Run Behavior\BuildLiteBehavior [ RunTime:0.000000s ]
INFO: [ app_init ] --END-- [ RunTime:0.001000s ]

[ 2016-06-16T16:52:35+08:00 ] 127.0.0.1 /ck_thinkphp/index.php/Admin/Access/index
INFO: [ app_init ] --START--
INFO: Run Behavior\BuildLiteBehavior [ RunTime:0.000000s ]
INFO: [ app_init ] --END-- [ RunTime:0.000000s ]

[ 2016-06-16T16:52:37+08:00 ] 127.0.0.1 /ck_thinkphp/index.php/Admin/Access/roleList
INFO: [ app_init ] --START--
INFO: Run Behavior\BuildLiteBehavior [ RunTime:0.000000s ]
INFO: [ app_init ] --END-- [ RunTime:0.000000s ]

[ 2016-06-16T16:52:40+08:00 ] 127.0.0.1 /ck_thinkphp/index.php/Admin/Access/changeRole?id=1
INFO: [ app_init ] --START--
INFO: Run Behavior\BuildLiteBehavior [ RunTime:0.000000s ]
INFO: [ app_init ] --END-- [ RunTime:0.001000s ]

[ 2016-06-16T16:53:44+08:00 ] 127.0.0.1 /ck_thinkphp/index.php/Admin/Access/changeRole?id=1
INFO: [ app_init ] --START--
INFO: Run Behavior\BuildLiteBehavior [ RunTime:0.000000s ]
INFO: [ app_init ] --END-- [ RunTime:0.000000s ]

[ 2016-06-16T16:55:28+08:00 ] 127.0.0.1 /ck_thinkphp/index.php/Admin/Access/changeRole?id=1
INFO: [ app_init ] --START--
INFO: Run Behavior\BuildLiteBehavior [ RunTime:0.000000s ]
INFO: [ app_init ] --END-- [ RunTime:0.000000s ]

[ 2016-06-16T16:55:30+08:00 ] 127.0.0.1 /ck_thinkphp/index.php/Admin/Access/changeRole?id=1
INFO: [ app_init ] --START--
INFO: Run Behavior\BuildLiteBehavior [ RunTime:0.001000s ]
INFO: [ app_init ] --END-- [ RunTime:0.001000s ]

[ 2016-06-16T16:55:50+08:00 ] 127.0.0.1 /ck_thinkphp/index.php/Admin/Access/changeRole?id=1
INFO: [ app_init ] --START--
INFO: Run Behavior\BuildLiteBehavior [ RunTime:0.000000s ]
INFO: [ app_init ] --END-- [ RunTime:0.000000s ]

[ 2016-06-16T16:56:44+08:00 ] 127.0.0.1 /ck_thinkphp/index.php/Admin/Access/changeRole?id=1
INFO: [ app_init ] --START--
INFO: Run Behavior\BuildLiteBehavior [ RunTime:0.000000s ]
INFO: [ app_init ] --END-- [ RunTime:0.001000s ]

[ 2016-06-16T16:56:52+08:00 ] 127.0.0.1 /ck_thinkphp/index.php/Admin/Access/changeRole?id=1
INFO: [ app_init ] --START--
INFO: Run Behavior\BuildLiteBehavior [ RunTime:0.000000s ]
INFO: [ app_init ] --END-- [ RunTime:0.000000s ]

[ 2016-06-16T16:58:02+08:00 ] 127.0.0.1 /ck_thinkphp/index.php/Admin/Access/changeRole?id=1
INFO: [ app_init ] --START--
INFO: Run Behavior\BuildLiteBehavior [ RunTime:0.000000s ]
INFO: [ app_init ] --END-- [ RunTime:0.001000s ]

[ 2016-06-16T16:58:33+08:00 ] 127.0.0.1 /ck_thinkphp/index.php/Admin/Access/changeRole?id=1
INFO: [ app_init ] --START--
INFO: Run Behavior\BuildLiteBehavior [ RunTime:0.000000s ]
INFO: [ app_init ] --END-- [ RunTime:0.000000s ]

[ 2016-06-16T16:59:11+08:00 ] 127.0.0.1 /ck_thinkphp/index.php/Admin/Access/changeRole?id=1
INFO: [ app_init ] --START--
INFO: Run Behavior\BuildLiteBehavior [ RunTime:0.000000s ]
INFO: [ app_init ] --END-- [ RunTime:0.001000s ]

[ 2016-06-16T17:00:28+08:00 ] 127.0.0.1 /ck_thinkphp/index.php/Admin/Access/changeRole?id=1
INFO: [ app_init ] --START--
INFO: Run Behavior\BuildLiteBehavior [ RunTime:0.000000s ]
INFO: [ app_init ] --END-- [ RunTime:0.001000s ]

[ 2016-06-16T17:01:34+08:00 ] 127.0.0.1 /ck_thinkphp/index.php/Admin/Access/changeRole?id=1
INFO: [ app_init ] --START--
INFO: Run Behavior\BuildLiteBehavior [ RunTime:0.000000s ]
INFO: [ app_init ] --END-- [ RunTime:0.001000s ]

[ 2016-06-16T17:02:51+08:00 ] 127.0.0.1 /ck_thinkphp/index.php/Admin/Access/changeRole?id=1
INFO: [ app_init ] --START--
INFO: Run Behavior\BuildLiteBehavior [ RunTime:0.000000s ]
INFO: [ app_init ] --END-- [ RunTime:0.000000s ]

[ 2016-06-16T17:07:02+08:00 ] 127.0.0.1 /ck_thinkphp/index.php/Admin/Access/changeRole?id=1
INFO: [ app_init ] --START--
INFO: Run Behavior\BuildLiteBehavior [ RunTime:0.000000s ]
INFO: [ app_init ] --END-- [ RunTime:0.000000s ]

[ 2016-06-16T17:07:35+08:00 ] 127.0.0.1 /ck_thinkphp/index.php/Admin/Access/changeRole?id=1
INFO: [ app_init ] --START--
INFO: Run Behavior\BuildLiteBehavior [ RunTime:0.000000s ]
INFO: [ app_init ] --END-- [ RunTime:0.000000s ]

[ 2016-06-16T17:07:36+08:00 ] 127.0.0.1 /ck_thinkphp/index.php/Admin/Access/changeRole?id=1
INFO: [ app_init ] --START--
INFO: Run Behavior\BuildLiteBehavior [ RunTime:0.000000s ]
INFO: [ app_init ] --END-- [ RunTime:0.001000s ]

[ 2016-06-16T17:08:14+08:00 ] 127.0.0.1 /ck_thinkphp/index.php/Admin/Access/changeRole?id=1
INFO: [ app_init ] --START--
INFO: Run Behavior\BuildLiteBehavior [ RunTime:0.000000s ]
INFO: [ app_init ] --END-- [ RunTime:0.001000s ]

[ 2016-06-16T17:09:07+08:00 ] 127.0.0.1 /ck_thinkphp/index.php/Admin/Access/changeRole?id=1
INFO: [ app_init ] --START--
INFO: Run Behavior\BuildLiteBehavior [ RunTime:0.001000s ]
INFO: [ app_init ] --END-- [ RunTime:0.001000s ]

[ 2016-06-16T17:09:08+08:00 ] 127.0.0.1 /ck_thinkphp/index.php/Admin/Access/changeRole?id=1
INFO: [ app_init ] --START--
INFO: Run Behavior\BuildLiteBehavior [ RunTime:0.000000s ]
INFO: [ app_init ] --END-- [ RunTime:0.001000s ]

[ 2016-06-16T17:09:09+08:00 ] 127.0.0.1 /ck_thinkphp/index.php/Admin/Access/changeRole?id=1
INFO: [ app_init ] --START--
INFO: Run Behavior\BuildLiteBehavior [ RunTime:0.000000s ]
INFO: [ app_init ] --END-- [ RunTime:0.000000s ]

[ 2016-06-16T17:09:25+08:00 ] 127.0.0.1 /ck_thinkphp/index.php/Admin/Access/changeRole?id=1
INFO: [ app_init ] --START--
INFO: Run Behavior\BuildLiteBehavior [ RunTime:0.000000s ]
INFO: [ app_init ] --END-- [ RunTime:0.000000s ]

[ 2016-06-16T17:10:14+08:00 ] 127.0.0.1 /ck_thinkphp/index.php/Admin/Public/loginOut
INFO: [ app_init ] --START--
INFO: Run Behavior\BuildLiteBehavior [ RunTime:0.000000s ]
INFO: [ app_init ] --END-- [ RunTime:0.001000s ]

[ 2016-06-16T17:10:14+08:00 ] 127.0.0.1 /ck_thinkphp/index.php/Admin/Index/index.html
INFO: [ app_init ] --START--
INFO: Run Behavior\BuildLiteBehavior [ RunTime:0.000000s ]
INFO: [ app_init ] --END-- [ RunTime:0.001000s ]

[ 2016-06-16T17:10:14+08:00 ] 127.0.0.1 /ck_thinkphp/index.php/Admin/Public/index.html
INFO: [ app_init ] --START--
INFO: Run Behavior\BuildLiteBehavior [ RunTime:0.000000s ]
INFO: [ app_init ] --END-- [ RunTime:0.000000s ]

[ 2016-06-16T17:10:14+08:00 ] 127.0.0.1 /ck_thinkphp/index.php/Admin/Public/verify_code
INFO: [ app_init ] --START--
INFO: Run Behavior\BuildLiteBehavior [ RunTime:0.000000s ]
INFO: [ app_init ] --END-- [ RunTime:0.000000s ]

[ 2016-06-16T17:10:23+08:00 ] 127.0.0.1 /ck_thinkphp/index.php/Admin/Public/index
INFO: [ app_init ] --START--
INFO: Run Behavior\BuildLiteBehavior [ RunTime:0.000000s ]
INFO: [ app_init ] --END-- [ RunTime:0.000000s ]

[ 2016-06-16T17:10:24+08:00 ] 127.0.0.1 /ck_thinkphp/index.php/Admin/Index/index.html
INFO: [ app_init ] --START--
INFO: Run Behavior\BuildLiteBehavior [ RunTime:0.000000s ]
INFO: [ app_init ] --END-- [ RunTime:0.000000s ]

[ 2016-06-16T17:10:26+08:00 ] 127.0.0.1 /ck_thinkphp/index.php/Admin/Access/index
INFO: [ app_init ] --START--
INFO: Run Behavior\BuildLiteBehavior [ RunTime:0.000000s ]
INFO: [ app_init ] --END-- [ RunTime:0.001000s ]

[ 2016-06-16T17:10:28+08:00 ] 127.0.0.1 /ck_thinkphp/index.php/Admin/Access/roleList
INFO: [ app_init ] --START--
INFO: Run Behavior\BuildLiteBehavior [ RunTime:0.000000s ]
INFO: [ app_init ] --END-- [ RunTime:0.001000s ]

[ 2016-06-16T17:10:29+08:00 ] 127.0.0.1 /ck_thinkphp/index.php/Admin/Access/changeRole?id=1
INFO: [ app_init ] --START--
INFO: Run Behavior\BuildLiteBehavior [ RunTime:0.000000s ]
INFO: [ app_init ] --END-- [ RunTime:0.001000s ]

[ 2016-06-16T17:15:26+08:00 ] 127.0.0.1 /ck_thinkphp/index.php/Admin/Access/changeRole?id=1
INFO: [ app_init ] --START--
INFO: Run Behavior\BuildLiteBehavior [ RunTime:0.000000s ]
INFO: [ app_init ] --END-- [ RunTime:0.000000s ]

[ 2016-06-16T17:19:12+08:00 ] 127.0.0.1 /ck_thinkphp/index.php/Admin/Access/changeRole?id=1
INFO: [ app_init ] --START--
INFO: Run Behavior\BuildLiteBehavior [ RunTime:0.000000s ]
INFO: [ app_init ] --END-- [ RunTime:0.001000s ]

[ 2016-06-16T17:19:33+08:00 ] 127.0.0.1 /ck_thinkphp/index.php/Admin/Access/changeRole?id=1
INFO: [ app_init ] --START--
INFO: Run Behavior\BuildLiteBehavior [ RunTime:0.000000s ]
INFO: [ app_init ] --END-- [ RunTime:0.001000s ]

[ 2016-06-16T17:20:10+08:00 ] 127.0.0.1 /ck_thinkphp/index.php/Admin/Access/changeRole?id=1
INFO: [ app_init ] --START--
INFO: Run Behavior\BuildLiteBehavior [ RunTime:0.000000s ]
INFO: [ app_init ] --END-- [ RunTime:0.000000s ]

[ 2016-06-16T17:20:46+08:00 ] 127.0.0.1 /ck_thinkphp/index.php/Admin/Access/changeRole?id=1
INFO: [ app_init ] --START--
INFO: Run Behavior\BuildLiteBehavior [ RunTime:0.000000s ]
INFO: [ app_init ] --END-- [ RunTime:0.001000s ]

[ 2016-06-16T17:20:57+08:00 ] 127.0.0.1 /ck_thinkphp/index.php/Admin/Access/changeRole?id=1
INFO: [ app_init ] --START--
INFO: Run Behavior\BuildLiteBehavior [ RunTime:0.000000s ]
INFO: [ app_init ] --END-- [ RunTime:0.001000s ]

[ 2016-06-16T17:21:47+08:00 ] 127.0.0.1 /ck_thinkphp/index.php/Admin/Access/changeRole?id=1
INFO: [ app_init ] --START--
INFO: Run Behavior\BuildLiteBehavior [ RunTime:0.000000s ]
INFO: [ app_init ] --END-- [ RunTime:0.001000s ]

[ 2016-06-16T17:21:48+08:00 ] 127.0.0.1 /ck_thinkphp/index.php/Admin/Access/changeRole?id=1
INFO: [ app_init ] --START--
INFO: Run Behavior\BuildLiteBehavior [ RunTime:0.000000s ]
INFO: [ app_init ] --END-- [ RunTime:0.001000s ]

[ 2016-06-16T17:21:48+08:00 ] 127.0.0.1 /ck_thinkphp/index.php/Admin/Access/changeRole?id=1
INFO: [ app_init ] --START--
INFO: Run Behavior\BuildLiteBehavior [ RunTime:0.000000s ]
INFO: [ app_init ] --END-- [ RunTime:0.000000s ]

[ 2016-06-16T17:21:49+08:00 ] 127.0.0.1 /ck_thinkphp/index.php/Admin/Access/changeRole?id=1
INFO: [ app_init ] --START--
INFO: Run Behavior\BuildLiteBehavior [ RunTime:0.000000s ]
INFO: [ app_init ] --END-- [ RunTime:0.001000s ]

[ 2016-06-16T17:21:59+08:00 ] 127.0.0.1 /ck_thinkphp/index.php/Admin/Access/changeRole?id=1
INFO: [ app_init ] --START--
INFO: Run Behavior\BuildLiteBehavior [ RunTime:0.000000s ]
INFO: [ app_init ] --END-- [ RunTime:0.001000s ]

[ 2016-06-16T17:22:00+08:00 ] 127.0.0.1 /ck_thinkphp/index.php/Admin/Access/changeRole?id=1
INFO: [ app_init ] --START--
INFO: Run Behavior\BuildLiteBehavior [ RunTime:0.000000s ]
INFO: [ app_init ] --END-- [ RunTime:0.001000s ]

[ 2016-06-16T17:22:26+08:00 ] 127.0.0.1 /ck_thinkphp/index.php/Admin/Access/changeRole?id=1
INFO: [ app_init ] --START--
INFO: Run Behavior\BuildLiteBehavior [ RunTime:0.000000s ]
INFO: [ app_init ] --END-- [ RunTime:0.000000s ]

[ 2016-06-16T17:22:46+08:00 ] 127.0.0.1 /ck_thinkphp/index.php/Admin/Access/changeRole?id=1
INFO: [ app_init ] --START--
INFO: Run Behavior\BuildLiteBehavior [ RunTime:0.000000s ]
INFO: [ app_init ] --END-- [ RunTime:0.001000s ]

[ 2016-06-16T17:22:47+08:00 ] 127.0.0.1 /ck_thinkphp/index.php/Admin/Access/changeRole?id=1
INFO: [ app_init ] --START--
INFO: Run Behavior\BuildLiteBehavior [ RunTime:0.000000s ]
INFO: [ app_init ] --END-- [ RunTime:0.001000s ]

[ 2016-06-16T17:28:01+08:00 ] 127.0.0.1 /ck_thinkphp/index.php/Admin/Access/changeRole?id=1
INFO: [ app_init ] --START--
INFO: Run Behavior\BuildLiteBehavior [ RunTime:0.000000s ]
INFO: [ app_init ] --END-- [ RunTime:0.000000s ]

[ 2016-06-16T17:28:35+08:00 ] 127.0.0.1 /ck_thinkphp/index.php/Admin/Access/changeRole?id=1
INFO: [ app_init ] --START--
INFO: Run Behavior\BuildLiteBehavior [ RunTime:0.000000s ]
INFO: [ app_init ] --END-- [ RunTime:0.001000s ]

[ 2016-06-16T17:30:10+08:00 ] 127.0.0.1 /ck_thinkphp/index.php/Admin/Access/changeRole?id=1
INFO: [ app_init ] --START--
INFO: Run Behavior\BuildLiteBehavior [ RunTime:0.000000s ]
INFO: [ app_init ] --END-- [ RunTime:0.001000s ]

[ 2016-06-16T17:30:22+08:00 ] 127.0.0.1 /ck_thinkphp/index.php/Admin/Access/changeRole?id=1
INFO: [ app_init ] --START--
INFO: Run Behavior\BuildLiteBehavior [ RunTime:0.000000s ]
INFO: [ app_init ] --END-- [ RunTime:0.000000s ]

[ 2016-06-16T17:31:20+08:00 ] 127.0.0.1 /ck_thinkphp/index.php/Admin/Access/changeRole?id=1
INFO: [ app_init ] --START--
INFO: Run Behavior\BuildLiteBehavior [ RunTime:0.000000s ]
INFO: [ app_init ] --END-- [ RunTime:0.001000s ]

[ 2016-06-16T17:31:25+08:00 ] 127.0.0.1 /ck_thinkphp/index.php/Admin/Access/changeRole?id=1
INFO: [ app_init ] --START--
INFO: Run Behavior\BuildLiteBehavior [ RunTime:0.000000s ]
INFO: [ app_init ] --END-- [ RunTime:0.000000s ]

[ 2016-06-16T17:31:59+08:00 ] 127.0.0.1 /ck_thinkphp/index.php/Admin/Access/changeRole?id=1
INFO: [ app_init ] --START--
INFO: Run Behavior\BuildLiteBehavior [ RunTime:0.000000s ]
INFO: [ app_init ] --END-- [ RunTime:0.001000s ]

[ 2016-06-16T17:34:48+08:00 ] 127.0.0.1 /ck_thinkphp/index.php/Admin/Access/changeRole?id=1
INFO: [ app_init ] --START--
INFO: Run Behavior\BuildLiteBehavior [ RunTime:0.000000s ]
INFO: [ app_init ] --END-- [ RunTime:0.001000s ]

[ 2016-06-16T17:35:56+08:00 ] 127.0.0.1 /ck_thinkphp/index.php/Admin/Access/changeRole?id=1
INFO: [ app_init ] --START--
INFO: Run Behavior\BuildLiteBehavior [ RunTime:0.000000s ]
INFO: [ app_init ] --END-- [ RunTime:0.001000s ]

[ 2016-06-16T17:35:57+08:00 ] 127.0.0.1 /ck_thinkphp/index.php/Admin/Access/changeRole?id=1
INFO: [ app_init ] --START--
INFO: Run Behavior\BuildLiteBehavior [ RunTime:0.000000s ]
INFO: [ app_init ] --END-- [ RunTime:0.000000s ]

[ 2016-06-16T17:35:58+08:00 ] 127.0.0.1 /ck_thinkphp/index.php/Admin/Access/changeRole?id=1
INFO: [ app_init ] --START--
INFO: Run Behavior\BuildLiteBehavior [ RunTime:0.000000s ]
INFO: [ app_init ] --END-- [ RunTime:0.001000s ]

[ 2016-06-16T17:36:38+08:00 ] 127.0.0.1 /ck_thinkphp/index.php/Admin/Access/changeRole?id=1
INFO: [ app_init ] --START--
INFO: Run Behavior\BuildLiteBehavior [ RunTime:0.000000s ]
INFO: [ app_init ] --END-- [ RunTime:0.000000s ]

[ 2016-06-16T17:39:59+08:00 ] 127.0.0.1 /ck_thinkphp/index.php/Admin/Access/changeRole?id=1
INFO: [ app_init ] --START--
INFO: Run Behavior\BuildLiteBehavior [ RunTime:0.000000s ]
INFO: [ app_init ] --END-- [ RunTime:0.001000s ]

[ 2016-06-16T17:40:16+08:00 ] 127.0.0.1 /ck_thinkphp/index.php/Admin/Access/changeRole?id=1
INFO: [ app_init ] --START--
INFO: Run Behavior\BuildLiteBehavior [ RunTime:0.000000s ]
INFO: [ app_init ] --END-- [ RunTime:0.001000s ]

[ 2016-06-16T17:42:51+08:00 ] 127.0.0.1 /ck_thinkphp/index.php/Admin/Access/changeRole?id=1
INFO: [ app_init ] --START--
INFO: Run Behavior\BuildLiteBehavior [ RunTime:0.000000s ]
INFO: [ app_init ] --END-- [ RunTime:0.001000s ]

[ 2016-06-16T17:42:52+08:00 ] 127.0.0.1 /ck_thinkphp/index.php/Admin/Access/changeRole?id=1
INFO: [ app_init ] --START--
INFO: Run Behavior\BuildLiteBehavior [ RunTime:0.000000s ]
INFO: [ app_init ] --END-- [ RunTime:0.000000s ]

[ 2016-06-16T17:42:52+08:00 ] 127.0.0.1 /ck_thinkphp/index.php/Admin/Access/changeRole?id=1
INFO: [ app_init ] --START--
INFO: Run Behavior\BuildLiteBehavior [ RunTime:0.000000s ]
INFO: [ app_init ] --END-- [ RunTime:0.000000s ]

[ 2016-06-16T17:43:10+08:00 ] 127.0.0.1 /ck_thinkphp/index.php/Admin/Access/changeRole?id=1
INFO: [ app_init ] --START--
INFO: Run Behavior\BuildLiteBehavior [ RunTime:0.000000s ]
INFO: [ app_init ] --END-- [ RunTime:0.001000s ]

[ 2016-06-16T17:43:31+08:00 ] 127.0.0.1 /ck_thinkphp/index.php/Admin/Access/changeRole?id=1
INFO: [ app_init ] --START--
INFO: Run Behavior\BuildLiteBehavior [ RunTime:0.000000s ]
INFO: [ app_init ] --END-- [ RunTime:0.001000s ]

[ 2016-06-16T17:48:02+08:00 ] 127.0.0.1 /ck_thinkphp/index.php/Admin/Access/changeRole?id=1
INFO: [ app_init ] --START--
INFO: Run Behavior\BuildLiteBehavior [ RunTime:0.000000s ]
INFO: [ app_init ] --END-- [ RunTime:0.001000s ]

[ 2016-06-16T17:50:46+08:00 ] 127.0.0.1 /ck_thinkphp/index.php/Admin/Access/changeRole?id=1
INFO: [ app_init ] --START--
INFO: Run Behavior\BuildLiteBehavior [ RunTime:0.000000s ]
INFO: [ app_init ] --END-- [ RunTime:0.001000s ]

[ 2016-06-16T17:50:56+08:00 ] 127.0.0.1 /ck_thinkphp/index.php/Admin/Access/changeRole?id=1
INFO: [ app_init ] --START--
INFO: Run Behavior\BuildLiteBehavior [ RunTime:0.000000s ]
INFO: [ app_init ] --END-- [ RunTime:0.000000s ]

[ 2016-06-16T17:52:04+08:00 ] 127.0.0.1 /ck_thinkphp/index.php/Admin/Access/changeRole?id=1
INFO: [ app_init ] --START--
INFO: Run Behavior\BuildLiteBehavior [ RunTime:0.000000s ]
INFO: [ app_init ] --END-- [ RunTime:0.001000s ]

[ 2016-06-16T17:54:00+08:00 ] 127.0.0.1 /ck_thinkphp/index.php/Admin/Access/changeRole?id=1
INFO: [ app_init ] --START--
INFO: Run Behavior\BuildLiteBehavior [ RunTime:0.000000s ]
INFO: [ app_init ] --END-- [ RunTime:0.001000s ]

[ 2016-06-16T17:54:01+08:00 ] 127.0.0.1 /ck_thinkphp/index.php/Admin/Access/changeRole?id=1
INFO: [ app_init ] --START--
INFO: Run Behavior\BuildLiteBehavior [ RunTime:0.000000s ]
INFO: [ app_init ] --END-- [ RunTime:0.001001s ]

[ 2016-06-16T17:54:21+08:00 ] 127.0.0.1 /ck_thinkphp/index.php/Admin/Access/changeRole?id=1
INFO: [ app_init ] --START--
INFO: Run Behavior\BuildLiteBehavior [ RunTime:0.001000s ]
INFO: [ app_init ] --END-- [ RunTime:0.001000s ]

[ 2016-06-16T17:54:22+08:00 ] 127.0.0.1 /ck_thinkphp/index.php/Admin/Access/changeRole?id=1
INFO: [ app_init ] --START--
INFO: Run Behavior\BuildLiteBehavior [ RunTime:0.000000s ]
INFO: [ app_init ] --END-- [ RunTime:0.000000s ]

[ 2016-06-16T17:55:26+08:00 ] 127.0.0.1 /ck_thinkphp/index.php/Admin/Access/changeRole?id=1
INFO: [ app_init ] --START--
INFO: Run Behavior\BuildLiteBehavior [ RunTime:0.000000s ]
INFO: [ app_init ] --END-- [ RunTime:0.001000s ]

[ 2016-06-16T17:55:34+08:00 ] 127.0.0.1 /ck_thinkphp/index.php/Admin/Access/changeRole?id=1
INFO: [ app_init ] --START--
INFO: Run Behavior\BuildLiteBehavior [ RunTime:0.000000s ]
INFO: [ app_init ] --END-- [ RunTime:0.001000s ]

[ 2016-06-16T17:55:35+08:00 ] 127.0.0.1 /ck_thinkphp/index.php/Admin/Access/changeRole?id=1
INFO: [ app_init ] --START--
INFO: Run Behavior\BuildLiteBehavior [ RunTime:0.000000s ]
INFO: [ app_init ] --END-- [ RunTime:0.000000s ]

[ 2016-06-16T17:56:19+08:00 ] 127.0.0.1 /ck_thinkphp/index.php/Admin/Access/changeRole?id=1
INFO: [ app_init ] --START--
INFO: Run Behavior\BuildLiteBehavior [ RunTime:0.000000s ]
INFO: [ app_init ] --END-- [ RunTime:0.000000s ]

[ 2016-06-16T17:56:59+08:00 ] 127.0.0.1 /ck_thinkphp/index.php/Admin/Access/changeRole?id=1
INFO: [ app_init ] --START--
INFO: Run Behavior\BuildLiteBehavior [ RunTime:0.000000s ]
INFO: [ app_init ] --END-- [ RunTime:0.000000s ]

[ 2016-06-16T17:57:14+08:00 ] 127.0.0.1 /ck_thinkphp/index.php/Admin/Access/changeRole?id=1
INFO: [ app_init ] --START--
INFO: Run Behavior\BuildLiteBehavior [ RunTime:0.000000s ]
INFO: [ app_init ] --END-- [ RunTime:0.001000s ]

[ 2016-06-16T17:58:17+08:00 ] 127.0.0.1 /ck_thinkphp/index.php/Admin/Access/changeRole?id=1
INFO: [ app_init ] --START--
INFO: Run Behavior\BuildLiteBehavior [ RunTime:0.001000s ]
INFO: [ app_init ] --END-- [ RunTime:0.001000s ]

[ 2016-06-16T18:02:33+08:00 ] 127.0.0.1 /ck_thinkphp/index.php/Admin/Access/changeRole?id=1
INFO: [ app_init ] --START--
INFO: Run Behavior\BuildLiteBehavior [ RunTime:0.000000s ]
INFO: [ app_init ] --END-- [ RunTime:0.000000s ]

[ 2016-06-16T18:03:32+08:00 ] 127.0.0.1 /ck_thinkphp/index.php/Admin/Access/changeRole?id=1
INFO: [ app_init ] --START--
INFO: Run Behavior\BuildLiteBehavior [ RunTime:0.000000s ]
INFO: [ app_init ] --END-- [ RunTime:0.000000s ]

[ 2016-06-16T18:03:57+08:00 ] 127.0.0.1 /ck_thinkphp/index.php/Admin/Access/changeRole?id=1
INFO: [ app_init ] --START--
INFO: Run Behavior\BuildLiteBehavior [ RunTime:0.000000s ]
INFO: [ app_init ] --END-- [ RunTime:0.000000s ]

[ 2016-06-16T18:05:55+08:00 ] 127.0.0.1 /ck_thinkphp/index.php/Admin/Access/changeRole?id=1
INFO: [ app_init ] --START--
INFO: Run Behavior\BuildLiteBehavior [ RunTime:0.000000s ]
INFO: [ app_init ] --END-- [ RunTime:0.001000s ]

[ 2016-06-16T18:05:57+08:00 ] 127.0.0.1 /ck_thinkphp/index.php/Admin/Access/changeRole?id=1
INFO: [ app_init ] --START--
INFO: Run Behavior\BuildLiteBehavior [ RunTime:0.000000s ]
INFO: [ app_init ] --END-- [ RunTime:0.001000s ]

[ 2016-06-16T18:09:07+08:00 ] 127.0.0.1 /ck_thinkphp/index.php/Admin/Access/changeRole?id=1
INFO: [ app_init ] --START--
INFO: Run Behavior\BuildLiteBehavior [ RunTime:0.000000s ]
INFO: [ app_init ] --END-- [ RunTime:0.001000s ]

[ 2016-06-16T18:09:07+08:00 ] 127.0.0.1 /ck_thinkphp/index.php/Admin/Access/changeRole?id=1
INFO: [ app_init ] --START--
INFO: Run Behavior\BuildLiteBehavior [ RunTime:0.000000s ]
INFO: [ app_init ] --END-- [ RunTime:0.001000s ]

[ 2016-06-16T18:10:08+08:00 ] 127.0.0.1 /ck_thinkphp/index.php/Admin/Access/changeRole?id=1
INFO: [ app_init ] --START--
INFO: Run Behavior\BuildLiteBehavior [ RunTime:0.000000s ]
INFO: [ app_init ] --END-- [ RunTime:0.001000s ]

[ 2016-06-16T18:11:24+08:00 ] 127.0.0.1 /ck_thinkphp/index.php/Admin/Access/changeRole?id=1
INFO: [ app_init ] --START--
INFO: Run Behavior\BuildLiteBehavior [ RunTime:0.000000s ]
INFO: [ app_init ] --END-- [ RunTime:0.001000s ]

[ 2016-06-16T18:11:27+08:00 ] 127.0.0.1 /ck_thinkphp/index.php/Admin/Public/index.html
INFO: [ app_init ] --START--
INFO: Run Behavior\BuildLiteBehavior [ RunTime:0.001000s ]
INFO: [ app_init ] --END-- [ RunTime:0.001000s ]

[ 2016-06-16T18:11:27+08:00 ] 127.0.0.1 /ck_thinkphp/index.php/Admin/Public/verify_code
INFO: [ app_init ] --START--
INFO: Run Behavior\BuildLiteBehavior [ RunTime:0.000000s ]
INFO: [ app_init ] --END-- [ RunTime:0.001000s ]

[ 2016-06-16T18:11:40+08:00 ] 127.0.0.1 /ck_thinkphp/index.php/Admin/Public/index
INFO: [ app_init ] --START--
INFO: Run Behavior\BuildLiteBehavior [ RunTime:0.000000s ]
INFO: [ app_init ] --END-- [ RunTime:0.000000s ]

[ 2016-06-16T18:11:42+08:00 ] 127.0.0.1 /ck_thinkphp/index.php/Admin/Index/index.html
INFO: [ app_init ] --START--
INFO: Run Behavior\BuildLiteBehavior [ RunTime:0.000000s ]
INFO: [ app_init ] --END-- [ RunTime:0.001000s ]

[ 2016-06-16T18:11:45+08:00 ] 127.0.0.1 /ck_thinkphp/index.php/Admin/Access/index
INFO: [ app_init ] --START--
INFO: Run Behavior\BuildLiteBehavior [ RunTime:0.000000s ]
INFO: [ app_init ] --END-- [ RunTime:0.001000s ]

[ 2016-06-16T18:11:47+08:00 ] 127.0.0.1 /ck_thinkphp/index.php/Admin/Access/roleList
INFO: [ app_init ] --START--
INFO: Run Behavior\BuildLiteBehavior [ RunTime:0.000000s ]
INFO: [ app_init ] --END-- [ RunTime:0.000000s ]

[ 2016-06-16T18:11:50+08:00 ] 127.0.0.1 /ck_thinkphp/index.php/Admin/Access/editRole?id=1
INFO: [ app_init ] --START--
INFO: Run Behavior\BuildLiteBehavior [ RunTime:0.000000s ]
INFO: [ app_init ] --END-- [ RunTime:0.001000s ]

[ 2016-06-16T18:11:53+08:00 ] 127.0.0.1 /ck_thinkphp/index.php/Admin/Access/changeRole?id=1
INFO: [ app_init ] --START--
INFO: Run Behavior\BuildLiteBehavior [ RunTime:0.001000s ]
INFO: [ app_init ] --END-- [ RunTime:0.001000s ]

[ 2016-06-16T18:12:12+08:00 ] 127.0.0.1 /ck_thinkphp/index.php/Admin/Access/changeRole?id=1
INFO: [ app_init ] --START--
INFO: Run Behavior\BuildLiteBehavior [ RunTime:0.000000s ]
INFO: [ app_init ] --END-- [ RunTime:0.001000s ]

[ 2016-06-16T18:23:18+08:00 ] 127.0.0.1 /ck_thinkphp/index.php/Admin/Access/changeRole?id=1
INFO: [ app_init ] --START--
INFO: Run Behavior\BuildLiteBehavior [ RunTime:0.000000s ]
INFO: [ app_init ] --END-- [ RunTime:0.000000s ]

[ 2016-06-16T18:26:11+08:00 ] 127.0.0.1 /ck_thinkphp/index.php/Admin/Access/changeRole?id=1
INFO: [ app_init ] --START--
INFO: Run Behavior\BuildLiteBehavior [ RunTime:0.000000s ]
INFO: [ app_init ] --END-- [ RunTime:0.001000s ]

[ 2016-06-16T18:32:28+08:00 ] 127.0.0.1 /ck_thinkphp/index.php/Admin/Access/changeRole?id=1
INFO: [ app_init ] --START--
INFO: Run Behavior\BuildLiteBehavior [ RunTime:0.000000s ]
INFO: [ app_init ] --END-- [ RunTime:0.001000s ]

[ 2016-06-16T18:35:01+08:00 ] 127.0.0.1 /ck_thinkphp/index.php/Admin/Access/changeRole?id=1
INFO: [ app_init ] --START--
INFO: Run Behavior\BuildLiteBehavior [ RunTime:0.000000s ]
INFO: [ app_init ] --END-- [ RunTime:0.001000s ]

[ 2016-06-16T18:35:11+08:00 ] 127.0.0.1 /ck_thinkphp/index.php/Admin/Access/changeRole?id=1
INFO: [ app_init ] --START--
INFO: Run Behavior\BuildLiteBehavior [ RunTime:0.000000s ]
INFO: [ app_init ] --END-- [ RunTime:0.001000s ]

[ 2016-06-16T18:35:34+08:00 ] 127.0.0.1 /ck_thinkphp/index.php/Admin/Access/changeRole?id=1
INFO: [ app_init ] --START--
INFO: Run Behavior\BuildLiteBehavior [ RunTime:0.000000s ]
INFO: [ app_init ] --END-- [ RunTime:0.001000s ]

[ 2016-06-16T18:35:59+08:00 ] 127.0.0.1 /ck_thinkphp/index.php/Admin/Access/changeRole?id=1
INFO: [ app_init ] --START--
INFO: Run Behavior\BuildLiteBehavior [ RunTime:0.000000s ]
INFO: [ app_init ] --END-- [ RunTime:0.000000s ]

[ 2016-06-16T18:36:30+08:00 ] 127.0.0.1 /ck_thinkphp/index.php/Admin/Access/changeRole?id=1
INFO: [ app_init ] --START--
INFO: Run Behavior\BuildLiteBehavior [ RunTime:0.000000s ]
INFO: [ app_init ] --END-- [ RunTime:0.001000s ]

[ 2016-06-16T18:46:16+08:00 ] 127.0.0.1 /ck_thinkphp/admin
INFO: [ app_init ] --START--
INFO: Run Behavior\BuildLiteBehavior [ RunTime:0.000000s ]
INFO: [ app_init ] --END-- [ RunTime:0.001000s ]

[ 2016-06-16T18:46:16+08:00 ] 127.0.0.1 /ck_thinkphp/index.php/Admin/Public/index.html
INFO: [ app_init ] --START--
INFO: Run Behavior\BuildLiteBehavior [ RunTime:0.000000s ]
INFO: [ app_init ] --END-- [ RunTime:0.001000s ]

[ 2016-06-16T18:46:16+08:00 ] 127.0.0.1 /ck_thinkphp/index.php/Admin/Public/verify_code
INFO: [ app_init ] --START--
INFO: Run Behavior\BuildLiteBehavior [ RunTime:0.000000s ]
INFO: [ app_init ] --END-- [ RunTime:0.000000s ]

[ 2016-06-16T18:46:16+08:00 ] 127.0.0.1 /ck_thinkphp/index.php/Admin/Public/verify_code
INFO: [ app_init ] --START--
INFO: Run Behavior\BuildLiteBehavior [ RunTime:0.000000s ]
INFO: [ app_init ] --END-- [ RunTime:0.001000s ]

[ 2016-06-16T18:46:28+08:00 ] 127.0.0.1 /ck_thinkphp/index.php/Admin/Public/index
INFO: [ app_init ] --START--
INFO: Run Behavior\BuildLiteBehavior [ RunTime:0.000000s ]
INFO: [ app_init ] --END-- [ RunTime:0.001000s ]

[ 2016-06-16T18:46:29+08:00 ] 127.0.0.1 /ck_thinkphp/index.php/Admin/Index/index.html
INFO: [ app_init ] --START--
INFO: Run Behavior\BuildLiteBehavior [ RunTime:0.000000s ]
INFO: [ app_init ] --END-- [ RunTime:0.001001s ]

[ 2016-06-16T18:46:51+08:00 ] 127.0.0.1 /ck_thinkphp/index.php/Admin/Access/index
INFO: [ app_init ] --START--
INFO: Run Behavior\BuildLiteBehavior [ RunTime:0.000000s ]
INFO: [ app_init ] --END-- [ RunTime:0.001000s ]

[ 2016-06-16T18:46:54+08:00 ] 127.0.0.1 /ck_thinkphp/index.php/Admin/SysData/index
INFO: [ app_init ] --START--
INFO: Run Behavior\BuildLiteBehavior [ RunTime:0.000000s ]
INFO: [ app_init ] --END-- [ RunTime:0.001000s ]

[ 2016-06-16T18:46:57+08:00 ] 127.0.0.1 /ck_thinkphp/index.php/Admin/Access/index
INFO: [ app_init ] --START--
INFO: Run Behavior\BuildLiteBehavior [ RunTime:0.000000s ]
INFO: [ app_init ] --END-- [ RunTime:0.001000s ]

